{"/Users/home/task-board-assignment/src/Board.tsx": {"path":"/Users/home/task-board-assignment/src/Board.tsx","all":false,"statementMap":{"0":{"start":{"line":1,"column":0},"end":{"line":1,"column":41}},"1":{"start":{"line":2,"column":0},"end":{"line":2,"column":53}},"2":{"start":{"line":3,"column":0},"end":{"line":3,"column":53}},"3":{"start":{"line":4,"column":0},"end":{"line":4,"column":49}},"4":{"start":{"line":5,"column":0},"end":{"line":5,"column":56}},"5":{"start":{"line":6,"column":0},"end":{"line":6,"column":59}},"6":{"start":{"line":7,"column":0},"end":{"line":7,"column":44}},"7":{"start":{"line":8,"column":0},"end":{"line":8,"column":56}},"8":{"start":{"line":9,"column":0},"end":{"line":9,"column":56}},"9":{"start":{"line":10,"column":0},"end":{"line":10,"column":74}},"10":{"start":{"line":11,"column":0},"end":{"line":11,"column":0}},"11":{"start":{"line":12,"column":0},"end":{"line":12,"column":54}},"12":{"start":{"line":13,"column":0},"end":{"line":13,"column":37}},"13":{"start":{"line":14,"column":0},"end":{"line":14,"column":50}},"14":{"start":{"line":15,"column":0},"end":{"line":15,"column":36}},"15":{"start":{"line":16,"column":0},"end":{"line":16,"column":1}},"16":{"start":{"line":17,"column":0},"end":{"line":17,"column":0}},"17":{"start":{"line":18,"column":0},"end":{"line":18,"column":91}},"18":{"start":{"line":19,"column":0},"end":{"line":19,"column":0}},"19":{"start":{"line":20,"column":0},"end":{"line":20,"column":33}},"20":{"start":{"line":21,"column":0},"end":{"line":21,"column":91}},"21":{"start":{"line":22,"column":0},"end":{"line":22,"column":56}},"22":{"start":{"line":23,"column":0},"end":{"line":23,"column":0}},"23":{"start":{"line":24,"column":0},"end":{"line":24,"column":26}},"24":{"start":{"line":25,"column":0},"end":{"line":25,"column":40}},"25":{"start":{"line":26,"column":0},"end":{"line":26,"column":67}},"26":{"start":{"line":27,"column":0},"end":{"line":27,"column":74}},"27":{"start":{"line":28,"column":0},"end":{"line":28,"column":57}},"28":{"start":{"line":29,"column":0},"end":{"line":29,"column":0}},"29":{"start":{"line":30,"column":0},"end":{"line":30,"column":27}},"30":{"start":{"line":31,"column":0},"end":{"line":31,"column":87}},"31":{"start":{"line":32,"column":0},"end":{"line":32,"column":38}},"32":{"start":{"line":33,"column":0},"end":{"line":33,"column":3}},"33":{"start":{"line":34,"column":0},"end":{"line":34,"column":0}},"34":{"start":{"line":35,"column":0},"end":{"line":35,"column":50}},"35":{"start":{"line":36,"column":0},"end":{"line":36,"column":68}},"36":{"start":{"line":37,"column":0},"end":{"line":37,"column":89}},"37":{"start":{"line":38,"column":0},"end":{"line":38,"column":3}},"38":{"start":{"line":39,"column":0},"end":{"line":39,"column":0}},"39":{"start":{"line":40,"column":0},"end":{"line":40,"column":55}},"40":{"start":{"line":41,"column":0},"end":{"line":41,"column":0}},"41":{"start":{"line":42,"column":0},"end":{"line":42,"column":14}},"42":{"start":{"line":43,"column":0},"end":{"line":43,"column":12}},"43":{"start":{"line":44,"column":0},"end":{"line":44,"column":48}},"44":{"start":{"line":45,"column":0},"end":{"line":45,"column":31}},"45":{"start":{"line":46,"column":0},"end":{"line":46,"column":47}},"46":{"start":{"line":47,"column":0},"end":{"line":47,"column":66}},"47":{"start":{"line":48,"column":0},"end":{"line":48,"column":45}},"48":{"start":{"line":49,"column":0},"end":{"line":49,"column":17}},"49":{"start":{"line":50,"column":0},"end":{"line":50,"column":12}},"50":{"start":{"line":51,"column":0},"end":{"line":51,"column":5}},"51":{"start":{"line":52,"column":0},"end":{"line":52,"column":0}},"52":{"start":{"line":53,"column":0},"end":{"line":53,"column":25}},"53":{"start":{"line":54,"column":0},"end":{"line":54,"column":12}},"54":{"start":{"line":55,"column":0},"end":{"line":55,"column":35}},"55":{"start":{"line":56,"column":0},"end":{"line":56,"column":25}},"56":{"start":{"line":57,"column":0},"end":{"line":57,"column":47}},"57":{"start":{"line":58,"column":0},"end":{"line":58,"column":93}},"58":{"start":{"line":59,"column":0},"end":{"line":59,"column":97}},"59":{"start":{"line":60,"column":0},"end":{"line":60,"column":12}},"60":{"start":{"line":61,"column":0},"end":{"line":61,"column":5}},"61":{"start":{"line":62,"column":0},"end":{"line":62,"column":0}},"62":{"start":{"line":63,"column":0},"end":{"line":63,"column":10}},"63":{"start":{"line":64,"column":0},"end":{"line":64,"column":6}},"64":{"start":{"line":65,"column":0},"end":{"line":65,"column":19}},"65":{"start":{"line":66,"column":0},"end":{"line":66,"column":21}},"66":{"start":{"line":67,"column":0},"end":{"line":67,"column":27}},"67":{"start":{"line":68,"column":0},"end":{"line":68,"column":32}},"68":{"start":{"line":69,"column":0},"end":{"line":69,"column":38}},"69":{"start":{"line":70,"column":0},"end":{"line":70,"column":8}},"70":{"start":{"line":71,"column":0},"end":{"line":71,"column":29}},"71":{"start":{"line":72,"column":0},"end":{"line":72,"column":31}},"72":{"start":{"line":73,"column":0},"end":{"line":73,"column":17}},"73":{"start":{"line":74,"column":0},"end":{"line":74,"column":28}},"74":{"start":{"line":75,"column":0},"end":{"line":75,"column":29}},"75":{"start":{"line":76,"column":0},"end":{"line":76,"column":31}},"76":{"start":{"line":77,"column":0},"end":{"line":77,"column":40}},"77":{"start":{"line":78,"column":0},"end":{"line":78,"column":31}},"78":{"start":{"line":79,"column":0},"end":{"line":79,"column":69}},"79":{"start":{"line":80,"column":0},"end":{"line":80,"column":64}},"80":{"start":{"line":81,"column":0},"end":{"line":81,"column":12}},"81":{"start":{"line":82,"column":0},"end":{"line":82,"column":11}},"82":{"start":{"line":83,"column":0},"end":{"line":83,"column":12}},"83":{"start":{"line":84,"column":0},"end":{"line":84,"column":17}},"84":{"start":{"line":85,"column":0},"end":{"line":85,"column":30}},"85":{"start":{"line":86,"column":0},"end":{"line":86,"column":64}},"86":{"start":{"line":87,"column":0},"end":{"line":87,"column":39}},"87":{"start":{"line":88,"column":0},"end":{"line":88,"column":27}},"88":{"start":{"line":89,"column":0},"end":{"line":89,"column":31}},"89":{"start":{"line":90,"column":0},"end":{"line":90,"column":8}},"90":{"start":{"line":91,"column":0},"end":{"line":91,"column":18}},"91":{"start":{"line":92,"column":0},"end":{"line":92,"column":21}},"92":{"start":{"line":93,"column":0},"end":{"line":93,"column":34}},"93":{"start":{"line":94,"column":0},"end":{"line":94,"column":30}},"94":{"start":{"line":95,"column":0},"end":{"line":95,"column":26}},"95":{"start":{"line":96,"column":0},"end":{"line":96,"column":50}},"96":{"start":{"line":97,"column":0},"end":{"line":97,"column":44}},"97":{"start":{"line":98,"column":0},"end":{"line":98,"column":31}},"98":{"start":{"line":99,"column":0},"end":{"line":99,"column":12}},"99":{"start":{"line":100,"column":0},"end":{"line":100,"column":28}},"100":{"start":{"line":101,"column":0},"end":{"line":101,"column":33}},"101":{"start":{"line":102,"column":0},"end":{"line":102,"column":27}},"102":{"start":{"line":103,"column":0},"end":{"line":103,"column":12}},"103":{"start":{"line":104,"column":0},"end":{"line":104,"column":10}},"104":{"start":{"line":105,"column":0},"end":{"line":105,"column":8}},"105":{"start":{"line":106,"column":0},"end":{"line":106,"column":7}},"106":{"start":{"line":107,"column":0},"end":{"line":107,"column":3}},"107":{"start":{"line":108,"column":0},"end":{"line":108,"column":1}}},"s":{"0":1,"1":1,"2":1,"3":1,"4":1,"5":1,"6":1,"7":1,"8":1,"9":1,"10":1,"11":1,"12":1,"13":1,"14":1,"15":1,"16":1,"17":1,"18":1,"19":14,"20":14,"21":14,"22":14,"23":14,"24":14,"25":14,"26":14,"27":14,"28":14,"29":14,"30":14,"31":14,"32":14,"33":14,"34":14,"35":0,"36":0,"37":0,"38":14,"39":14,"40":9,"41":9,"42":9,"43":1,"44":1,"45":1,"46":1,"47":1,"48":1,"49":1,"50":8,"51":8,"52":8,"53":8,"54":1,"55":1,"56":1,"57":1,"58":1,"59":1,"60":7,"61":7,"62":7,"63":7,"64":7,"65":7,"66":7,"67":7,"68":7,"69":7,"70":7,"71":7,"72":21,"73":21,"74":21,"75":21,"76":21,"77":21,"78":21,"79":21,"80":21,"81":7,"82":7,"83":7,"84":7,"85":14,"86":14,"87":14,"88":14,"89":14,"90":14,"91":1,"92":1,"93":1,"94":1,"95":1,"96":1,"97":1,"98":1,"99":1,"100":0,"101":0,"102":0,"103":1,"104":14,"105":14,"106":14,"107":14},"branchMap":{"0":{"type":"branch","line":20,"loc":{"start":{"line":20,"column":0},"end":{"line":108,"column":1}},"locations":[{"start":{"line":20,"column":0},"end":{"line":108,"column":1}}]},"1":{"type":"branch","line":40,"loc":{"start":{"line":40,"column":17},"end":{"line":40,"column":55}},"locations":[{"start":{"line":40,"column":17},"end":{"line":40,"column":55}}]},"2":{"type":"branch","line":40,"loc":{"start":{"line":40,"column":51},"end":{"line":43,"column":12}},"locations":[{"start":{"line":40,"column":51},"end":{"line":43,"column":12}}]},"3":{"type":"branch","line":43,"loc":{"start":{"line":43,"column":4},"end":{"line":50,"column":12}},"locations":[{"start":{"line":43,"column":4},"end":{"line":50,"column":12}}]},"4":{"type":"branch","line":48,"loc":{"start":{"line":48,"column":11},"end":{"line":48,"column":37}},"locations":[{"start":{"line":48,"column":11},"end":{"line":48,"column":37}}]},"5":{"type":"branch","line":50,"loc":{"start":{"line":50,"column":6},"end":{"line":54,"column":12}},"locations":[{"start":{"line":50,"column":6},"end":{"line":54,"column":12}}]},"6":{"type":"branch","line":54,"loc":{"start":{"line":54,"column":4},"end":{"line":60,"column":12}},"locations":[{"start":{"line":54,"column":4},"end":{"line":60,"column":12}}]},"7":{"type":"branch","line":60,"loc":{"start":{"line":60,"column":6},"end":{"line":86,"column":22}},"locations":[{"start":{"line":60,"column":6},"end":{"line":86,"column":22}}]},"8":{"type":"branch","line":86,"loc":{"start":{"line":86,"column":14},"end":{"line":86,"column":31}},"locations":[{"start":{"line":86,"column":14},"end":{"line":86,"column":31}}]},"9":{"type":"branch","line":86,"loc":{"start":{"line":86,"column":31},"end":{"line":86,"column":54}},"locations":[{"start":{"line":86,"column":31},"end":{"line":86,"column":54}}]},"10":{"type":"branch","line":86,"loc":{"start":{"line":86,"column":47},"end":{"line":86,"column":64}},"locations":[{"start":{"line":86,"column":47},"end":{"line":86,"column":64}}]},"11":{"type":"branch","line":91,"loc":{"start":{"line":91,"column":7},"end":{"line":104,"column":10}},"locations":[{"start":{"line":91,"column":7},"end":{"line":104,"column":10}}]},"12":{"type":"branch","line":31,"loc":{"start":{"line":31,"column":4},"end":{"line":31,"column":87}},"locations":[{"start":{"line":31,"column":4},"end":{"line":31,"column":87}}]},"13":{"type":"branch","line":31,"loc":{"start":{"line":31,"column":36},"end":{"line":31,"column":49}},"locations":[{"start":{"line":31,"column":36},"end":{"line":31,"column":49}}]},"14":{"type":"branch","line":47,"loc":{"start":{"line":47,"column":25},"end":{"line":47,"column":42}},"locations":[{"start":{"line":47,"column":25},"end":{"line":47,"column":42}}]},"15":{"type":"branch","line":72,"loc":{"start":{"line":72,"column":21},"end":{"line":81,"column":12}},"locations":[{"start":{"line":72,"column":21},"end":{"line":81,"column":12}}]},"16":{"type":"branch","line":95,"loc":{"start":{"line":95,"column":19},"end":{"line":99,"column":12}},"locations":[{"start":{"line":95,"column":19},"end":{"line":99,"column":12}}]}},"b":{"0":[14],"1":[5],"2":[9],"3":[1],"4":[0],"5":[8],"6":[1],"7":[7],"8":[0],"9":[0],"10":[7],"11":[1],"12":[12],"13":[5],"14":[1],"15":[21],"16":[1]},"fnMap":{"0":{"name":"Board","decl":{"start":{"line":20,"column":0},"end":{"line":108,"column":1}},"loc":{"start":{"line":20,"column":0},"end":{"line":108,"column":1}},"line":20},"1":{"name":"handleSave","decl":{"start":{"line":35,"column":21},"end":{"line":38,"column":3}},"loc":{"start":{"line":35,"column":21},"end":{"line":38,"column":3}},"line":35},"2":{"name":"onClick","decl":{"start":{"line":47,"column":25},"end":{"line":47,"column":42}},"loc":{"start":{"line":47,"column":25},"end":{"line":47,"column":42}},"line":47},"3":{"name":"onClick","decl":{"start":{"line":58,"column":25},"end":{"line":58,"column":78}},"loc":{"start":{"line":58,"column":25},"end":{"line":58,"column":78}},"line":58},"4":{"name":"onClose","decl":{"start":{"line":59,"column":52},"end":{"line":59,"column":75}},"loc":{"start":{"line":59,"column":52},"end":{"line":59,"column":75}},"line":59},"5":{"name":"onAdd","decl":{"start":{"line":79,"column":19},"end":{"line":79,"column":69}},"loc":{"start":{"line":79,"column":19},"end":{"line":79,"column":69}},"line":79},"6":{"name":"onEdit","decl":{"start":{"line":80,"column":20},"end":{"line":80,"column":64}},"loc":{"start":{"line":80,"column":20},"end":{"line":80,"column":64}},"line":80},"7":{"name":"onClose","decl":{"start":{"line":87,"column":17},"end":{"line":87,"column":39}},"loc":{"start":{"line":87,"column":17},"end":{"line":87,"column":39}},"line":87},"8":{"name":"onRetry","decl":{"start":{"line":95,"column":19},"end":{"line":99,"column":12}},"loc":{"start":{"line":95,"column":19},"end":{"line":99,"column":12}},"line":95},"9":{"name":"onDiscard","decl":{"start":{"line":100,"column":21},"end":{"line":103,"column":12}},"loc":{"start":{"line":100,"column":21},"end":{"line":103,"column":12}},"line":100}},"f":{"0":14,"1":0,"2":1,"3":0,"4":0,"5":0,"6":0,"7":0,"8":1,"9":0}}
,"/Users/home/task-board-assignment/src/api/client.ts": {"path":"/Users/home/task-board-assignment/src/api/client.ts","all":false,"statementMap":{"0":{"start":{"line":1,"column":0},"end":{"line":1,"column":36}},"1":{"start":{"line":2,"column":0},"end":{"line":2,"column":0}},"2":{"start":{"line":3,"column":0},"end":{"line":3,"column":44}},"3":{"start":{"line":4,"column":0},"end":{"line":4,"column":42}},"4":{"start":{"line":5,"column":0},"end":{"line":5,"column":45}},"5":{"start":{"line":6,"column":0},"end":{"line":6,"column":0}},"6":{"start":{"line":7,"column":0},"end":{"line":7,"column":72}},"7":{"start":{"line":8,"column":0},"end":{"line":8,"column":37}},"8":{"start":{"line":9,"column":0},"end":{"line":9,"column":16}},"9":{"start":{"line":10,"column":0},"end":{"line":10,"column":18}},"10":{"start":{"line":11,"column":0},"end":{"line":11,"column":66}},"11":{"start":{"line":12,"column":0},"end":{"line":12,"column":18}},"12":{"start":{"line":13,"column":0},"end":{"line":13,"column":26}},"13":{"start":{"line":14,"column":0},"end":{"line":14,"column":24}},"14":{"start":{"line":15,"column":0},"end":{"line":15,"column":26}},"15":{"start":{"line":16,"column":0},"end":{"line":16,"column":3}},"16":{"start":{"line":17,"column":0},"end":{"line":17,"column":1}},"17":{"start":{"line":18,"column":0},"end":{"line":18,"column":0}},"18":{"start":{"line":19,"column":0},"end":{"line":19,"column":53}},"19":{"start":{"line":20,"column":0},"end":{"line":20,"column":16}},"20":{"start":{"line":21,"column":0},"end":{"line":21,"column":31}},"21":{"start":{"line":22,"column":0},"end":{"line":22,"column":9}},"22":{"start":{"line":23,"column":0},"end":{"line":23,"column":32}},"23":{"start":{"line":24,"column":0},"end":{"line":24,"column":13}},"24":{"start":{"line":25,"column":0},"end":{"line":25,"column":19}},"25":{"start":{"line":26,"column":0},"end":{"line":26,"column":5}},"26":{"start":{"line":27,"column":0},"end":{"line":27,"column":19}},"27":{"start":{"line":28,"column":0},"end":{"line":28,"column":82}},"28":{"start":{"line":29,"column":0},"end":{"line":29,"column":52}},"29":{"start":{"line":30,"column":0},"end":{"line":30,"column":3}},"30":{"start":{"line":31,"column":0},"end":{"line":31,"column":47}},"31":{"start":{"line":32,"column":0},"end":{"line":32,"column":33}},"32":{"start":{"line":33,"column":0},"end":{"line":33,"column":1}},"33":{"start":{"line":34,"column":0},"end":{"line":34,"column":0}},"34":{"start":{"line":35,"column":0},"end":{"line":35,"column":65}},"35":{"start":{"line":36,"column":0},"end":{"line":36,"column":74}},"36":{"start":{"line":37,"column":0},"end":{"line":37,"column":1}},"37":{"start":{"line":38,"column":0},"end":{"line":38,"column":0}},"38":{"start":{"line":39,"column":0},"end":{"line":39,"column":65}},"39":{"start":{"line":40,"column":0},"end":{"line":40,"column":33}},"40":{"start":{"line":41,"column":0},"end":{"line":41,"column":19}},"41":{"start":{"line":42,"column":0},"end":{"line":42,"column":52}},"42":{"start":{"line":43,"column":0},"end":{"line":43,"column":32}},"43":{"start":{"line":44,"column":0},"end":{"line":44,"column":33}},"44":{"start":{"line":45,"column":0},"end":{"line":45,"column":1}},"45":{"start":{"line":46,"column":0},"end":{"line":46,"column":0}},"46":{"start":{"line":47,"column":0},"end":{"line":47,"column":27}},"47":{"start":{"line":48,"column":0},"end":{"line":48,"column":13}},"48":{"start":{"line":49,"column":0},"end":{"line":49,"column":45}},"49":{"start":{"line":50,"column":0},"end":{"line":50,"column":18}},"50":{"start":{"line":51,"column":0},"end":{"line":51,"column":39}},"51":{"start":{"line":52,"column":0},"end":{"line":52,"column":20}},"52":{"start":{"line":53,"column":0},"end":{"line":53,"column":52}},"53":{"start":{"line":54,"column":0},"end":{"line":54,"column":32}},"54":{"start":{"line":55,"column":0},"end":{"line":55,"column":33}},"55":{"start":{"line":56,"column":0},"end":{"line":56,"column":1}},"56":{"start":{"line":57,"column":0},"end":{"line":57,"column":0}},"57":{"start":{"line":58,"column":0},"end":{"line":58,"column":55}},"58":{"start":{"line":59,"column":0},"end":{"line":59,"column":88}},"59":{"start":{"line":60,"column":0},"end":{"line":60,"column":1}}},"s":{"0":1,"1":1,"2":1,"3":1,"4":1,"5":1,"6":1,"7":1,"8":1,"9":27,"10":1,"11":27,"12":27,"13":27,"14":27,"15":27,"16":1,"17":1,"18":0,"19":0,"20":0,"21":0,"22":0,"23":0,"24":0,"25":0,"26":0,"27":0,"28":0,"29":0,"30":0,"31":0,"32":0,"33":1,"34":1,"35":0,"36":0,"37":1,"38":1,"39":0,"40":0,"41":0,"42":0,"43":0,"44":0,"45":1,"46":1,"47":0,"48":0,"49":0,"50":0,"51":0,"52":0,"53":0,"54":0,"55":0,"56":1,"57":1,"58":0,"59":0},"branchMap":{"0":{"type":"branch","line":9,"loc":{"start":{"line":9,"column":2},"end":{"line":10,"column":18}},"locations":[{"start":{"line":9,"column":2},"end":{"line":10,"column":18}}]},"1":{"type":"branch","line":11,"loc":{"start":{"line":11,"column":2},"end":{"line":16,"column":3}},"locations":[{"start":{"line":11,"column":2},"end":{"line":16,"column":3}}]}},"b":{"0":[27],"1":[27]},"fnMap":{"0":{"name":"<instance_members_initializer>","decl":{"start":{"line":9,"column":2},"end":{"line":10,"column":18}},"loc":{"start":{"line":9,"column":2},"end":{"line":10,"column":18}},"line":9},"1":{"name":"ApiError","decl":{"start":{"line":11,"column":2},"end":{"line":16,"column":3}},"loc":{"start":{"line":11,"column":2},"end":{"line":16,"column":3}},"line":11},"2":{"name":"handle","decl":{"start":{"line":19,"column":0},"end":{"line":33,"column":1}},"loc":{"start":{"line":19,"column":0},"end":{"line":33,"column":1}},"line":19},"3":{"name":"getTasks","decl":{"start":{"line":35,"column":7},"end":{"line":37,"column":1}},"loc":{"start":{"line":35,"column":7},"end":{"line":37,"column":1}},"line":35},"4":{"name":"createTask","decl":{"start":{"line":39,"column":7},"end":{"line":45,"column":1}},"loc":{"start":{"line":39,"column":7},"end":{"line":45,"column":1}},"line":39},"5":{"name":"updateTask","decl":{"start":{"line":47,"column":7},"end":{"line":56,"column":1}},"loc":{"start":{"line":47,"column":7},"end":{"line":56,"column":1}},"line":47},"6":{"name":"deleteTask","decl":{"start":{"line":58,"column":7},"end":{"line":60,"column":1}},"loc":{"start":{"line":58,"column":7},"end":{"line":60,"column":1}},"line":58}},"f":{"0":27,"1":27,"2":0,"3":0,"4":0,"5":0,"6":0}}
,"/Users/home/task-board-assignment/src/components/BoardToolbar.tsx": {"path":"/Users/home/task-board-assignment/src/components/BoardToolbar.tsx","all":false,"statementMap":{"0":{"start":{"line":1,"column":0},"end":{"line":1,"column":40}},"1":{"start":{"line":2,"column":0},"end":{"line":2,"column":0}},"2":{"start":{"line":3,"column":0},"end":{"line":3,"column":17}},"3":{"start":{"line":4,"column":0},"end":{"line":4,"column":15}},"4":{"start":{"line":5,"column":0},"end":{"line":5,"column":28}},"5":{"start":{"line":6,"column":0},"end":{"line":6,"column":40}},"6":{"start":{"line":7,"column":0},"end":{"line":7,"column":56}},"7":{"start":{"line":8,"column":0},"end":{"line":8,"column":1}},"8":{"start":{"line":9,"column":0},"end":{"line":9,"column":0}},"9":{"start":{"line":10,"column":0},"end":{"line":10,"column":39}},"10":{"start":{"line":11,"column":0},"end":{"line":11,"column":91}},"11":{"start":{"line":12,"column":0},"end":{"line":12,"column":10}},"12":{"start":{"line":13,"column":0},"end":{"line":13,"column":35}},"13":{"start":{"line":14,"column":0},"end":{"line":14,"column":12}},"14":{"start":{"line":15,"column":0},"end":{"line":15,"column":21}},"15":{"start":{"line":16,"column":0},"end":{"line":16,"column":27}},"16":{"start":{"line":17,"column":0},"end":{"line":17,"column":21}},"17":{"start":{"line":18,"column":0},"end":{"line":18,"column":55}},"18":{"start":{"line":19,"column":0},"end":{"line":19,"column":8}},"19":{"start":{"line":20,"column":0},"end":{"line":20,"column":13}},"20":{"start":{"line":21,"column":0},"end":{"line":21,"column":24}},"21":{"start":{"line":22,"column":0},"end":{"line":22,"column":78}},"22":{"start":{"line":23,"column":0},"end":{"line":23,"column":7}},"23":{"start":{"line":24,"column":0},"end":{"line":24,"column":44}},"24":{"start":{"line":25,"column":0},"end":{"line":25,"column":42}},"25":{"start":{"line":26,"column":0},"end":{"line":26,"column":46}},"26":{"start":{"line":27,"column":0},"end":{"line":27,"column":40}},"27":{"start":{"line":28,"column":0},"end":{"line":28,"column":15}},"28":{"start":{"line":29,"column":0},"end":{"line":29,"column":10}},"29":{"start":{"line":30,"column":0},"end":{"line":30,"column":3}},"30":{"start":{"line":31,"column":0},"end":{"line":31,"column":1}}},"s":{"0":1,"1":1,"2":1,"3":1,"4":1,"5":1,"6":1,"7":1,"8":1,"9":1,"10":1,"11":6,"12":6,"13":6,"14":6,"15":6,"16":6,"17":6,"18":6,"19":6,"20":6,"21":6,"22":6,"23":6,"24":6,"25":6,"26":6,"27":6,"28":6,"29":6,"30":6},"branchMap":{"0":{"type":"branch","line":11,"loc":{"start":{"line":11,"column":7},"end":{"line":31,"column":1}},"locations":[{"start":{"line":11,"column":7},"end":{"line":31,"column":1}}]}},"b":{"0":[6]},"fnMap":{"0":{"name":"BoardToolbar","decl":{"start":{"line":11,"column":7},"end":{"line":31,"column":1}},"loc":{"start":{"line":11,"column":7},"end":{"line":31,"column":1}},"line":11},"1":{"name":"onChange","decl":{"start":{"line":18,"column":18},"end":{"line":18,"column":55}},"loc":{"start":{"line":18,"column":18},"end":{"line":18,"column":55}},"line":18},"2":{"name":"onChange","decl":{"start":{"line":22,"column":18},"end":{"line":22,"column":78}},"loc":{"start":{"line":22,"column":18},"end":{"line":22,"column":78}},"line":22}},"f":{"0":6,"1":0,"2":0}}
,"/Users/home/task-board-assignment/src/components/Card.tsx": {"path":"/Users/home/task-board-assignment/src/components/Card.tsx","all":false,"statementMap":{"0":{"start":{"line":1,"column":0},"end":{"line":1,"column":36}},"1":{"start":{"line":2,"column":0},"end":{"line":2,"column":0}},"2":{"start":{"line":3,"column":0},"end":{"line":3,"column":58}},"3":{"start":{"line":4,"column":0},"end":{"line":4,"column":15}},"4":{"start":{"line":5,"column":0},"end":{"line":5,"column":19}},"5":{"start":{"line":6,"column":0},"end":{"line":6,"column":13}},"6":{"start":{"line":7,"column":0},"end":{"line":7,"column":1}},"7":{"start":{"line":8,"column":0},"end":{"line":8,"column":0}},"8":{"start":{"line":9,"column":0},"end":{"line":9,"column":79}},"9":{"start":{"line":10,"column":0},"end":{"line":10,"column":10}},"10":{"start":{"line":11,"column":0},"end":{"line":11,"column":12}},"11":{"start":{"line":12,"column":0},"end":{"line":12,"column":50}},"12":{"start":{"line":13,"column":0},"end":{"line":13,"column":15}},"13":{"start":{"line":14,"column":0},"end":{"line":14,"column":72}},"14":{"start":{"line":15,"column":0},"end":{"line":15,"column":23}},"15":{"start":{"line":16,"column":0},"end":{"line":16,"column":5}},"16":{"start":{"line":17,"column":0},"end":{"line":17,"column":52}},"17":{"start":{"line":18,"column":0},"end":{"line":18,"column":33}},"18":{"start":{"line":19,"column":0},"end":{"line":19,"column":95}},"19":{"start":{"line":20,"column":0},"end":{"line":20,"column":85}},"20":{"start":{"line":21,"column":0},"end":{"line":21,"column":12}},"21":{"start":{"line":22,"column":0},"end":{"line":22,"column":14}},"22":{"start":{"line":23,"column":0},"end":{"line":23,"column":3}},"23":{"start":{"line":24,"column":0},"end":{"line":24,"column":1}}},"s":{"0":1,"1":1,"2":1,"3":1,"4":1,"5":1,"6":1,"7":1,"8":1,"9":8,"10":8,"11":8,"12":8,"13":8,"14":8,"15":8,"16":8,"17":8,"18":8,"19":8,"20":8,"21":8,"22":8,"23":8},"branchMap":{"0":{"type":"branch","line":9,"loc":{"start":{"line":9,"column":7},"end":{"line":24,"column":1}},"locations":[{"start":{"line":9,"column":7},"end":{"line":24,"column":1}}]}},"b":{"0":[8]},"fnMap":{"0":{"name":"Card","decl":{"start":{"line":9,"column":7},"end":{"line":24,"column":1}},"loc":{"start":{"line":9,"column":7},"end":{"line":24,"column":1}},"line":9},"1":{"name":"onDragStart","decl":{"start":{"line":14,"column":19},"end":{"line":14,"column":72}},"loc":{"start":{"line":14,"column":19},"end":{"line":14,"column":72}},"line":14}},"f":{"0":8,"1":0}}
,"/Users/home/task-board-assignment/src/components/Column.tsx": {"path":"/Users/home/task-board-assignment/src/components/Column.tsx","all":false,"statementMap":{"0":{"start":{"line":1,"column":0},"end":{"line":1,"column":30}},"1":{"start":{"line":2,"column":0},"end":{"line":2,"column":56}},"2":{"start":{"line":3,"column":0},"end":{"line":3,"column":44}},"3":{"start":{"line":4,"column":0},"end":{"line":4,"column":29}},"4":{"start":{"line":5,"column":0},"end":{"line":5,"column":0}},"5":{"start":{"line":6,"column":0},"end":{"line":6,"column":17}},"6":{"start":{"line":7,"column":0},"end":{"line":7,"column":15}},"7":{"start":{"line":8,"column":0},"end":{"line":8,"column":16}},"8":{"start":{"line":9,"column":0},"end":{"line":9,"column":15}},"9":{"start":{"line":10,"column":0},"end":{"line":10,"column":46}},"10":{"start":{"line":11,"column":0},"end":{"line":11,"column":33}},"11":{"start":{"line":12,"column":0},"end":{"line":12,"column":30}},"12":{"start":{"line":13,"column":0},"end":{"line":13,"column":1}},"13":{"start":{"line":14,"column":0},"end":{"line":14,"column":0}},"14":{"start":{"line":15,"column":0},"end":{"line":15,"column":60}},"15":{"start":{"line":16,"column":0},"end":{"line":16,"column":21}},"16":{"start":{"line":17,"column":0},"end":{"line":17,"column":0}},"17":{"start":{"line":18,"column":0},"end":{"line":18,"column":80}},"18":{"start":{"line":19,"column":0},"end":{"line":19,"column":46}},"19":{"start":{"line":20,"column":0},"end":{"line":20,"column":0}},"20":{"start":{"line":21,"column":0},"end":{"line":21,"column":71}},"21":{"start":{"line":22,"column":0},"end":{"line":22,"column":38}},"22":{"start":{"line":23,"column":0},"end":{"line":23,"column":24}},"23":{"start":{"line":24,"column":0},"end":{"line":24,"column":44}},"24":{"start":{"line":25,"column":0},"end":{"line":25,"column":35}},"25":{"start":{"line":26,"column":0},"end":{"line":26,"column":17}},"26":{"start":{"line":27,"column":0},"end":{"line":27,"column":35}},"27":{"start":{"line":28,"column":0},"end":{"line":28,"column":4}},"28":{"start":{"line":29,"column":0},"end":{"line":29,"column":0}},"29":{"start":{"line":30,"column":0},"end":{"line":30,"column":10}},"30":{"start":{"line":31,"column":0},"end":{"line":31,"column":12}},"31":{"start":{"line":32,"column":0},"end":{"line":32,"column":24}},"32":{"start":{"line":33,"column":0},"end":{"line":33,"column":44}},"33":{"start":{"line":34,"column":0},"end":{"line":34,"column":22}},"34":{"start":{"line":35,"column":0},"end":{"line":35,"column":55}},"35":{"start":{"line":36,"column":0},"end":{"line":36,"column":34}},"36":{"start":{"line":37,"column":0},"end":{"line":37,"column":8}},"37":{"start":{"line":38,"column":0},"end":{"line":38,"column":5}},"38":{"start":{"line":39,"column":0},"end":{"line":39,"column":35}},"39":{"start":{"line":40,"column":0},"end":{"line":40,"column":61}},"40":{"start":{"line":41,"column":0},"end":{"line":41,"column":15}},"41":{"start":{"line":42,"column":0},"end":{"line":42,"column":23}},"42":{"start":{"line":43,"column":0},"end":{"line":43,"column":29}},"43":{"start":{"line":44,"column":0},"end":{"line":44,"column":41}},"44":{"start":{"line":45,"column":0},"end":{"line":45,"column":39}},"45":{"start":{"line":46,"column":0},"end":{"line":46,"column":9}},"46":{"start":{"line":47,"column":0},"end":{"line":47,"column":11}},"47":{"start":{"line":48,"column":0},"end":{"line":48,"column":17}},"48":{"start":{"line":49,"column":0},"end":{"line":49,"column":11}},"49":{"start":{"line":50,"column":0},"end":{"line":50,"column":49}},"50":{"start":{"line":51,"column":0},"end":{"line":51,"column":82}},"51":{"start":{"line":52,"column":0},"end":{"line":52,"column":54}},"52":{"start":{"line":53,"column":0},"end":{"line":53,"column":16}},"53":{"start":{"line":54,"column":0},"end":{"line":54,"column":26}},"54":{"start":{"line":55,"column":0},"end":{"line":55,"column":22}},"55":{"start":{"line":56,"column":0},"end":{"line":56,"column":37}},"56":{"start":{"line":57,"column":0},"end":{"line":57,"column":23}},"57":{"start":{"line":58,"column":0},"end":{"line":58,"column":24}},"58":{"start":{"line":59,"column":0},"end":{"line":59,"column":30}},"59":{"start":{"line":60,"column":0},"end":{"line":60,"column":55}},"60":{"start":{"line":61,"column":0},"end":{"line":61,"column":16}},"61":{"start":{"line":62,"column":0},"end":{"line":62,"column":13}},"62":{"start":{"line":63,"column":0},"end":{"line":63,"column":85}},"63":{"start":{"line":64,"column":0},"end":{"line":64,"column":18}},"64":{"start":{"line":65,"column":0},"end":{"line":65,"column":13}},"65":{"start":{"line":66,"column":0},"end":{"line":66,"column":14}},"66":{"start":{"line":67,"column":0},"end":{"line":67,"column":12}},"67":{"start":{"line":68,"column":0},"end":{"line":68,"column":14}},"68":{"start":{"line":69,"column":0},"end":{"line":69,"column":3}},"69":{"start":{"line":70,"column":0},"end":{"line":70,"column":1}}},"s":{"0":1,"1":1,"2":1,"3":1,"4":1,"5":1,"6":1,"7":1,"8":1,"9":1,"10":1,"11":1,"12":1,"13":1,"14":1,"15":1,"16":1,"17":1,"18":23,"19":23,"20":23,"21":23,"22":23,"23":23,"24":23,"25":23,"26":23,"27":23,"28":23,"29":23,"30":23,"31":23,"32":23,"33":23,"34":1,"35":1,"36":1,"37":23,"38":23,"39":23,"40":23,"41":23,"42":23,"43":23,"44":23,"45":23,"46":23,"47":23,"48":23,"49":23,"50":23,"51":23,"52":8,"53":8,"54":8,"55":8,"56":8,"57":8,"58":8,"59":8,"60":8,"61":8,"62":8,"63":8,"64":23,"65":23,"66":23,"67":23,"68":23,"69":23},"branchMap":{"0":{"type":"branch","line":18,"loc":{"start":{"line":18,"column":7},"end":{"line":70,"column":1}},"locations":[{"start":{"line":18,"column":7},"end":{"line":70,"column":1}}]},"1":{"type":"branch","line":24,"loc":{"start":{"line":24,"column":22},"end":{"line":24,"column":44}},"locations":[{"start":{"line":24,"column":22},"end":{"line":24,"column":44}}]},"2":{"type":"branch","line":25,"loc":{"start":{"line":25,"column":18},"end":{"line":25,"column":35}},"locations":[{"start":{"line":25,"column":18},"end":{"line":25,"column":35}}]},"3":{"type":"branch","line":27,"loc":{"start":{"line":27,"column":16},"end":{"line":27,"column":35}},"locations":[{"start":{"line":27,"column":16},"end":{"line":27,"column":35}}]},"4":{"type":"branch","line":34,"loc":{"start":{"line":34,"column":14},"end":{"line":37,"column":8}},"locations":[{"start":{"line":34,"column":14},"end":{"line":37,"column":8}}]},"5":{"type":"branch","line":52,"loc":{"start":{"line":52,"column":45},"end":{"line":64,"column":18}},"locations":[{"start":{"line":52,"column":45},"end":{"line":64,"column":18}}]}},"b":{"0":[23],"1":[23],"2":[13],"3":[21],"4":[1],"5":[8]},"fnMap":{"0":{"name":"Column","decl":{"start":{"line":18,"column":7},"end":{"line":70,"column":1}},"loc":{"start":{"line":18,"column":7},"end":{"line":70,"column":1}},"line":18},"1":{"name":"getScrollElement","decl":{"start":{"line":24,"column":22},"end":{"line":24,"column":44}},"loc":{"start":{"line":24,"column":22},"end":{"line":24,"column":44}},"line":24},"2":{"name":"estimateSize","decl":{"start":{"line":25,"column":18},"end":{"line":25,"column":35}},"loc":{"start":{"line":25,"column":18},"end":{"line":25,"column":35}},"line":25},"3":{"name":"getItemKey","decl":{"start":{"line":27,"column":16},"end":{"line":27,"column":35}},"loc":{"start":{"line":27,"column":16},"end":{"line":27,"column":35}},"line":27},"4":{"name":"onDragOver","decl":{"start":{"line":33,"column":18},"end":{"line":33,"column":44}},"loc":{"start":{"line":33,"column":18},"end":{"line":33,"column":44}},"line":33},"5":{"name":"onDrop","decl":{"start":{"line":34,"column":14},"end":{"line":37,"column":8}},"loc":{"start":{"line":34,"column":14},"end":{"line":37,"column":8}},"line":34},"6":{"name":"onClick","decl":{"start":{"line":45,"column":19},"end":{"line":45,"column":39}},"loc":{"start":{"line":45,"column":19},"end":{"line":45,"column":39}},"line":45},"7":{"name":"onClick","decl":{"start":{"line":63,"column":52},"end":{"line":63,"column":83}},"loc":{"start":{"line":63,"column":52},"end":{"line":63,"column":83}},"line":63}},"f":{"0":23,"1":23,"2":13,"3":21,"4":0,"5":1,"6":0,"7":0}}
,"/Users/home/task-board-assignment/src/components/FailureToast.tsx": {"path":"/Users/home/task-board-assignment/src/components/FailureToast.tsx","all":false,"statementMap":{"0":{"start":{"line":1,"column":0},"end":{"line":1,"column":38}},"1":{"start":{"line":2,"column":0},"end":{"line":2,"column":70}},"2":{"start":{"line":3,"column":0},"end":{"line":3,"column":0}},"3":{"start":{"line":4,"column":0},"end":{"line":4,"column":46}},"4":{"start":{"line":5,"column":0},"end":{"line":5,"column":16}},"5":{"start":{"line":6,"column":0},"end":{"line":6,"column":31}},"6":{"start":{"line":7,"column":0},"end":{"line":7,"column":15}},"7":{"start":{"line":8,"column":0},"end":{"line":8,"column":1}},"8":{"start":{"line":9,"column":0},"end":{"line":9,"column":0}},"9":{"start":{"line":10,"column":0},"end":{"line":10,"column":45}},"10":{"start":{"line":11,"column":0},"end":{"line":11,"column":14}},"11":{"start":{"line":12,"column":0},"end":{"line":12,"column":20}},"12":{"start":{"line":13,"column":0},"end":{"line":13,"column":19}},"13":{"start":{"line":14,"column":0},"end":{"line":14,"column":15}},"14":{"start":{"line":15,"column":0},"end":{"line":15,"column":1}},"15":{"start":{"line":16,"column":0},"end":{"line":16,"column":0}},"16":{"start":{"line":17,"column":0},"end":{"line":17,"column":43}},"17":{"start":{"line":18,"column":0},"end":{"line":18,"column":45}},"18":{"start":{"line":19,"column":0},"end":{"line":19,"column":19}},"19":{"start":{"line":20,"column":0},"end":{"line":20,"column":16}},"20":{"start":{"line":21,"column":0},"end":{"line":21,"column":81}},"21":{"start":{"line":22,"column":0},"end":{"line":22,"column":18}},"22":{"start":{"line":23,"column":0},"end":{"line":23,"column":90}},"23":{"start":{"line":24,"column":0},"end":{"line":24,"column":18}},"24":{"start":{"line":25,"column":0},"end":{"line":25,"column":59}},"25":{"start":{"line":26,"column":0},"end":{"line":26,"column":18}},"26":{"start":{"line":27,"column":0},"end":{"line":27,"column":59}},"27":{"start":{"line":28,"column":0},"end":{"line":28,"column":3}},"28":{"start":{"line":29,"column":0},"end":{"line":29,"column":1}},"29":{"start":{"line":30,"column":0},"end":{"line":30,"column":0}},"30":{"start":{"line":31,"column":0},"end":{"line":31,"column":17}},"31":{"start":{"line":32,"column":0},"end":{"line":32,"column":55}},"32":{"start":{"line":33,"column":0},"end":{"line":33,"column":17}},"33":{"start":{"line":34,"column":0},"end":{"line":34,"column":49}},"34":{"start":{"line":35,"column":0},"end":{"line":35,"column":24}},"35":{"start":{"line":36,"column":0},"end":{"line":36,"column":21}},"36":{"start":{"line":37,"column":0},"end":{"line":37,"column":23}},"37":{"start":{"line":38,"column":0},"end":{"line":38,"column":1}},"38":{"start":{"line":39,"column":0},"end":{"line":39,"column":0}},"39":{"start":{"line":40,"column":0},"end":{"line":40,"column":3}},"40":{"start":{"line":41,"column":0},"end":{"line":41,"column":46}},"41":{"start":{"line":42,"column":0},"end":{"line":42,"column":39}},"42":{"start":{"line":43,"column":0},"end":{"line":43,"column":47}},"43":{"start":{"line":44,"column":0},"end":{"line":44,"column":3}},"44":{"start":{"line":45,"column":0},"end":{"line":45,"column":77}},"45":{"start":{"line":46,"column":0},"end":{"line":46,"column":28}},"46":{"start":{"line":47,"column":0},"end":{"line":47,"column":10}},"47":{"start":{"line":48,"column":0},"end":{"line":48,"column":40}},"48":{"start":{"line":49,"column":0},"end":{"line":49,"column":63}},"49":{"start":{"line":50,"column":0},"end":{"line":50,"column":12}},"50":{"start":{"line":51,"column":0},"end":{"line":51,"column":49}},"51":{"start":{"line":52,"column":0},"end":{"line":52,"column":39}},"52":{"start":{"line":53,"column":0},"end":{"line":53,"column":20}},"53":{"start":{"line":54,"column":0},"end":{"line":54,"column":13}},"54":{"start":{"line":55,"column":0},"end":{"line":55,"column":21}},"55":{"start":{"line":56,"column":0},"end":{"line":56,"column":36}},"56":{"start":{"line":57,"column":0},"end":{"line":57,"column":29}},"57":{"start":{"line":58,"column":0},"end":{"line":58,"column":46}},"58":{"start":{"line":59,"column":0},"end":{"line":59,"column":13}},"59":{"start":{"line":60,"column":0},"end":{"line":60,"column":13}},"60":{"start":{"line":61,"column":0},"end":{"line":61,"column":8}},"61":{"start":{"line":62,"column":0},"end":{"line":62,"column":21}},"62":{"start":{"line":63,"column":0},"end":{"line":63,"column":10}},"63":{"start":{"line":64,"column":0},"end":{"line":64,"column":82}},"64":{"start":{"line":65,"column":0},"end":{"line":65,"column":52}},"65":{"start":{"line":66,"column":0},"end":{"line":66,"column":11}},"66":{"start":{"line":67,"column":0},"end":{"line":67,"column":8}},"67":{"start":{"line":68,"column":0},"end":{"line":68,"column":10}},"68":{"start":{"line":69,"column":0},"end":{"line":69,"column":3}},"69":{"start":{"line":70,"column":0},"end":{"line":70,"column":1}}},"s":{"0":1,"1":1,"2":1,"3":1,"4":1,"5":1,"6":1,"7":1,"8":1,"9":1,"10":1,"11":1,"12":1,"13":1,"14":1,"15":1,"16":1,"17":7,"18":7,"19":7,"20":4,"21":7,"22":1,"23":7,"24":1,"25":7,"26":1,"27":7,"28":7,"29":1,"30":1,"31":1,"32":1,"33":1,"34":1,"35":1,"36":1,"37":1,"38":1,"39":1,"40":1,"41":1,"42":1,"43":1,"44":1,"45":6,"46":6,"47":6,"48":6,"49":6,"50":6,"51":4,"52":2,"53":6,"54":6,"55":5,"56":5,"57":7,"58":5,"59":5,"60":6,"61":6,"62":5,"63":5,"64":5,"65":5,"66":6,"67":6,"68":6,"69":6},"branchMap":{"0":{"type":"branch","line":18,"loc":{"start":{"line":18,"column":0},"end":{"line":29,"column":1}},"locations":[{"start":{"line":18,"column":0},"end":{"line":29,"column":1}}]},"1":{"type":"branch","line":20,"loc":{"start":{"line":20,"column":4},"end":{"line":21,"column":81}},"locations":[{"start":{"line":20,"column":4},"end":{"line":21,"column":81}}]},"2":{"type":"branch","line":22,"loc":{"start":{"line":22,"column":4},"end":{"line":23,"column":90}},"locations":[{"start":{"line":22,"column":4},"end":{"line":23,"column":90}}]},"3":{"type":"branch","line":24,"loc":{"start":{"line":24,"column":4},"end":{"line":25,"column":59}},"locations":[{"start":{"line":24,"column":4},"end":{"line":25,"column":59}}]},"4":{"type":"branch","line":26,"loc":{"start":{"line":26,"column":4},"end":{"line":27,"column":59}},"locations":[{"start":{"line":26,"column":4},"end":{"line":27,"column":59}}]},"5":{"type":"branch","line":23,"loc":{"start":{"line":23,"column":48},"end":{"line":23,"column":74}},"locations":[{"start":{"line":23,"column":48},"end":{"line":23,"column":74}}]},"6":{"type":"branch","line":23,"loc":{"start":{"line":23,"column":68},"end":{"line":23,"column":74}},"locations":[{"start":{"line":23,"column":68},"end":{"line":23,"column":74}}]},"7":{"type":"branch","line":45,"loc":{"start":{"line":45,"column":7},"end":{"line":70,"column":1}},"locations":[{"start":{"line":45,"column":7},"end":{"line":70,"column":1}}]},"8":{"type":"branch","line":51,"loc":{"start":{"line":51,"column":17},"end":{"line":51,"column":49}},"locations":[{"start":{"line":51,"column":17},"end":{"line":51,"column":49}}]},"9":{"type":"branch","line":51,"loc":{"start":{"line":51,"column":34},"end":{"line":52,"column":39}},"locations":[{"start":{"line":51,"column":34},"end":{"line":52,"column":39}}]},"10":{"type":"branch","line":52,"loc":{"start":{"line":52,"column":23},"end":{"line":53,"column":20}},"locations":[{"start":{"line":52,"column":23},"end":{"line":53,"column":20}}]},"11":{"type":"branch","line":55,"loc":{"start":{"line":55,"column":15},"end":{"line":60,"column":13}},"locations":[{"start":{"line":55,"column":15},"end":{"line":60,"column":13}}]},"12":{"type":"branch","line":62,"loc":{"start":{"line":62,"column":15},"end":{"line":66,"column":11}},"locations":[{"start":{"line":62,"column":15},"end":{"line":66,"column":11}}]},"13":{"type":"branch","line":64,"loc":{"start":{"line":64,"column":45},"end":{"line":64,"column":67}},"locations":[{"start":{"line":64,"column":45},"end":{"line":64,"column":67}}]},"14":{"type":"branch","line":64,"loc":{"start":{"line":64,"column":57},"end":{"line":64,"column":73}},"locations":[{"start":{"line":64,"column":57},"end":{"line":64,"column":73}}]},"15":{"type":"branch","line":57,"loc":{"start":{"line":57,"column":21},"end":{"line":58,"column":46}},"locations":[{"start":{"line":57,"column":21},"end":{"line":58,"column":46}}]}},"b":{"0":[7],"1":[4],"2":[1],"3":[1],"4":[1],"5":[2],"6":[0],"7":[6],"8":[5],"9":[4],"10":[2],"11":[5],"12":[5],"13":[1],"14":[4],"15":[7]},"fnMap":{"0":{"name":"describe","decl":{"start":{"line":18,"column":0},"end":{"line":29,"column":1}},"loc":{"start":{"line":18,"column":0},"end":{"line":29,"column":1}},"line":18},"1":{"name":"FailureToast","decl":{"start":{"line":45,"column":7},"end":{"line":70,"column":1}},"loc":{"start":{"line":45,"column":7},"end":{"line":70,"column":1}},"line":45}},"f":{"0":7,"1":6}}
,"/Users/home/task-board-assignment/src/components/TaskDialog.tsx": {"path":"/Users/home/task-board-assignment/src/components/TaskDialog.tsx","all":false,"statementMap":{"0":{"start":{"line":1,"column":0},"end":{"line":1,"column":51}},"1":{"start":{"line":2,"column":0},"end":{"line":2,"column":46}},"2":{"start":{"line":3,"column":0},"end":{"line":3,"column":0}},"3":{"start":{"line":4,"column":0},"end":{"line":4,"column":31}},"4":{"start":{"line":5,"column":0},"end":{"line":5,"column":15}},"5":{"start":{"line":6,"column":0},"end":{"line":6,"column":22}},"6":{"start":{"line":7,"column":0},"end":{"line":7,"column":20}},"7":{"start":{"line":8,"column":0},"end":{"line":8,"column":1}},"8":{"start":{"line":9,"column":0},"end":{"line":9,"column":0}},"9":{"start":{"line":10,"column":0},"end":{"line":10,"column":17}},"10":{"start":{"line":11,"column":0},"end":{"line":11,"column":57}},"11":{"start":{"line":12,"column":0},"end":{"line":12,"column":15}},"12":{"start":{"line":13,"column":0},"end":{"line":13,"column":44}},"13":{"start":{"line":14,"column":0},"end":{"line":14,"column":13}},"14":{"start":{"line":15,"column":0},"end":{"line":15,"column":21}},"15":{"start":{"line":16,"column":0},"end":{"line":16,"column":42}},"16":{"start":{"line":17,"column":0},"end":{"line":17,"column":36}},"17":{"start":{"line":18,"column":0},"end":{"line":18,"column":33}},"18":{"start":{"line":19,"column":0},"end":{"line":19,"column":1}},"19":{"start":{"line":20,"column":0},"end":{"line":20,"column":0}},"20":{"start":{"line":21,"column":0},"end":{"line":21,"column":3}},"21":{"start":{"line":22,"column":0},"end":{"line":22,"column":67}},"22":{"start":{"line":23,"column":0},"end":{"line":23,"column":36}},"23":{"start":{"line":24,"column":0},"end":{"line":24,"column":3}},"24":{"start":{"line":25,"column":0},"end":{"line":25,"column":78}},"25":{"start":{"line":26,"column":0},"end":{"line":26,"column":51}},"26":{"start":{"line":27,"column":0},"end":{"line":27,"column":40}},"27":{"start":{"line":28,"column":0},"end":{"line":28,"column":52}},"28":{"start":{"line":29,"column":0},"end":{"line":29,"column":62}},"29":{"start":{"line":30,"column":0},"end":{"line":30,"column":65}},"30":{"start":{"line":31,"column":0},"end":{"line":31,"column":0}},"31":{"start":{"line":32,"column":0},"end":{"line":32,"column":62}},"32":{"start":{"line":33,"column":0},"end":{"line":33,"column":19}},"33":{"start":{"line":34,"column":0},"end":{"line":34,"column":36}},"34":{"start":{"line":35,"column":0},"end":{"line":35,"column":23}},"35":{"start":{"line":36,"column":0},"end":{"line":36,"column":15}},"36":{"start":{"line":37,"column":0},"end":{"line":37,"column":33}},"37":{"start":{"line":38,"column":0},"end":{"line":38,"column":45}},"38":{"start":{"line":39,"column":0},"end":{"line":39,"column":45}},"39":{"start":{"line":40,"column":0},"end":{"line":40,"column":32}},"40":{"start":{"line":41,"column":0},"end":{"line":41,"column":42}},"41":{"start":{"line":42,"column":0},"end":{"line":42,"column":29}},"42":{"start":{"line":43,"column":0},"end":{"line":43,"column":20}},"43":{"start":{"line":44,"column":0},"end":{"line":44,"column":5}},"44":{"start":{"line":45,"column":0},"end":{"line":45,"column":18}},"45":{"start":{"line":46,"column":0},"end":{"line":46,"column":0}},"46":{"start":{"line":47,"column":0},"end":{"line":47,"column":45}},"47":{"start":{"line":48,"column":0},"end":{"line":48,"column":22}},"48":{"start":{"line":49,"column":0},"end":{"line":49,"column":32}},"49":{"start":{"line":50,"column":0},"end":{"line":50,"column":33}},"50":{"start":{"line":51,"column":0},"end":{"line":51,"column":86}},"51":{"start":{"line":52,"column":0},"end":{"line":52,"column":13}},"52":{"start":{"line":53,"column":0},"end":{"line":53,"column":3}},"53":{"start":{"line":54,"column":0},"end":{"line":54,"column":0}},"54":{"start":{"line":55,"column":0},"end":{"line":55,"column":32}},"55":{"start":{"line":56,"column":0},"end":{"line":56,"column":28}},"56":{"start":{"line":57,"column":0},"end":{"line":57,"column":31}},"57":{"start":{"line":58,"column":0},"end":{"line":58,"column":12}},"58":{"start":{"line":59,"column":0},"end":{"line":59,"column":5}},"59":{"start":{"line":60,"column":0},"end":{"line":60,"column":33}},"60":{"start":{"line":61,"column":0},"end":{"line":61,"column":13}},"61":{"start":{"line":62,"column":0},"end":{"line":62,"column":3}},"62":{"start":{"line":63,"column":0},"end":{"line":63,"column":0}},"63":{"start":{"line":64,"column":0},"end":{"line":64,"column":10}},"64":{"start":{"line":65,"column":0},"end":{"line":65,"column":70}},"65":{"start":{"line":66,"column":0},"end":{"line":66,"column":36}},"66":{"start":{"line":67,"column":0},"end":{"line":67,"column":44}},"67":{"start":{"line":68,"column":0},"end":{"line":68,"column":15}},"68":{"start":{"line":69,"column":0},"end":{"line":69,"column":12}},"69":{"start":{"line":70,"column":0},"end":{"line":70,"column":16}},"70":{"start":{"line":71,"column":0},"end":{"line":71,"column":25}},"71":{"start":{"line":72,"column":0},"end":{"line":72,"column":54}},"72":{"start":{"line":73,"column":0},"end":{"line":73,"column":20}},"73":{"start":{"line":74,"column":0},"end":{"line":74,"column":21}},"74":{"start":{"line":75,"column":0},"end":{"line":75,"column":12}},"75":{"start":{"line":76,"column":0},"end":{"line":76,"column":16}},"76":{"start":{"line":77,"column":0},"end":{"line":77,"column":15}},"77":{"start":{"line":78,"column":0},"end":{"line":78,"column":14}},"78":{"start":{"line":79,"column":0},"end":{"line":79,"column":93}},"79":{"start":{"line":80,"column":0},"end":{"line":80,"column":46}},"80":{"start":{"line":81,"column":0},"end":{"line":81,"column":50}},"81":{"start":{"line":82,"column":0},"end":{"line":82,"column":44}},"82":{"start":{"line":83,"column":0},"end":{"line":83,"column":19}},"83":{"start":{"line":84,"column":0},"end":{"line":84,"column":16}},"84":{"start":{"line":85,"column":0},"end":{"line":85,"column":15}},"85":{"start":{"line":86,"column":0},"end":{"line":86,"column":12}},"86":{"start":{"line":87,"column":0},"end":{"line":87,"column":91}},"87":{"start":{"line":88,"column":0},"end":{"line":88,"column":16}},"88":{"start":{"line":89,"column":0},"end":{"line":89,"column":45}},"89":{"start":{"line":90,"column":0},"end":{"line":90,"column":31}},"90":{"start":{"line":91,"column":0},"end":{"line":91,"column":51}},"91":{"start":{"line":92,"column":0},"end":{"line":92,"column":45}},"92":{"start":{"line":93,"column":0},"end":{"line":93,"column":23}},"93":{"start":{"line":94,"column":0},"end":{"line":94,"column":64}},"94":{"start":{"line":95,"column":0},"end":{"line":95,"column":18}},"95":{"start":{"line":96,"column":0},"end":{"line":96,"column":23}},"96":{"start":{"line":97,"column":0},"end":{"line":97,"column":79}},"97":{"start":{"line":98,"column":0},"end":{"line":98,"column":18}},"98":{"start":{"line":99,"column":0},"end":{"line":99,"column":23}},"99":{"start":{"line":100,"column":0},"end":{"line":100,"column":19}},"100":{"start":{"line":101,"column":0},"end":{"line":101,"column":15}},"101":{"start":{"line":102,"column":0},"end":{"line":102,"column":14}},"102":{"start":{"line":103,"column":0},"end":{"line":103,"column":24}},"103":{"start":{"line":104,"column":0},"end":{"line":104,"column":89}},"104":{"start":{"line":105,"column":0},"end":{"line":105,"column":20}},"105":{"start":{"line":106,"column":0},"end":{"line":106,"column":25}},"106":{"start":{"line":107,"column":0},"end":{"line":107,"column":16}},"107":{"start":{"line":108,"column":0},"end":{"line":108,"column":41}},"108":{"start":{"line":109,"column":0},"end":{"line":109,"column":54}},"109":{"start":{"line":110,"column":0},"end":{"line":110,"column":18}},"110":{"start":{"line":111,"column":0},"end":{"line":111,"column":23}},"111":{"start":{"line":112,"column":0},"end":{"line":112,"column":47}},"112":{"start":{"line":113,"column":0},"end":{"line":113,"column":15}},"113":{"start":{"line":114,"column":0},"end":{"line":114,"column":12}},"114":{"start":{"line":115,"column":0},"end":{"line":115,"column":14}},"115":{"start":{"line":116,"column":0},"end":{"line":116,"column":13}},"116":{"start":{"line":117,"column":0},"end":{"line":117,"column":13}},"117":{"start":{"line":118,"column":0},"end":{"line":118,"column":3}},"118":{"start":{"line":119,"column":0},"end":{"line":119,"column":1}}},"s":{"0":1,"1":1,"2":1,"3":1,"4":1,"5":1,"6":1,"7":1,"8":1,"9":1,"10":1,"11":1,"12":1,"13":1,"14":1,"15":1,"16":1,"17":1,"18":1,"19":1,"20":1,"21":1,"22":1,"23":1,"24":1,"25":22,"26":22,"27":22,"28":22,"29":22,"30":22,"31":22,"32":22,"33":9,"34":9,"35":9,"36":5,"37":5,"38":5,"39":5,"40":5,"41":9,"42":0,"43":0,"44":22,"45":22,"46":22,"47":1,"48":1,"49":1,"50":1,"51":1,"52":1,"53":22,"54":22,"55":3,"56":2,"57":2,"58":2,"59":1,"60":1,"61":3,"62":22,"63":22,"64":22,"65":22,"66":22,"67":22,"68":22,"69":22,"70":22,"71":22,"72":22,"73":22,"74":22,"75":22,"76":22,"77":22,"78":22,"79":22,"80":22,"81":22,"82":22,"83":22,"84":22,"85":22,"86":22,"87":22,"88":22,"89":22,"90":2,"91":2,"92":2,"93":2,"94":2,"95":2,"96":2,"97":2,"98":2,"99":2,"100":20,"101":20,"102":20,"103":7,"104":7,"105":7,"106":20,"107":20,"108":20,"109":20,"110":20,"111":20,"112":20,"113":22,"114":22,"115":22,"116":22,"117":22,"118":22},"branchMap":{"0":{"type":"branch","line":25,"loc":{"start":{"line":25,"column":7},"end":{"line":119,"column":1}},"locations":[{"start":{"line":25,"column":7},"end":{"line":119,"column":1}}]},"1":{"type":"branch","line":67,"loc":{"start":{"line":67,"column":13},"end":{"line":67,"column":31}},"locations":[{"start":{"line":67,"column":13},"end":{"line":67,"column":31}}]},"2":{"type":"branch","line":67,"loc":{"start":{"line":67,"column":20},"end":{"line":67,"column":39}},"locations":[{"start":{"line":67,"column":20},"end":{"line":67,"column":39}}]},"3":{"type":"branch","line":90,"loc":{"start":{"line":90,"column":11},"end":{"line":100,"column":19}},"locations":[{"start":{"line":90,"column":11},"end":{"line":100,"column":19}}]},"4":{"type":"branch","line":100,"loc":{"start":{"line":100,"column":12},"end":{"line":113,"column":15}},"locations":[{"start":{"line":100,"column":12},"end":{"line":113,"column":15}}]},"5":{"type":"branch","line":103,"loc":{"start":{"line":103,"column":15},"end":{"line":106,"column":25}},"locations":[{"start":{"line":103,"column":15},"end":{"line":106,"column":25}}]},"6":{"type":"branch","line":33,"loc":{"start":{"line":33,"column":12},"end":{"line":45,"column":5}},"locations":[{"start":{"line":33,"column":12},"end":{"line":45,"column":5}}]},"7":{"type":"branch","line":35,"loc":{"start":{"line":35,"column":17},"end":{"line":35,"column":23}},"locations":[{"start":{"line":35,"column":17},"end":{"line":35,"column":23}}]},"8":{"type":"branch","line":36,"loc":{"start":{"line":36,"column":14},"end":{"line":42,"column":15}},"locations":[{"start":{"line":36,"column":14},"end":{"line":42,"column":15}}]},"9":{"type":"branch","line":37,"loc":{"start":{"line":37,"column":15},"end":{"line":37,"column":30}},"locations":[{"start":{"line":37,"column":15},"end":{"line":37,"column":30}}]},"10":{"type":"branch","line":37,"loc":{"start":{"line":37,"column":21},"end":{"line":37,"column":32}},"locations":[{"start":{"line":37,"column":21},"end":{"line":37,"column":32}}]},"11":{"type":"branch","line":38,"loc":{"start":{"line":38,"column":21},"end":{"line":38,"column":42}},"locations":[{"start":{"line":38,"column":21},"end":{"line":38,"column":42}}]},"12":{"type":"branch","line":38,"loc":{"start":{"line":38,"column":27},"end":{"line":38,"column":44}},"locations":[{"start":{"line":38,"column":27},"end":{"line":38,"column":44}}]},"13":{"type":"branch","line":39,"loc":{"start":{"line":39,"column":18},"end":{"line":39,"column":36}},"locations":[{"start":{"line":39,"column":18},"end":{"line":39,"column":36}}]},"14":{"type":"branch","line":39,"loc":{"start":{"line":39,"column":24},"end":{"line":39,"column":44}},"locations":[{"start":{"line":39,"column":24},"end":{"line":39,"column":44}}]},"15":{"type":"branch","line":42,"loc":{"start":{"line":42,"column":4},"end":{"line":44,"column":5}},"locations":[{"start":{"line":42,"column":4},"end":{"line":44,"column":5}}]},"16":{"type":"branch","line":42,"loc":{"start":{"line":42,"column":28},"end":{"line":44,"column":5}},"locations":[{"start":{"line":42,"column":28},"end":{"line":44,"column":5}}]},"17":{"type":"branch","line":47,"loc":{"start":{"line":47,"column":2},"end":{"line":53,"column":3}},"locations":[{"start":{"line":47,"column":2},"end":{"line":53,"column":3}}]},"18":{"type":"branch","line":50,"loc":{"start":{"line":50,"column":18},"end":{"line":50,"column":33}},"locations":[{"start":{"line":50,"column":18},"end":{"line":50,"column":33}}]},"19":{"type":"branch","line":51,"loc":{"start":{"line":51,"column":59},"end":{"line":51,"column":75}},"locations":[{"start":{"line":51,"column":59},"end":{"line":51,"column":75}}]},"20":{"type":"branch","line":55,"loc":{"start":{"line":55,"column":2},"end":{"line":62,"column":3}},"locations":[{"start":{"line":55,"column":2},"end":{"line":62,"column":3}}]},"21":{"type":"branch","line":56,"loc":{"start":{"line":56,"column":27},"end":{"line":59,"column":5}},"locations":[{"start":{"line":56,"column":27},"end":{"line":59,"column":5}}]},"22":{"type":"branch","line":59,"loc":{"start":{"line":59,"column":4},"end":{"line":61,"column":13}},"locations":[{"start":{"line":59,"column":4},"end":{"line":61,"column":13}}]},"23":{"type":"branch","line":72,"loc":{"start":{"line":72,"column":22},"end":{"line":72,"column":54}},"locations":[{"start":{"line":72,"column":22},"end":{"line":72,"column":54}}]},"24":{"type":"branch","line":79,"loc":{"start":{"line":79,"column":45},"end":{"line":79,"column":93}},"locations":[{"start":{"line":79,"column":45},"end":{"line":79,"column":93}}]},"25":{"type":"branch","line":87,"loc":{"start":{"line":87,"column":50},"end":{"line":87,"column":89}},"locations":[{"start":{"line":87,"column":50},"end":{"line":87,"column":89}}]},"26":{"type":"branch","line":97,"loc":{"start":{"line":97,"column":45},"end":{"line":97,"column":79}},"locations":[{"start":{"line":97,"column":45},"end":{"line":97,"column":79}}]}},"b":{"0":[22],"1":[9],"2":[13],"3":[2],"4":[20],"5":[7],"6":[9],"7":[0],"8":[5],"9":[3],"10":[2],"11":[3],"12":[2],"13":[3],"14":[2],"15":[4],"16":[0],"17":[1],"18":[0],"19":[0],"20":[3],"21":[2],"22":[1],"23":[1],"24":[1],"25":[1],"26":[1]},"fnMap":{"0":{"name":"TaskDialog","decl":{"start":{"line":25,"column":7},"end":{"line":119,"column":1}},"loc":{"start":{"line":25,"column":7},"end":{"line":119,"column":1}},"line":25},"1":{"name":"handleSubmit","decl":{"start":{"line":47,"column":2},"end":{"line":53,"column":3}},"loc":{"start":{"line":47,"column":2},"end":{"line":53,"column":3}},"line":47},"2":{"name":"handleDeleteClick","decl":{"start":{"line":55,"column":2},"end":{"line":62,"column":3}},"loc":{"start":{"line":55,"column":2},"end":{"line":62,"column":3}},"line":55},"3":{"name":"onChange","decl":{"start":{"line":72,"column":22},"end":{"line":72,"column":54}},"loc":{"start":{"line":72,"column":22},"end":{"line":72,"column":54}},"line":72},"4":{"name":"onChange","decl":{"start":{"line":79,"column":45},"end":{"line":79,"column":93}},"loc":{"start":{"line":79,"column":45},"end":{"line":79,"column":93}},"line":79},"5":{"name":"onChange","decl":{"start":{"line":87,"column":50},"end":{"line":87,"column":89}},"loc":{"start":{"line":87,"column":50},"end":{"line":87,"column":89}},"line":87},"6":{"name":"onClick","decl":{"start":{"line":97,"column":45},"end":{"line":97,"column":79}},"loc":{"start":{"line":97,"column":45},"end":{"line":97,"column":79}},"line":97}},"f":{"0":22,"1":1,"2":3,"3":1,"4":1,"5":1,"6":1}}
,"/Users/home/task-board-assignment/src/hooks/useTaskSync.ts": {"path":"/Users/home/task-board-assignment/src/hooks/useTaskSync.ts","all":false,"statementMap":{"0":{"start":{"line":1,"column":0},"end":{"line":1,"column":60}},"1":{"start":{"line":2,"column":0},"end":{"line":2,"column":54}},"2":{"start":{"line":3,"column":0},"end":{"line":3,"column":36}},"3":{"start":{"line":4,"column":0},"end":{"line":4,"column":66}},"4":{"start":{"line":5,"column":0},"end":{"line":5,"column":70}},"5":{"start":{"line":6,"column":0},"end":{"line":6,"column":43}},"6":{"start":{"line":7,"column":0},"end":{"line":7,"column":0}},"7":{"start":{"line":8,"column":0},"end":{"line":8,"column":3}},"8":{"start":{"line":9,"column":0},"end":{"line":9,"column":52}},"9":{"start":{"line":10,"column":0},"end":{"line":10,"column":54}},"10":{"start":{"line":11,"column":0},"end":{"line":11,"column":49}},"11":{"start":{"line":12,"column":0},"end":{"line":12,"column":3}},"12":{"start":{"line":13,"column":0},"end":{"line":13,"column":89}},"13":{"start":{"line":14,"column":0},"end":{"line":14,"column":0}},"14":{"start":{"line":15,"column":0},"end":{"line":15,"column":62}},"15":{"start":{"line":16,"column":0},"end":{"line":16,"column":88}},"16":{"start":{"line":17,"column":0},"end":{"line":17,"column":53}},"17":{"start":{"line":18,"column":0},"end":{"line":18,"column":42}},"18":{"start":{"line":19,"column":0},"end":{"line":19,"column":26}},"19":{"start":{"line":20,"column":0},"end":{"line":20,"column":1}},"20":{"start":{"line":21,"column":0},"end":{"line":21,"column":0}},"21":{"start":{"line":22,"column":0},"end":{"line":22,"column":54}},"22":{"start":{"line":23,"column":0},"end":{"line":23,"column":82}},"23":{"start":{"line":24,"column":0},"end":{"line":24,"column":0}},"24":{"start":{"line":25,"column":0},"end":{"line":25,"column":37}},"25":{"start":{"line":26,"column":0},"end":{"line":26,"column":0}},"26":{"start":{"line":27,"column":0},"end":{"line":27,"column":3}},"27":{"start":{"line":28,"column":0},"end":{"line":28,"column":52}},"28":{"start":{"line":29,"column":0},"end":{"line":29,"column":43}},"29":{"start":{"line":30,"column":0},"end":{"line":30,"column":34}},"30":{"start":{"line":31,"column":0},"end":{"line":31,"column":3}},"31":{"start":{"line":32,"column":0},"end":{"line":32,"column":31}},"32":{"start":{"line":33,"column":0},"end":{"line":33,"column":38}},"33":{"start":{"line":34,"column":0},"end":{"line":34,"column":63}},"34":{"start":{"line":35,"column":0},"end":{"line":35,"column":38}},"35":{"start":{"line":36,"column":0},"end":{"line":36,"column":0}},"36":{"start":{"line":37,"column":0},"end":{"line":37,"column":45}},"37":{"start":{"line":38,"column":0},"end":{"line":38,"column":66}},"38":{"start":{"line":39,"column":0},"end":{"line":39,"column":58}},"39":{"start":{"line":40,"column":0},"end":{"line":40,"column":0}},"40":{"start":{"line":41,"column":0},"end":{"line":41,"column":73}},"41":{"start":{"line":42,"column":0},"end":{"line":42,"column":74}},"42":{"start":{"line":43,"column":0},"end":{"line":43,"column":0}},"43":{"start":{"line":44,"column":0},"end":{"line":44,"column":24}},"44":{"start":{"line":45,"column":0},"end":{"line":45,"column":9}},"45":{"start":{"line":46,"column":0},"end":{"line":46,"column":23}},"46":{"start":{"line":47,"column":0},"end":{"line":47,"column":30}},"47":{"start":{"line":48,"column":0},"end":{"line":48,"column":30}},"48":{"start":{"line":49,"column":0},"end":{"line":49,"column":83}},"49":{"start":{"line":50,"column":0},"end":{"line":50,"column":98}},"50":{"start":{"line":51,"column":0},"end":{"line":51,"column":30}},"51":{"start":{"line":52,"column":0},"end":{"line":52,"column":29}},"52":{"start":{"line":53,"column":0},"end":{"line":53,"column":31}},"53":{"start":{"line":54,"column":0},"end":{"line":54,"column":25}},"54":{"start":{"line":55,"column":0},"end":{"line":55,"column":80}},"55":{"start":{"line":56,"column":0},"end":{"line":56,"column":28}},"56":{"start":{"line":57,"column":0},"end":{"line":57,"column":65}},"57":{"start":{"line":58,"column":0},"end":{"line":58,"column":34}},"58":{"start":{"line":59,"column":0},"end":{"line":59,"column":61}},"59":{"start":{"line":60,"column":0},"end":{"line":60,"column":92}},"60":{"start":{"line":61,"column":0},"end":{"line":61,"column":13}},"61":{"start":{"line":62,"column":0},"end":{"line":62,"column":25}},"62":{"start":{"line":63,"column":0},"end":{"line":63,"column":63}},"63":{"start":{"line":64,"column":0},"end":{"line":64,"column":45}},"64":{"start":{"line":65,"column":0},"end":{"line":65,"column":12}},"65":{"start":{"line":66,"column":0},"end":{"line":66,"column":59}},"66":{"start":{"line":67,"column":0},"end":{"line":67,"column":39}},"67":{"start":{"line":68,"column":0},"end":{"line":68,"column":54}},"68":{"start":{"line":69,"column":0},"end":{"line":69,"column":28}},"69":{"start":{"line":70,"column":0},"end":{"line":70,"column":28}},"70":{"start":{"line":71,"column":0},"end":{"line":71,"column":62}},"71":{"start":{"line":72,"column":0},"end":{"line":72,"column":57}},"72":{"start":{"line":73,"column":0},"end":{"line":73,"column":62}},"73":{"start":{"line":74,"column":0},"end":{"line":74,"column":12}},"74":{"start":{"line":75,"column":0},"end":{"line":75,"column":10}},"75":{"start":{"line":76,"column":0},"end":{"line":76,"column":46}},"76":{"start":{"line":77,"column":0},"end":{"line":77,"column":29}},"77":{"start":{"line":78,"column":0},"end":{"line":78,"column":20}},"78":{"start":{"line":79,"column":0},"end":{"line":79,"column":24}},"79":{"start":{"line":80,"column":0},"end":{"line":80,"column":44}},"80":{"start":{"line":81,"column":0},"end":{"line":81,"column":83}},"81":{"start":{"line":82,"column":0},"end":{"line":82,"column":13}},"82":{"start":{"line":83,"column":0},"end":{"line":83,"column":50}},"83":{"start":{"line":84,"column":0},"end":{"line":84,"column":49}},"84":{"start":{"line":85,"column":0},"end":{"line":85,"column":32}},"85":{"start":{"line":86,"column":0},"end":{"line":86,"column":80}},"86":{"start":{"line":87,"column":0},"end":{"line":87,"column":10}},"87":{"start":{"line":88,"column":0},"end":{"line":88,"column":9}},"88":{"start":{"line":89,"column":0},"end":{"line":89,"column":18}},"89":{"start":{"line":90,"column":0},"end":{"line":90,"column":3}},"90":{"start":{"line":91,"column":0},"end":{"line":91,"column":26}},"91":{"start":{"line":92,"column":0},"end":{"line":92,"column":0}},"92":{"start":{"line":93,"column":0},"end":{"line":93,"column":36}},"93":{"start":{"line":94,"column":0},"end":{"line":94,"column":50}},"94":{"start":{"line":95,"column":0},"end":{"line":95,"column":37}},"95":{"start":{"line":96,"column":0},"end":{"line":96,"column":19}},"96":{"start":{"line":97,"column":0},"end":{"line":97,"column":75}},"97":{"start":{"line":98,"column":0},"end":{"line":98,"column":54}},"98":{"start":{"line":99,"column":0},"end":{"line":99,"column":32}},"99":{"start":{"line":100,"column":0},"end":{"line":100,"column":57}},"100":{"start":{"line":101,"column":0},"end":{"line":101,"column":24}},"101":{"start":{"line":102,"column":0},"end":{"line":102,"column":61}},"102":{"start":{"line":103,"column":0},"end":{"line":103,"column":30}},"103":{"start":{"line":104,"column":0},"end":{"line":104,"column":77}},"104":{"start":{"line":105,"column":0},"end":{"line":105,"column":63}},"105":{"start":{"line":106,"column":0},"end":{"line":106,"column":49}},"106":{"start":{"line":107,"column":0},"end":{"line":107,"column":51}},"107":{"start":{"line":108,"column":0},"end":{"line":108,"column":16}},"108":{"start":{"line":109,"column":0},"end":{"line":109,"column":66}},"109":{"start":{"line":110,"column":0},"end":{"line":110,"column":8}},"110":{"start":{"line":111,"column":0},"end":{"line":111,"column":5}},"111":{"start":{"line":112,"column":0},"end":{"line":112,"column":50}},"112":{"start":{"line":113,"column":0},"end":{"line":113,"column":18}},"113":{"start":{"line":114,"column":0},"end":{"line":114,"column":31}},"114":{"start":{"line":115,"column":0},"end":{"line":115,"column":21}},"115":{"start":{"line":116,"column":0},"end":{"line":116,"column":5}},"116":{"start":{"line":117,"column":0},"end":{"line":117,"column":19}},"117":{"start":{"line":118,"column":0},"end":{"line":118,"column":0}},"118":{"start":{"line":119,"column":0},"end":{"line":119,"column":37}},"119":{"start":{"line":120,"column":0},"end":{"line":120,"column":44}},"120":{"start":{"line":121,"column":0},"end":{"line":121,"column":44}},"121":{"start":{"line":122,"column":0},"end":{"line":122,"column":40}},"122":{"start":{"line":123,"column":0},"end":{"line":123,"column":19}},"123":{"start":{"line":124,"column":0},"end":{"line":124,"column":46}},"124":{"start":{"line":125,"column":0},"end":{"line":125,"column":47}},"125":{"start":{"line":126,"column":0},"end":{"line":126,"column":63}},"126":{"start":{"line":127,"column":0},"end":{"line":127,"column":13}},"127":{"start":{"line":128,"column":0},"end":{"line":128,"column":0}},"128":{"start":{"line":129,"column":0},"end":{"line":129,"column":64}},"129":{"start":{"line":130,"column":0},"end":{"line":130,"column":1}}},"s":{"0":1,"1":1,"2":1,"3":1,"4":1,"5":1,"6":1,"7":1,"8":1,"9":1,"10":1,"11":1,"12":1,"13":1,"14":1,"15":4,"16":4,"17":4,"18":4,"19":4,"20":1,"21":1,"22":1,"23":1,"24":1,"25":1,"26":1,"27":1,"28":1,"29":1,"30":1,"31":1,"32":24,"33":24,"34":24,"35":24,"36":24,"37":24,"38":24,"39":24,"40":24,"41":24,"42":24,"43":24,"44":24,"45":11,"46":11,"47":11,"48":5,"49":11,"50":11,"51":11,"52":11,"53":11,"54":15,"55":11,"56":19,"57":19,"58":19,"59":19,"60":19,"61":11,"62":0,"63":0,"64":0,"65":11,"66":11,"67":9,"68":5,"69":5,"70":3,"71":5,"72":5,"73":5,"74":9,"75":11,"76":4,"77":4,"78":4,"79":4,"80":4,"81":4,"82":4,"83":4,"84":4,"85":4,"86":4,"87":11,"88":24,"89":24,"90":24,"91":24,"92":24,"93":24,"94":24,"95":24,"96":11,"97":11,"98":11,"99":11,"100":3,"101":3,"102":3,"103":3,"104":3,"105":3,"106":3,"107":1,"108":2,"109":3,"110":3,"111":11,"112":11,"113":11,"114":11,"115":11,"116":24,"117":24,"118":24,"119":24,"120":24,"121":24,"122":24,"123":11,"124":11,"125":11,"126":24,"127":24,"128":24,"129":24},"branchMap":{"0":{"type":"branch","line":16,"loc":{"start":{"line":16,"column":0},"end":{"line":20,"column":1}},"locations":[{"start":{"line":16,"column":0},"end":{"line":20,"column":1}}]},"1":{"type":"branch","line":18,"loc":{"start":{"line":18,"column":25},"end":{"line":18,"column":42}},"locations":[{"start":{"line":18,"column":25},"end":{"line":18,"column":42}}]},"2":{"type":"branch","line":17,"loc":{"start":{"line":17,"column":34},"end":{"line":17,"column":51}},"locations":[{"start":{"line":17,"column":34},"end":{"line":17,"column":51}}]},"3":{"type":"branch","line":32,"loc":{"start":{"line":32,"column":7},"end":{"line":130,"column":1}},"locations":[{"start":{"line":32,"column":7},"end":{"line":130,"column":1}}]},"4":{"type":"branch","line":45,"loc":{"start":{"line":45,"column":4},"end":{"line":88,"column":9}},"locations":[{"start":{"line":45,"column":4},"end":{"line":88,"column":9}}]},"5":{"type":"branch","line":48,"loc":{"start":{"line":48,"column":21},"end":{"line":49,"column":83}},"locations":[{"start":{"line":48,"column":21},"end":{"line":49,"column":83}}]},"6":{"type":"branch","line":54,"loc":{"start":{"line":54,"column":18},"end":{"line":55,"column":80}},"locations":[{"start":{"line":54,"column":18},"end":{"line":55,"column":80}}]},"7":{"type":"branch","line":55,"loc":{"start":{"line":55,"column":60},"end":{"line":55,"column":78}},"locations":[{"start":{"line":55,"column":60},"end":{"line":55,"column":78}}]},"8":{"type":"branch","line":56,"loc":{"start":{"line":56,"column":19},"end":{"line":61,"column":13}},"locations":[{"start":{"line":56,"column":19},"end":{"line":61,"column":13}}]},"9":{"type":"branch","line":57,"loc":{"start":{"line":57,"column":54},"end":{"line":61,"column":11}},"locations":[{"start":{"line":57,"column":54},"end":{"line":61,"column":11}}]},"10":{"type":"branch","line":58,"loc":{"start":{"line":58,"column":23},"end":{"line":58,"column":34}},"locations":[{"start":{"line":58,"column":23},"end":{"line":58,"column":34}}]},"11":{"type":"branch","line":60,"loc":{"start":{"line":60,"column":73},"end":{"line":60,"column":92}},"locations":[{"start":{"line":60,"column":73},"end":{"line":60,"column":92}}]},"12":{"type":"branch","line":59,"loc":{"start":{"line":59,"column":37},"end":{"line":59,"column":60}},"locations":[{"start":{"line":59,"column":37},"end":{"line":59,"column":60}}]},"13":{"type":"branch","line":60,"loc":{"start":{"line":60,"column":37},"end":{"line":60,"column":73}},"locations":[{"start":{"line":60,"column":37},"end":{"line":60,"column":73}}]},"14":{"type":"branch","line":60,"loc":{"start":{"line":60,"column":59},"end":{"line":60,"column":71}},"locations":[{"start":{"line":60,"column":59},"end":{"line":60,"column":71}}]},"15":{"type":"branch","line":60,"loc":{"start":{"line":60,"column":64},"end":{"line":60,"column":73}},"locations":[{"start":{"line":60,"column":64},"end":{"line":60,"column":73}}]},"16":{"type":"branch","line":67,"loc":{"start":{"line":67,"column":25},"end":{"line":75,"column":10}},"locations":[{"start":{"line":67,"column":25},"end":{"line":75,"column":10}}]},"17":{"type":"branch","line":68,"loc":{"start":{"line":68,"column":19},"end":{"line":74,"column":12}},"locations":[{"start":{"line":68,"column":19},"end":{"line":74,"column":12}}]},"18":{"type":"branch","line":68,"loc":{"start":{"line":68,"column":19},"end":{"line":68,"column":54}},"locations":[{"start":{"line":68,"column":19},"end":{"line":68,"column":54}}]},"19":{"type":"branch","line":68,"loc":{"start":{"line":68,"column":19},"end":{"line":74,"column":12}},"locations":[{"start":{"line":68,"column":19},"end":{"line":74,"column":12}}]},"20":{"type":"branch","line":69,"loc":{"start":{"line":69,"column":20},"end":{"line":74,"column":11}},"locations":[{"start":{"line":69,"column":20},"end":{"line":74,"column":11}}]},"21":{"type":"branch","line":70,"loc":{"start":{"line":70,"column":20},"end":{"line":72,"column":56}},"locations":[{"start":{"line":70,"column":20},"end":{"line":72,"column":56}}]},"22":{"type":"branch","line":70,"loc":{"start":{"line":70,"column":20},"end":{"line":70,"column":28}},"locations":[{"start":{"line":70,"column":20},"end":{"line":70,"column":28}}]},"23":{"type":"branch","line":72,"loc":{"start":{"line":72,"column":49},"end":{"line":72,"column":57}},"locations":[{"start":{"line":72,"column":49},"end":{"line":72,"column":57}}]},"24":{"type":"branch","line":72,"loc":{"start":{"line":72,"column":56},"end":{"line":73,"column":40}},"locations":[{"start":{"line":72,"column":56},"end":{"line":73,"column":40}}]},"25":{"type":"branch","line":73,"loc":{"start":{"line":73,"column":36},"end":{"line":73,"column":47}},"locations":[{"start":{"line":73,"column":36},"end":{"line":73,"column":47}}]},"26":{"type":"branch","line":73,"loc":{"start":{"line":73,"column":40},"end":{"line":73,"column":62}},"locations":[{"start":{"line":73,"column":40},"end":{"line":73,"column":62}}]},"27":{"type":"branch","line":71,"loc":{"start":{"line":71,"column":41},"end":{"line":71,"column":61}},"locations":[{"start":{"line":71,"column":41},"end":{"line":71,"column":61}}]},"28":{"type":"branch","line":76,"loc":{"start":{"line":76,"column":19},"end":{"line":87,"column":10}},"locations":[{"start":{"line":76,"column":19},"end":{"line":87,"column":10}}]},"29":{"type":"branch","line":86,"loc":{"start":{"line":86,"column":12},"end":{"line":86,"column":80}},"locations":[{"start":{"line":86,"column":12},"end":{"line":86,"column":80}}]},"30":{"type":"branch","line":77,"loc":{"start":{"line":77,"column":20},"end":{"line":82,"column":12}},"locations":[{"start":{"line":77,"column":20},"end":{"line":82,"column":12}}]},"31":{"type":"branch","line":81,"loc":{"start":{"line":81,"column":30},"end":{"line":81,"column":42}},"locations":[{"start":{"line":81,"column":30},"end":{"line":81,"column":42}}]},"32":{"type":"branch","line":81,"loc":{"start":{"line":81,"column":33},"end":{"line":81,"column":46}},"locations":[{"start":{"line":81,"column":33},"end":{"line":81,"column":46}}]},"33":{"type":"branch","line":81,"loc":{"start":{"line":81,"column":74},"end":{"line":81,"column":81}},"locations":[{"start":{"line":81,"column":74},"end":{"line":81,"column":81}}]},"34":{"type":"branch","line":96,"loc":{"start":{"line":96,"column":12},"end":{"line":117,"column":5}},"locations":[{"start":{"line":96,"column":12},"end":{"line":117,"column":5}}]},"35":{"type":"branch","line":97,"loc":{"start":{"line":97,"column":49},"end":{"line":97,"column":75}},"locations":[{"start":{"line":97,"column":49},"end":{"line":97,"column":75}}]},"36":{"type":"branch","line":100,"loc":{"start":{"line":100,"column":22},"end":{"line":111,"column":5}},"locations":[{"start":{"line":100,"column":22},"end":{"line":111,"column":5}}]},"37":{"type":"branch","line":102,"loc":{"start":{"line":102,"column":50},"end":{"line":110,"column":7}},"locations":[{"start":{"line":102,"column":50},"end":{"line":110,"column":7}}]},"38":{"type":"branch","line":103,"loc":{"start":{"line":103,"column":19},"end":{"line":103,"column":30}},"locations":[{"start":{"line":103,"column":19},"end":{"line":103,"column":30}}]},"39":{"type":"branch","line":104,"loc":{"start":{"line":104,"column":35},"end":{"line":104,"column":77}},"locations":[{"start":{"line":104,"column":35},"end":{"line":104,"column":77}}]},"40":{"type":"branch","line":106,"loc":{"start":{"line":106,"column":23},"end":{"line":106,"column":49}},"locations":[{"start":{"line":106,"column":23},"end":{"line":106,"column":49}}]},"41":{"type":"branch","line":107,"loc":{"start":{"line":107,"column":44},"end":{"line":108,"column":16}},"locations":[{"start":{"line":107,"column":44},"end":{"line":108,"column":16}}]},"42":{"type":"branch","line":108,"loc":{"start":{"line":108,"column":12},"end":{"line":109,"column":66}},"locations":[{"start":{"line":108,"column":12},"end":{"line":109,"column":66}}]},"43":{"type":"branch","line":105,"loc":{"start":{"line":105,"column":35},"end":{"line":105,"column":62}},"locations":[{"start":{"line":105,"column":35},"end":{"line":105,"column":62}}]},"44":{"type":"branch","line":109,"loc":{"start":{"line":109,"column":21},"end":{"line":109,"column":65}},"locations":[{"start":{"line":109,"column":21},"end":{"line":109,"column":65}}]},"45":{"type":"branch","line":109,"loc":{"start":{"line":109,"column":47},"end":{"line":109,"column":63}},"locations":[{"start":{"line":109,"column":47},"end":{"line":109,"column":63}}]},"46":{"type":"branch","line":109,"loc":{"start":{"line":109,"column":56},"end":{"line":109,"column":65}},"locations":[{"start":{"line":109,"column":56},"end":{"line":109,"column":65}}]},"47":{"type":"branch","line":113,"loc":{"start":{"line":113,"column":11},"end":{"line":116,"column":5}},"locations":[{"start":{"line":113,"column":11},"end":{"line":116,"column":5}}]},"48":{"type":"branch","line":123,"loc":{"start":{"line":123,"column":12},"end":{"line":127,"column":5}},"locations":[{"start":{"line":123,"column":12},"end":{"line":127,"column":5}}]},"49":{"type":"branch","line":126,"loc":{"start":{"line":126,"column":11},"end":{"line":126,"column":63}},"locations":[{"start":{"line":126,"column":11},"end":{"line":126,"column":63}}]}},"b":{"0":[4],"1":[5],"2":[1],"3":[24],"4":[11],"5":[5],"6":[15],"7":[18],"8":[19],"9":[19],"10":[0],"11":[0],"12":[23],"13":[27],"14":[19],"15":[8],"16":[9],"17":[8],"18":[4],"19":[5],"20":[5],"21":[3],"22":[2],"23":[0],"24":[3],"25":[2],"26":[1],"27":[4],"28":[4],"29":[0],"30":[4],"31":[1],"32":[3],"33":[0],"34":[11],"35":[0],"36":[3],"37":[3],"38":[0],"39":[0],"40":[0],"41":[1],"42":[2],"43":[3],"44":[3],"45":[2],"46":[1],"47":[11],"48":[11],"49":[11]},"fnMap":{"0":{"name":"mergeItems","decl":{"start":{"line":16,"column":0},"end":{"line":20,"column":1}},"loc":{"start":{"line":16,"column":0},"end":{"line":20,"column":1}},"line":16},"1":{"name":"useTaskSync","decl":{"start":{"line":32,"column":7},"end":{"line":130,"column":1}},"loc":{"start":{"line":32,"column":7},"end":{"line":130,"column":1}},"line":32},"2":{"name":"onCommitted","decl":{"start":{"line":48,"column":21},"end":{"line":49,"column":83}},"loc":{"start":{"line":48,"column":21},"end":{"line":49,"column":83}},"line":48},"3":{"name":"onRemoved","decl":{"start":{"line":50,"column":19},"end":{"line":50,"column":98}},"loc":{"start":{"line":50,"column":19},"end":{"line":50,"column":98}},"line":50},"4":{"name":"readTask","decl":{"start":{"line":54,"column":18},"end":{"line":55,"column":80}},"loc":{"start":{"line":54,"column":18},"end":{"line":55,"column":80}},"line":54},"5":{"name":"writeTask","decl":{"start":{"line":56,"column":19},"end":{"line":61,"column":13}},"loc":{"start":{"line":56,"column":19},"end":{"line":61,"column":13}},"line":56},"6":{"name":"dropTask","decl":{"start":{"line":62,"column":18},"end":{"line":65,"column":12}},"loc":{"start":{"line":62,"column":18},"end":{"line":65,"column":12}},"line":62},"7":{"name":"onIntentSettled","decl":{"start":{"line":67,"column":25},"end":{"line":75,"column":10}},"loc":{"start":{"line":67,"column":25},"end":{"line":75,"column":10}},"line":67},"8":{"name":"onFailure","decl":{"start":{"line":76,"column":19},"end":{"line":87,"column":10}},"loc":{"start":{"line":76,"column":19},"end":{"line":87,"column":10}},"line":76},"9":{"name":"onMessage","decl":{"start":{"line":100,"column":22},"end":{"line":111,"column":5}},"loc":{"start":{"line":100,"column":22},"end":{"line":111,"column":5}},"line":100},"10":{"name":"onOnline","decl":{"start":{"line":124,"column":21},"end":{"line":124,"column":46}},"loc":{"start":{"line":124,"column":21},"end":{"line":124,"column":46}},"line":124},"11":{"name":"dismissNotice","decl":{"start":{"line":129,"column":41},"end":{"line":129,"column":63}},"loc":{"start":{"line":129,"column":41},"end":{"line":129,"column":63}},"line":129}},"f":{"0":4,"1":24,"2":5,"3":0,"4":15,"5":19,"6":0,"7":9,"8":4,"9":3,"10":0,"11":0}}
[...]
9}},"locations":[{"start":{"line":260,"column":22},"end":{"line":262,"column":19}}]},"68":{"type":"branch","line":262,"loc":{"start":{"line":262,"column":19},"end":{"line":267,"column":5}},"locations":[{"start":{"line":262,"column":19},"end":{"line":267,"column":5}}]},"69":{"type":"branch","line":267,"loc":{"start":{"line":267,"column":4},"end":{"line":269,"column":21}},"locations":[{"start":{"line":267,"column":4},"end":{"line":269,"column":21}}]},"70":{"type":"branch","line":269,"loc":{"start":{"line":269,"column":21},"end":{"line":274,"column":5}},"locations":[{"start":{"line":269,"column":21},"end":{"line":274,"column":5}}]},"71":{"type":"branch","line":274,"loc":{"start":{"line":274,"column":4},"end":{"line":277,"column":31}},"locations":[{"start":{"line":274,"column":4},"end":{"line":277,"column":31}}]},"72":{"type":"branch","line":280,"loc":{"start":{"line":280,"column":2},"end":{"line":298,"column":3}},"locations":[{"start":{"line":280,"column":2},"end":{"line":298,"column":3}}]},"73":{"type":"branch","line":282,"loc":{"start":{"line":282,"column":12},"end":{"line":286,"column":7}},"locations":[{"start":{"line":282,"column":12},"end":{"line":286,"column":7}}]},"74":{"type":"branch","line":284,"loc":{"start":{"line":284,"column":8},"end":{"line":284,"column":23}},"locations":[{"start":{"line":284,"column":8},"end":{"line":284,"column":23}}]},"75":{"type":"branch","line":285,"loc":{"start":{"line":285,"column":8},"end":{"line":285,"column":35}},"locations":[{"start":{"line":285,"column":8},"end":{"line":285,"column":35}}]},"76":{"type":"branch","line":287,"loc":{"start":{"line":287,"column":13},"end":{"line":297,"column":7}},"locations":[{"start":{"line":287,"column":13},"end":{"line":297,"column":7}}]},"77":{"type":"branch","line":288,"loc":{"start":{"line":288,"column":42},"end":{"line":291,"column":9}},"locations":[{"start":{"line":288,"column":42},"end":{"line":291,"column":9}}]},"78":{"type":"branch","line":295,"loc":{"start":{"line":295,"column":8},"end":{"line":295,"column":36}},"locations":[{"start":{"line":295,"column":8},"end":{"line":295,"column":36}}]},"79":{"type":"branch","line":296,"loc":{"start":{"line":296,"column":45},"end":{"line":296,"column":70}},"locations":[{"start":{"line":296,"column":45},"end":{"line":296,"column":70}}]},"80":{"type":"branch","line":301,"loc":{"start":{"line":301,"column":2},"end":{"line":321,"column":3}},"locations":[{"start":{"line":301,"column":2},"end":{"line":321,"column":3}}]},"81":{"type":"branch","line":304,"loc":{"start":{"line":304,"column":33},"end":{"line":320,"column":5}},"locations":[{"start":{"line":304,"column":33},"end":{"line":320,"column":5}}]},"82":{"type":"branch","line":305,"loc":{"start":{"line":305,"column":25},"end":{"line":305,"column":53}},"locations":[{"start":{"line":305,"column":25},"end":{"line":305,"column":53}}]},"83":{"type":"branch","line":305,"loc":{"start":{"line":305,"column":53},"end":{"line":317,"column":17}},"locations":[{"start":{"line":305,"column":53},"end":{"line":317,"column":17}}]},"84":{"type":"branch","line":308,"loc":{"start":{"line":308,"column":25},"end":{"line":311,"column":19}},"locations":[{"start":{"line":308,"column":25},"end":{"line":311,"column":19}}]},"85":{"type":"branch","line":311,"loc":{"start":{"line":311,"column":8},"end":{"line":316,"column":9}},"locations":[{"start":{"line":311,"column":8},"end":{"line":316,"column":9}}]},"86":{"type":"branch","line":314,"loc":{"start":{"line":314,"column":8},"end":{"line":316,"column":9}},"locations":[{"start":{"line":314,"column":8},"end":{"line":316,"column":9}}]},"87":{"type":"branch","line":317,"loc":{"start":{"line":317,"column":6},"end":{"line":319,"column":27}},"locations":[{"start":{"line":317,"column":6},"end":{"line":319,"column":27}}]},"88":{"type":"branch","line":317,"loc":{"start":{"line":317,"column":42},"end":{"line":317,"column":71}},"locations":[{"start":{"line":317,"column":42},"end":{"line":317,"column":71}}]},"89":{"type":"branch","line":317,"loc":{"start":{"line":317,"column":70},"end":{"line":319,"column":27}},"locations":[{"start":{"line":317,"column":70},"end":{"line":319,"column":27}}]},"90":{"type":"branch","line":318,"loc":{"start":{"line":318,"column":40},"end":{"line":319,"column":27}},"locations":[{"start":{"line":318,"column":40},"end":{"line":319,"column":27}}]},"91":{"type":"branch","line":324,"loc":{"start":{"line":324,"column":2},"end":{"line":331,"column":3}},"locations":[{"start":{"line":324,"column":2},"end":{"line":331,"column":3}}]},"92":{"type":"branch","line":325,"loc":{"start":{"line":325,"column":41},"end":{"line":329,"column":5}},"locations":[{"start":{"line":325,"column":41},"end":{"line":329,"column":5}}]},"93":{"type":"branch","line":326,"loc":{"start":{"line":326,"column":43},"end":{"line":326,"column":75}},"locations":[{"start":{"line":326,"column":43},"end":{"line":326,"column":75}}]},"94":{"type":"branch","line":326,"loc":{"start":{"line":326,"column":75},"end":{"line":328,"column":7}},"locations":[{"start":{"line":326,"column":75},"end":{"line":328,"column":7}}]},"95":{"type":"branch","line":334,"loc":{"start":{"line":334,"column":2},"end":{"line":347,"column":3}},"locations":[{"start":{"line":334,"column":2},"end":{"line":347,"column":3}}]},"96":{"type":"branch","line":335,"loc":{"start":{"line":335,"column":37},"end":{"line":346,"column":5}},"locations":[{"start":{"line":335,"column":37},"end":{"line":346,"column":5}}]},"97":{"type":"branch","line":337,"loc":{"start":{"line":337,"column":8},"end":{"line":337,"column":115}},"locations":[{"start":{"line":337,"column":8},"end":{"line":337,"column":115}}]},"98":{"type":"branch","line":337,"loc":{"start":{"line":337,"column":57},"end":{"line":337,"column":77}},"locations":[{"start":{"line":337,"column":57},"end":{"line":337,"column":77}}]},"99":{"type":"branch","line":337,"loc":{"start":{"line":337,"column":97},"end":{"line":337,"column":114}},"locations":[{"start":{"line":337,"column":97},"end":{"line":337,"column":114}}]},"100":{"type":"branch","line":337,"loc":{"start":{"line":337,"column":114},"end":{"line":339,"column":35}},"locations":[{"start":{"line":337,"column":114},"end":{"line":339,"column":35}}]},"101":{"type":"branch","line":339,"loc":{"start":{"line":339,"column":26},"end":{"line":339,"column":45}},"locations":[{"start":{"line":339,"column":26},"end":{"line":339,"column":45}}]},"102":{"type":"branch","line":340,"loc":{"start":{"line":340,"column":35},"end":{"line":340,"column":104}},"locations":[{"start":{"line":340,"column":35},"end":{"line":340,"column":104}}]},"103":{"type":"branch","line":340,"loc":{"start":{"line":340,"column":86},"end":{"line":340,"column":103}},"locations":[{"start":{"line":340,"column":86},"end":{"line":340,"column":103}}]},"104":{"type":"branch","line":340,"loc":{"start":{"line":340,"column":103},"end":{"line":342,"column":31}},"locations":[{"start":{"line":340,"column":103},"end":{"line":342,"column":31}}]},"105":{"type":"branch","line":342,"loc":{"start":{"line":342,"column":26},"end":{"line":342,"column":52}},"locations":[{"start":{"line":342,"column":26},"end":{"line":342,"column":52}}]},"106":{"type":"branch","line":344,"loc":{"start":{"line":344,"column":8},"end":{"line":345,"column":57}},"locations":[{"start":{"line":344,"column":8},"end":{"line":345,"column":57}}]},"107":{"type":"branch","line":344,"loc":{"start":{"line":344,"column":75},"end":{"line":344,"column":93}},"locations":[{"start":{"line":344,"column":75},"end":{"line":344,"column":93}}]},"108":{"type":"branch","line":344,"loc":{"start":{"line":344,"column":117},"end":{"line":345,"column":57}},"locations":[{"start":{"line":344,"column":117},"end":{"line":345,"column":57}}]}},"b":{"0":[71],"1":[53],"2":[54],"3":[59],"4":[61],"5":[0],"6":[60],"7":[20],"8":[6],"9":[0],"10":[5],"11":[15],"12":[6],"13":[32],"14":[23],"15":[3],"16":[29],"17":[3],"18":[1],"19":[0],"20":[29],"21":[31],"22":[9],"23":[20],"24":[0],"25":[20],"26":[6],"27":[20],"28":[0],"29":[9],"30":[63],"31":[2],"32":[61],"33":[2],"34":[1],"35":[59],"36":[53],"37":[3],"38":[56],"39":[6],"40":[1],"41":[1],"42":[5],"43":[1],"44":[1],"45":[5],"46":[50],"47":[6],"48":[44],"49":[48],"50":[6],"51":[9],"52":[4],"53":[5],"54":[1],"55":[2],"56":[0],"57":[5],"58":[2],"59":[1],"60":[0],"61":[2],"62":[0],"63":[0],"64":[0],"65":[8],"66":[1],"67":[7],"68":[0],"69":[7],"70":[1],"71":[6],"72":[6],"73":[3],"74":[1],"75":[1],"76":[2],"77":[0],"78":[0],"79":[0],"80":[14],"81":[13],"82":[11],"83":[3],"84":[1],"85":[2],"86":[0],"87":[10],"88":[8],"89":[2],"90":[1],"91":[2],"92":[3],"93":[1],"94":[1],"95":[5],"96":[9],"97":[1],"98":[0],"99":[0],"100":[8],"101":[0],"102":[1],"103":[0],"104":[7],"105":[6],"106":[6],"107":[0],"108":[1]},"fnMap":{"0":{"name":"isTempId","decl":{"start":{"line":73,"column":0},"end":{"line":75,"column":1}},"loc":{"start":{"line":73,"column":0},"end":{"line":75,"column":1}},"line":73},"1":{"name":"isNoop","decl":{"start":{"line":78,"column":0},"end":{"line":80,"column":1}},"loc":{"start":{"line":78,"column":0},"end":{"line":80,"column":1}},"line":78},"2":{"name":"createTaskMover","decl":{"start":{"line":93,"column":7},"end":{"line":350,"column":1}},"loc":{"start":{"line":93,"column":7},"end":{"line":350,"column":1}},"line":93},"3":{"name":"isOnline","decl":{"start":{"line":105,"column":13},"end":{"line":105,"column":80}},"loc":{"start":{"line":105,"column":13},"end":{"line":105,"column":80}},"line":105},"4":{"name":"send","decl":{"start":{"line":113,"column":2},"end":{"line":164,"column":3}},"loc":{"start":{"line":113,"column":2},"end":{"line":164,"column":3}},"line":113},"5":{"name":"update","decl":{"start":{"line":167,"column":2},"end":{"line":202,"column":3}},"loc":{"start":{"line":167,"column":2},"end":{"line":202,"column":3}},"line":167},"6":{"name":"move","decl":{"start":{"line":204,"column":2},"end":{"line":206,"column":3}},"loc":{"start":{"line":204,"column":2},"end":{"line":206,"column":3}},"line":204},"7":{"name":"createKey","decl":{"start":{"line":210,"column":20},"end":{"line":210,"column":79}},"loc":{"start":{"line":210,"column":20},"end":{"line":210,"column":79}},"line":210},"8":{"name":"create","decl":{"start":{"line":212,"column":2},"end":{"line":231,"column":3}},"loc":{"start":{"line":212,"column":2},"end":{"line":231,"column":3}},"line":212},"9":{"name":"sendCreate","decl":{"start":{"line":233,"column":2},"end":{"line":251,"column":3}},"loc":{"start":{"line":233,"column":2},"end":{"line":251,"column":3}},"line":233},"10":{"name":"remove","decl":{"start":{"line":259,"column":2},"end":{"line":278,"column":3}},"loc":{"start":{"line":259,"column":2},"end":{"line":278,"column":3}},"line":259},"11":{"name":"sendRemove","decl":{"start":{"line":280,"column":2},"end":{"line":298,"column":3}},"loc":{"start":{"line":280,"column":2},"end":{"line":298,"column":3}},"line":280},"12":{"name":"retryFailed","decl":{"start":{"line":301,"column":2},"end":{"line":321,"column":3}},"loc":{"start":{"line":301,"column":2},"end":{"line":321,"column":3}},"line":301},"13":{"name":"discardFailed","decl":{"start":{"line":324,"column":2},"end":{"line":331,"column":3}},"loc":{"start":{"line":324,"column":2},"end":{"line":331,"column":3}},"line":324},"14":{"name":"getFailed","decl":{"start":{"line":334,"column":2},"end":{"line":347,"column":3}},"loc":{"start":{"line":334,"column":2},"end":{"line":347,"column":3}},"line":334}},"f":{"0":71,"1":53,"2":59,"3":61,"4":60,"5":63,"6":48,"7":6,"8":9,"9":5,"10":8,"11":6,"12":14,"13":2,"14":5}}
,"/Users/home/task-board-assignment/src/lib/tasks.ts": {"path":"/Users/home/task-board-assignment/src/lib/tasks.ts","all":false,"statementMap":{"0":{"start":{"line":1,"column":0},"end":{"line":1,"column":54}},"1":{"start":{"line":2,"column":0},"end":{"line":2,"column":0}},"2":{"start":{"line":3,"column":0},"end":{"line":3,"column":3}},"3":{"start":{"line":4,"column":0},"end":{"line":4,"column":51}},"4":{"start":{"line":5,"column":0},"end":{"line":5,"column":25}},"5":{"start":{"line":6,"column":0},"end":{"line":6,"column":3}},"6":{"start":{"line":7,"column":0},"end":{"line":7,"column":77}},"7":{"start":{"line":8,"column":0},"end":{"line":8,"column":63}},"8":{"start":{"line":9,"column":0},"end":{"line":9,"column":1}},"9":{"start":{"line":10,"column":0},"end":{"line":10,"column":0}},"10":{"start":{"line":11,"column":0},"end":{"line":11,"column":69}},"11":{"start":{"line":12,"column":0},"end":{"line":12,"column":38}},"12":{"start":{"line":13,"column":0},"end":{"line":13,"column":22}},"13":{"start":{"line":14,"column":0},"end":{"line":14,"column":63}},"14":{"start":{"line":15,"column":0},"end":{"line":15,"column":1}},"15":{"start":{"line":16,"column":0},"end":{"line":16,"column":0}},"16":{"start":{"line":17,"column":0},"end":{"line":17,"column":85}},"17":{"start":{"line":18,"column":0},"end":{"line":18,"column":38}},"18":{"start":{"line":19,"column":0},"end":{"line":19,"column":53}},"19":{"start":{"line":20,"column":0},"end":{"line":20,"column":1}},"20":{"start":{"line":21,"column":0},"end":{"line":21,"column":0}},"21":{"start":{"line":22,"column":0},"end":{"line":22,"column":30}},"22":{"start":{"line":23,"column":0},"end":{"line":23,"column":28}},"23":{"start":{"line":24,"column":0},"end":{"line":24,"column":16}},"24":{"start":{"line":25,"column":0},"end":{"line":25,"column":51}},"25":{"start":{"line":26,"column":0},"end":{"line":26,"column":11}},"26":{"start":{"line":27,"column":0},"end":{"line":27,"column":68}},"27":{"start":{"line":28,"column":0},"end":{"line":28,"column":1}},"28":{"start":{"line":29,"column":0},"end":{"line":29,"column":0}},"29":{"start":{"line":30,"column":0},"end":{"line":30,"column":33}},"30":{"start":{"line":31,"column":0},"end":{"line":31,"column":70}},"31":{"start":{"line":32,"column":0},"end":{"line":32,"column":79}},"32":{"start":{"line":33,"column":0},"end":{"line":33,"column":46}},"33":{"start":{"line":34,"column":0},"end":{"line":34,"column":12}},"34":{"start":{"line":35,"column":0},"end":{"line":35,"column":1}}},"s":{"0":1,"1":1,"2":1,"3":1,"4":1,"5":1,"6":1,"7":2,"8":2,"9":1,"10":1,"11":16,"12":16,"13":2,"14":2,"15":1,"16":1,"17":16,"18":3,"19":3,"20":1,"21":1,"22":1,"23":14,"24":14,"25":14,"26":14,"27":14,"28":1,"29":1,"30":1,"31":14,"32":14,"33":14,"34":14},"branchMap":{"0":{"type":"branch","line":7,"loc":{"start":{"line":7,"column":7},"end":{"line":9,"column":1}},"locations":[{"start":{"line":7,"column":7},"end":{"line":9,"column":1}}]},"1":{"type":"branch","line":8,"loc":{"start":{"line":8,"column":19},"end":{"line":8,"column":62}},"locations":[{"start":{"line":8,"column":19},"end":{"line":8,"column":62}}]},"2":{"type":"branch","line":8,"loc":{"start":{"line":8,"column":36},"end":{"line":8,"column":60}},"locations":[{"start":{"line":8,"column":36},"end":{"line":8,"column":60}}]},"3":{"type":"branch","line":8,"loc":{"start":{"line":8,"column":56},"end":{"line":8,"column":62}},"locations":[{"start":{"line":8,"column":56},"end":{"line":8,"column":62}}]},"4":{"type":"branch","line":11,"loc":{"start":{"line":11,"column":7},"end":{"line":15,"column":1}},"locations":[{"start":{"line":11,"column":7},"end":{"line":15,"column":1}}]},"5":{"type":"branch","line":13,"loc":{"start":{"line":13,"column":10},"end":{"line":15,"column":1}},"locations":[{"start":{"line":13,"column":10},"end":{"line":15,"column":1}}]},"6":{"type":"branch","line":13,"loc":{"start":{"line":13,"column":17},"end":{"line":15,"column":1}},"locations":[{"start":{"line":13,"column":17},"end":{"line":15,"column":1}}]},"7":{"type":"branch","line":14,"loc":{"start":{"line":14,"column":22},"end":{"line":14,"column":62}},"locations":[{"start":{"line":14,"column":22},"end":{"line":14,"column":62}}]},"8":{"type":"branch","line":17,"loc":{"start":{"line":17,"column":7},"end":{"line":20,"column":1}},"locations":[{"start":{"line":17,"column":7},"end":{"line":20,"column":1}}]},"9":{"type":"branch","line":18,"loc":{"start":{"line":18,"column":26},"end":{"line":18,"column":38}},"locations":[{"start":{"line":18,"column":26},"end":{"line":18,"column":38}}]},"10":{"type":"branch","line":18,"loc":{"start":{"line":18,"column":33},"end":{"line":20,"column":1}},"locations":[{"start":{"line":18,"column":33},"end":{"line":20,"column":1}}]},"11":{"type":"branch","line":19,"loc":{"start":{"line":19,"column":22},"end":{"line":19,"column":52}},"locations":[{"start":{"line":19,"column":22},"end":{"line":19,"column":52}}]},"12":{"type":"branch","line":23,"loc":{"start":{"line":23,"column":7},"end":{"line":28,"column":1}},"locations":[{"start":{"line":23,"column":7},"end":{"line":28,"column":1}}]},"13":{"type":"branch","line":31,"loc":{"start":{"line":31,"column":7},"end":{"line":35,"column":1}},"locations":[{"start":{"line":31,"column":7},"end":{"line":35,"column":1}}]},"14":{"type":"branch","line":33,"loc":{"start":{"line":33,"column":25},"end":{"line":33,"column":46}},"locations":[{"start":{"line":33,"column":25},"end":{"line":33,"column":46}}]}},"b":{"0":[2],"1":[3],"2":[2],"3":[1],"4":[16],"5":[14],"6":[2],"7":[5],"8":[16],"9":[13],"10":[3],"11":[8],"12":[14],"13":[14],"14":[12]},"fnMap":{"0":{"name":"moveTask","decl":{"start":{"line":7,"column":7},"end":{"line":9,"column":1}},"loc":{"start":{"line":7,"column":7},"end":{"line":9,"column":1}},"line":7},"1":{"name":"filterByTitle","decl":{"start":{"line":11,"column":7},"end":{"line":15,"column":1}},"loc":{"start":{"line":11,"column":7},"end":{"line":15,"column":1}},"line":11},"2":{"name":"filterByPriority","decl":{"start":{"line":17,"column":7},"end":{"line":20,"column":1}},"loc":{"start":{"line":17,"column":7},"end":{"line":20,"column":1}},"line":17},"3":{"name":"filterTasks","decl":{"start":{"line":23,"column":7},"end":{"line":28,"column":1}},"loc":{"start":{"line":23,"column":7},"end":{"line":28,"column":1}},"line":23},"4":{"name":"groupByStatus","decl":{"start":{"line":31,"column":7},"end":{"line":35,"column":1}},"loc":{"start":{"line":31,"column":7},"end":{"line":35,"column":1}},"line":31}},"f":{"0":2,"1":16,"2":16,"3":14,"4":14}}
,"/Users/home/task-board-assignment/src/lib/useDebouncedValue.ts": {"path":"/Users/home/task-board-assignment/src/lib/useDebouncedValue.ts","all":false,"statementMap":{"0":{"start":{"line":1,"column":0},"end":{"line":1,"column":43}},"1":{"start":{"line":2,"column":0},"end":{"line":2,"column":0}},"2":{"start":{"line":3,"column":0},"end":{"line":3,"column":46}},"3":{"start":{"line":4,"column":0},"end":{"line":4,"column":66}},"4":{"start":{"line":5,"column":0},"end":{"line":5,"column":51}},"5":{"start":{"line":6,"column":0},"end":{"line":6,"column":0}},"6":{"start":{"line":7,"column":0},"end":{"line":7,"column":19}},"7":{"start":{"line":8,"column":0},"end":{"line":8,"column":71}},"8":{"start":{"line":9,"column":0},"end":{"line":9,"column":43}},"9":{"start":{"line":10,"column":0},"end":{"line":10,"column":22}},"10":{"start":{"line":11,"column":0},"end":{"line":11,"column":0}},"11":{"start":{"line":12,"column":0},"end":{"line":12,"column":18}},"12":{"start":{"line":13,"column":0},"end":{"line":13,"column":1}}},"s":{"0":1,"1":1,"2":1,"3":1,"4":20,"5":20,"6":20,"7":10,"8":10,"9":20,"10":20,"11":20,"12":20},"branchMap":{"0":{"type":"branch","line":4,"loc":{"start":{"line":4,"column":7},"end":{"line":13,"column":1}},"locations":[{"start":{"line":4,"column":7},"end":{"line":13,"column":1}}]},"1":{"type":"branch","line":7,"loc":{"start":{"line":7,"column":12},"end":{"line":10,"column":5}},"locations":[{"start":{"line":7,"column":12},"end":{"line":10,"column":5}}]},"2":{"type":"branch","line":8,"loc":{"start":{"line":8,"column":36},"end":{"line":8,"column":63}},"locations":[{"start":{"line":8,"column":36},"end":{"line":8,"column":63}}]},"3":{"type":"branch","line":9,"loc":{"start":{"line":9,"column":11},"end":{"line":9,"column":43}},"locations":[{"start":{"line":9,"column":11},"end":{"line":9,"column":43}}]}},"b":{"0":[20],"1":[10],"2":[2],"3":[10]},"fnMap":{"0":{"name":"useDebouncedValue","decl":{"start":{"line":4,"column":7},"end":{"line":13,"column":1}},"loc":{"start":{"line":4,"column":7},"end":{"line":13,"column":1}},"line":4}},"f":{"0":20}}
}
