{"/Users/home/task-board-assignment/src/Board.tsx": {"path":"/Users/home/task-board-assignment/src/Board.tsx","all":false,"statementMap":{"0":{"start":{"line":1,"column":0},"end":{"line":1,"column":41}},"1":{"start":{"line":2,"column":0},"end":{"line":2,"column":53}},"2":{"start":{"line":3,"column":0},"end":{"line":3,"column":53}},"3":{"start":{"line":4,"column":0},"end":{"line":4,"column":49}},"4":{"start":{"line":5,"column":0},"end":{"line":5,"column":56}},"5":{"start":{"line":6,"column":0},"end":{"line":6,"column":59}},"6":{"start":{"line":7,"column":0},"end":{"line":7,"column":44}},"7":{"start":{"line":8,"column":0},"end":{"line":8,"column":56}},"8":{"start":{"line":9,"column":0},"end":{"line":9,"column":56}},"9":{"start":{"line":10,"column":0},"end":{"line":10,"column":74}},"10":{"start":{"line":11,"column":0},"end":{"line":11,"column":0}},"11":{"start":{"line":12,"column":0},"end":{"line":12,"column":54}},"12":{"start":{"line":13,"column":0},"end":{"line":13,"column":37}},"13":{"start":{"line":14,"column":0},"end":{"line":14,"column":50}},"14":{"start":{"line":15,"column":0},"end":{"line":15,"column":36}},"15":{"start":{"line":16,"column":0},"end":{"line":16,"column":1}},"16":{"start":{"line":17,"column":0},"end":{"line":17,"column":0}},"17":{"start":{"line":18,"column":0},"end":{"line":18,"column":91}},"18":{"start":{"line":19,"column":0},"end":{"line":19,"column":0}},"19":{"start":{"line":20,"column":0},"end":{"line":20,"column":33}},"20":{"start":{"line":21,"column":0},"end":{"line":21,"column":91}},"21":{"start":{"line":22,"column":0},"end":{"line":22,"column":56}},"22":{"start":{"line":23,"column":0},"end":{"line":23,"column":0}},"23":{"start":{"line":24,"column":0},"end":{"line":24,"column":26}},"24":{"start":{"line":25,"column":0},"end":{"line":25,"column":40}},"25":{"start":{"line":26,"column":0},"end":{"line":26,"column":67}},"26":{"start":{"line":27,"column":0},"end":{"line":27,"column":74}},"27":{"start":{"line":28,"column":0},"end":{"line":28,"column":57}},"28":{"start":{"line":29,"column":0},"end":{"line":29,"column":0}},"29":{"start":{"line":30,"column":0},"end":{"line":30,"column":27}},"30":{"start":{"line":31,"column":0},"end":{"line":31,"column":87}},"31":{"start":{"line":32,"column":0},"end":{"line":32,"column":38}},"32":{"start":{"line":33,"column":0},"end":{"line":33,"column":3}},"33":{"start":{"line":34,"column":0},"end":{"line":34,"column":0}},"34":{"start":{"line":35,"column":0},"end":{"line":35,"column":50}},"35":{"start":{"line":36,"column":0},"end":{"line":36,"column":68}},"36":{"start":{"line":37,"column":0},"end":{"line":37,"column":89}},"37":{"start":{"line":38,"column":0},"end":{"line":38,"column":3}},"38":{"start":{"line":39,"column":0},"end":{"line":39,"column":0}},"39":{"start":{"line":40,"column":0},"end":{"line":40,"column":55}},"40":{"start":{"line":41,"column":0},"end":{"line":41,"column":0}},"41":{"start":{"line":42,"column":0},"end":{"line":42,"column":14}},"42":{"start":{"line":43,"column":0},"end":{"line":43,"column":12}},"43":{"start":{"line":44,"column":0},"end":{"line":44,"column":48}},"44":{"start":{"line":45,"column":0},"end":{"line":45,"column":31}},"45":{"start":{"line":46,"column":0},"end":{"line":46,"column":47}},"46":{"start":{"line":47,"column":0},"end":{"line":47,"column":66}},"47":{"start":{"line":48,"column":0},"end":{"line":48,"column":45}},"48":{"start":{"line":49,"column":0},"end":{"line":49,"column":17}},"49":{"start":{"line":50,"column":0},"end":{"line":50,"column":12}},"50":{"start":{"line":51,"column":0},"end":{"line":51,"column":5}},"51":{"start":{"line":52,"column":0},"end":{"line":52,"column":0}},"52":{"start":{"line":53,"column":0},"end":{"line":53,"column":25}},"53":{"start":{"line":54,"column":0},"end":{"line":54,"column":12}},"54":{"start":{"line":55,"column":0},"end":{"line":55,"column":35}},"55":{"start":{"line":56,"column":0},"end":{"line":56,"column":25}},"56":{"start":{"line":57,"column":0},"end":{"line":57,"column":47}},"57":{"start":{"line":58,"column":0},"end":{"line":58,"column":93}},"58":{"start":{"line":59,"column":0},"end":{"line":59,"column":97}},"59":{"start":{"line":60,"column":0},"end":{"line":60,"column":12}},"60":{"start":{"line":61,"column":0},"end":{"line":61,"column":5}},"61":{"start":{"line":62,"column":0},"end":{"line":62,"column":0}},"62":{"start":{"line":63,"column":0},"end":{"line":63,"column":10}},"63":{"start":{"line":64,"column":0},"end":{"line":64,"column":6}},"64":{"start":{"line":65,"column":0},"end":{"line":65,"column":19}},"65":{"start":{"line":66,"column":0},"end":{"line":66,"column":21}},"66":{"start":{"line":67,"column":0},"end":{"line":67,"column":27}},"67":{"start":{"line":68,"column":0},"end":{"line":68,"column":32}},"68":{"start":{"line":69,"column":0},"end":{"line":69,"column":38}},"69":{"start":{"line":70,"column":0},"end":{"line":70,"column":8}},"70":{"start":{"line":71,"column":0},"end":{"line":71,"column":29}},"71":{"start":{"line":72,"column":0},"end":{"line":72,"column":31}},"72":{"start":{"line":73,"column":0},"end":{"line":73,"column":17}},"73":{"start":{"line":74,"column":0},"end":{"line":74,"column":28}},"74":{"start":{"line":75,"column":0},"end":{"line":75,"column":29}},"75":{"start":{"line":76,"column":0},"end":{"line":76,"column":31}},"76":{"start":{"line":77,"column":0},"end":{"line":77,"column":40}},"77":{"start":{"line":78,"column":0},"end":{"line":78,"column":31}},"78":{"start":{"line":79,"column":0},"end":{"line":79,"column":69}},"79":{"start":{"line":80,"column":0},"end":{"line":80,"column":64}},"80":{"start":{"line":81,"column":0},"end":{"line":81,"column":12}},"81":{"start":{"line":82,"column":0},"end":{"line":82,"column":11}},"82":{"start":{"line":83,"column":0},"end":{"line":83,"column":12}},"83":{"start":{"line":84,"column":0},"end":{"line":84,"column":17}},"84":{"start":{"line":85,"column":0},"end":{"line":85,"column":30}},"85":{"start":{"line":86,"column":0},"end":{"line":86,"column":64}},"86":{"start":{"line":87,"column":0},"end":{"line":87,"column":39}},"87":{"start":{"line":88,"column":0},"end":{"line":88,"column":27}},"88":{"start":{"line":89,"column":0},"end":{"line":89,"column":31}},"89":{"start":{"line":90,"column":0},"end":{"line":90,"column":8}},"90":{"start":{"line":91,"column":0},"end":{"line":91,"column":18}},"91":{"start":{"line":92,"column":0},"end":{"line":92,"column":21}},"92":{"start":{"line":93,"column":0},"end":{"line":93,"column":25}},"93":{"start":{"line":94,"column":0},"end":{"line":94,"column":65}},"94":{"start":{"line":95,"column":0},"end":{"line":95,"column":26}},"95":{"start":{"line":96,"column":0},"end":{"line":96,"column":31}},"96":{"start":{"line":97,"column":0},"end":{"line":97,"column":27}},"97":{"start":{"line":98,"column":0},"end":{"line":98,"column":12}},"98":{"start":{"line":99,"column":0},"end":{"line":99,"column":28}},"99":{"start":{"line":100,"column":0},"end":{"line":100,"column":33}},"100":{"start":{"line":101,"column":0},"end":{"line":101,"column":27}},"101":{"start":{"line":102,"column":0},"end":{"line":102,"column":12}},"102":{"start":{"line":103,"column":0},"end":{"line":103,"column":10}},"103":{"start":{"line":104,"column":0},"end":{"line":104,"column":8}},"104":{"start":{"line":105,"column":0},"end":{"line":105,"column":7}},"105":{"start":{"line":106,"column":0},"end":{"line":106,"column":3}},"106":{"start":{"line":107,"column":0},"end":{"line":107,"column":1}}},"s":{"0":1,"1":1,"2":1,"3":1,"4":1,"5":1,"6":1,"7":1,"8":1,"9":1,"10":1,"11":1,"12":1,"13":1,"14":1,"15":1,"16":1,"17":1,"18":1,"19":15,"20":15,"21":15,"22":15,"23":15,"24":15,"25":15,"26":15,"27":15,"28":15,"29":15,"30":15,"31":15,"32":15,"33":15,"34":15,"35":0,"36":0,"37":0,"38":15,"39":15,"40":10,"41":10,"42":10,"43":1,"44":1,"45":1,"46":1,"47":1,"48":1,"49":1,"50":9,"51":9,"52":9,"53":9,"54":1,"55":1,"56":1,"57":1,"58":1,"59":1,"60":8,"61":8,"62":8,"63":8,"64":8,"65":8,"66":8,"67":8,"68":8,"69":8,"70":8,"71":8,"72":24,"73":24,"74":24,"75":24,"76":24,"77":24,"78":24,"79":24,"80":24,"81":8,"82":8,"83":8,"84":8,"85":15,"86":15,"87":15,"88":15,"89":15,"90":15,"91":1,"92":1,"93":1,"94":1,"95":1,"96":1,"97":1,"98":1,"99":0,"100":0,"101":0,"102":1,"103":15,"104":15,"105":15,"106":15},"branchMap":{"0":{"type":"branch","line":20,"loc":{"start":{"line":20,"column":0},"end":{"line":107,"column":1}},"locations":[{"start":{"line":20,"column":0},"end":{"line":107,"column":1}}]},"1":{"type":"branch","line":40,"loc":{"start":{"line":40,"column":17},"end":{"line":40,"column":55}},"locations":[{"start":{"line":40,"column":17},"end":{"line":40,"column":55}}]},"2":{"type":"branch","line":40,"loc":{"start":{"line":40,"column":51},"end":{"line":43,"column":12}},"locations":[{"start":{"line":40,"column":51},"end":{"line":43,"column":12}}]},"3":{"type":"branch","line":43,"loc":{"start":{"line":43,"column":4},"end":{"line":50,"column":12}},"locations":[{"start":{"line":43,"column":4},"end":{"line":50,"column":12}}]},"4":{"type":"branch","line":48,"loc":{"start":{"line":48,"column":11},"end":{"line":48,"column":37}},"locations":[{"start":{"line":48,"column":11},"end":{"line":48,"column":37}}]},"5":{"type":"branch","line":50,"loc":{"start":{"line":50,"column":6},"end":{"line":54,"column":12}},"locations":[{"start":{"line":50,"column":6},"end":{"line":54,"column":12}}]},"6":{"type":"branch","line":54,"loc":{"start":{"line":54,"column":4},"end":{"line":60,"column":12}},"locations":[{"start":{"line":54,"column":4},"end":{"line":60,"column":12}}]},"7":{"type":"branch","line":60,"loc":{"start":{"line":60,"column":6},"end":{"line":86,"column":22}},"locations":[{"start":{"line":60,"column":6},"end":{"line":86,"column":22}}]},"8":{"type":"branch","line":86,"loc":{"start":{"line":86,"column":14},"end":{"line":86,"column":31}},"locations":[{"start":{"line":86,"column":14},"end":{"line":86,"column":31}}]},"9":{"type":"branch","line":86,"loc":{"start":{"line":86,"column":31},"end":{"line":86,"column":54}},"locations":[{"start":{"line":86,"column":31},"end":{"line":86,"column":54}}]},"10":{"type":"branch","line":86,"loc":{"start":{"line":86,"column":47},"end":{"line":86,"column":64}},"locations":[{"start":{"line":86,"column":47},"end":{"line":86,"column":64}}]},"11":{"type":"branch","line":91,"loc":{"start":{"line":91,"column":7},"end":{"line":103,"column":10}},"locations":[{"start":{"line":91,"column":7},"end":{"line":103,"column":10}}]},"12":{"type":"branch","line":94,"loc":{"start":{"line":94,"column":58},"end":{"line":94,"column":65}},"locations":[{"start":{"line":94,"column":58},"end":{"line":94,"column":65}}]},"13":{"type":"branch","line":31,"loc":{"start":{"line":31,"column":4},"end":{"line":31,"column":87}},"locations":[{"start":{"line":31,"column":4},"end":{"line":31,"column":87}}]},"14":{"type":"branch","line":31,"loc":{"start":{"line":31,"column":36},"end":{"line":31,"column":49}},"locations":[{"start":{"line":31,"column":36},"end":{"line":31,"column":49}}]},"15":{"type":"branch","line":47,"loc":{"start":{"line":47,"column":25},"end":{"line":47,"column":42}},"locations":[{"start":{"line":47,"column":25},"end":{"line":47,"column":42}}]},"16":{"type":"branch","line":72,"loc":{"start":{"line":72,"column":21},"end":{"line":81,"column":12}},"locations":[{"start":{"line":72,"column":21},"end":{"line":81,"column":12}}]},"17":{"type":"branch","line":95,"loc":{"start":{"line":95,"column":19},"end":{"line":98,"column":12}},"locations":[{"start":{"line":95,"column":19},"end":{"line":98,"column":12}}]}},"b":{"0":[15],"1":[5],"2":[10],"3":[1],"4":[0],"5":[9],"6":[1],"7":[8],"8":[0],"9":[0],"10":[8],"11":[1],"12":[0],"13":[13],"14":[5],"15":[1],"16":[24],"17":[1]},"fnMap":{"0":{"name":"Board","decl":{"start":{"line":20,"column":0},"end":{"line":107,"column":1}},"loc":{"start":{"line":20,"column":0},"end":{"line":107,"column":1}},"line":20},"1":{"name":"handleSave","decl":{"start":{"line":35,"column":21},"end":{"line":38,"column":3}},"loc":{"start":{"line":35,"column":21},"end":{"line":38,"column":3}},"line":35},"2":{"name":"onClick","decl":{"start":{"line":47,"column":25},"end":{"line":47,"column":42}},"loc":{"start":{"line":47,"column":25},"end":{"line":47,"column":42}},"line":47},"3":{"name":"onClick","decl":{"start":{"line":58,"column":25},"end":{"line":58,"column":78}},"loc":{"start":{"line":58,"column":25},"end":{"line":58,"column":78}},"line":58},"4":{"name":"onClose","decl":{"start":{"line":59,"column":52},"end":{"line":59,"column":75}},"loc":{"start":{"line":59,"column":52},"end":{"line":59,"column":75}},"line":59},"5":{"name":"onAdd","decl":{"start":{"line":79,"column":19},"end":{"line":79,"column":69}},"loc":{"start":{"line":79,"column":19},"end":{"line":79,"column":69}},"line":79},"6":{"name":"onEdit","decl":{"start":{"line":80,"column":20},"end":{"line":80,"column":64}},"loc":{"start":{"line":80,"column":20},"end":{"line":80,"column":64}},"line":80},"7":{"name":"onClose","decl":{"start":{"line":87,"column":17},"end":{"line":87,"column":39}},"loc":{"start":{"line":87,"column":17},"end":{"line":87,"column":39}},"line":87},"8":{"name":"onRetry","decl":{"start":{"line":95,"column":19},"end":{"line":98,"column":12}},"loc":{"start":{"line":95,"column":19},"end":{"line":98,"column":12}},"line":95},"9":{"name":"onDiscard","decl":{"start":{"line":99,"column":21},"end":{"line":102,"column":12}},"loc":{"start":{"line":99,"column":21},"end":{"line":102,"column":12}},"line":99}},"f":{"0":15,"1":0,"2":1,"3":0,"4":0,"5":0,"6":0,"7":0,"8":1,"9":0}}
,"/Users/home/task-board-assignment/src/api/client.ts": {"path":"/Users/home/task-board-assignment/src/api/client.ts","all":false,"statementMap":{"0":{"start":{"line":1,"column":0},"end":{"line":1,"column":36}},"1":{"start":{"line":2,"column":0},"end":{"line":2,"column":0}},"2":{"start":{"line":3,"column":0},"end":{"line":3,"column":44}},"3":{"start":{"line":4,"column":0},"end":{"line":4,"column":42}},"4":{"start":{"line":5,"column":0},"end":{"line":5,"column":45}},"5":{"start":{"line":6,"column":0},"end":{"line":6,"column":0}},"6":{"start":{"line":7,"column":0},"end":{"line":7,"column":72}},"7":{"start":{"line":8,"column":0},"end":{"line":8,"column":37}},"8":{"start":{"line":9,"column":0},"end":{"line":9,"column":16}},"9":{"start":{"line":10,"column":0},"end":{"line":10,"column":18}},"10":{"start":{"line":11,"column":0},"end":{"line":11,"column":66}},"11":{"start":{"line":12,"column":0},"end":{"line":12,"column":18}},"12":{"start":{"line":13,"column":0},"end":{"line":13,"column":26}},"13":{"start":{"line":14,"column":0},"end":{"line":14,"column":24}},"14":{"start":{"line":15,"column":0},"end":{"line":15,"column":26}},"15":{"start":{"line":16,"column":0},"end":{"line":16,"column":3}},"16":{"start":{"line":17,"column":0},"end":{"line":17,"column":1}},"17":{"start":{"line":18,"column":0},"end":{"line":18,"column":0}},"18":{"start":{"line":19,"column":0},"end":{"line":19,"column":53}},"19":{"start":{"line":20,"column":0},"end":{"line":20,"column":16}},"20":{"start":{"line":21,"column":0},"end":{"line":21,"column":31}},"21":{"start":{"line":22,"column":0},"end":{"line":22,"column":9}},"22":{"start":{"line":23,"column":0},"end":{"line":23,"column":32}},"23":{"start":{"line":24,"column":0},"end":{"line":24,"column":13}},"24":{"start":{"line":25,"column":0},"end":{"line":25,"column":19}},"25":{"start":{"line":26,"column":0},"end":{"line":26,"column":5}},"26":{"start":{"line":27,"column":0},"end":{"line":27,"column":19}},"27":{"start":{"line":28,"column":0},"end":{"line":28,"column":82}},"28":{"start":{"line":29,"column":0},"end":{"line":29,"column":52}},"29":{"start":{"line":30,"column":0},"end":{"line":30,"column":3}},"30":{"start":{"line":31,"column":0},"end":{"line":31,"column":47}},"31":{"start":{"line":32,"column":0},"end":{"line":32,"column":33}},"32":{"start":{"line":33,"column":0},"end":{"line":33,"column":1}},"33":{"start":{"line":34,"column":0},"end":{"line":34,"column":0}},"34":{"start":{"line":35,"column":0},"end":{"line":35,"column":65}},"35":{"start":{"line":36,"column":0},"end":{"line":36,"column":74}},"36":{"start":{"line":37,"column":0},"end":{"line":37,"column":1}},"37":{"start":{"line":38,"column":0},"end":{"line":38,"column":0}},"38":{"start":{"line":39,"column":0},"end":{"line":39,"column":65}},"39":{"start":{"line":40,"column":0},"end":{"line":40,"column":33}},"40":{"start":{"line":41,"column":0},"end":{"line":41,"column":19}},"41":{"start":{"line":42,"column":0},"end":{"line":42,"column":52}},"42":{"start":{"line":43,"column":0},"end":{"line":43,"column":32}},"43":{"start":{"line":44,"column":0},"end":{"line":44,"column":33}},"44":{"start":{"line":45,"column":0},"end":{"line":45,"column":1}},"45":{"start":{"line":46,"column":0},"end":{"line":46,"column":0}},"46":{"start":{"line":47,"column":0},"end":{"line":47,"column":27}},"47":{"start":{"line":48,"column":0},"end":{"line":48,"column":13}},"48":{"start":{"line":49,"column":0},"end":{"line":49,"column":45}},"49":{"start":{"line":50,"column":0},"end":{"line":50,"column":18}},"50":{"start":{"line":51,"column":0},"end":{"line":51,"column":39}},"51":{"start":{"line":52,"column":0},"end":{"line":52,"column":20}},"52":{"start":{"line":53,"column":0},"end":{"line":53,"column":52}},"53":{"start":{"line":54,"column":0},"end":{"line":54,"column":32}},"54":{"start":{"line":55,"column":0},"end":{"line":55,"column":33}},"55":{"start":{"line":56,"column":0},"end":{"line":56,"column":1}},"56":{"start":{"line":57,"column":0},"end":{"line":57,"column":0}},"57":{"start":{"line":58,"column":0},"end":{"line":58,"column":55}},"58":{"start":{"line":59,"column":0},"end":{"line":59,"column":88}},"59":{"start":{"line":60,"column":0},"end":{"line":60,"column":1}}},"s":{"0":1,"1":1,"2":1,"3":1,"4":1,"5":1,"6":1,"7":1,"8":1,"9":23,"10":1,"11":23,"12":23,"13":23,"14":23,"15":23,"16":1,"17":1,"18":0,"19":0,"20":0,"21":0,"22":0,"23":0,"24":0,"25":0,"26":0,"27":0,"28":0,"29":0,"30":0,"31":0,"32":0,"33":1,"34":1,"35":0,"36":0,"37":1,"38":1,"39":0,"40":0,"41":0,"42":0,"43":0,"44":0,"45":1,"46":1,"47":0,"48":0,"49":0,"50":0,"51":0,"52":0,"53":0,"54":0,"55":0,"56":1,"57":1,"58":0,"59":0},"branchMap":{"0":{"type":"branch","line":9,"loc":{"start":{"line":9,"column":2},"end":{"line":10,"column":18}},"locations":[{"start":{"line":9,"column":2},"end":{"line":10,"column":18}}]},"1":{"type":"branch","line":11,"loc":{"start":{"line":11,"column":2},"end":{"line":16,"column":3}},"locations":[{"start":{"line":11,"column":2},"end":{"line":16,"column":3}}]}},"b":{"0":[23],"1":[23]},"fnMap":{"0":{"name":"<instance_members_initializer>","decl":{"start":{"line":9,"column":2},"end":{"line":10,"column":18}},"loc":{"start":{"line":9,"column":2},"end":{"line":10,"column":18}},"line":9},"1":{"name":"ApiError","decl":{"start":{"line":11,"column":2},"end":{"line":16,"column":3}},"loc":{"start":{"line":11,"column":2},"end":{"line":16,"column":3}},"line":11},"2":{"name":"handle","decl":{"start":{"line":19,"column":0},"end":{"line":33,"column":1}},"loc":{"start":{"line":19,"column":0},"end":{"line":33,"column":1}},"line":19},"3":{"name":"getTasks","decl":{"start":{"line":35,"column":7},"end":{"line":37,"column":1}},"loc":{"start":{"line":35,"column":7},"end":{"line":37,"column":1}},"line":35},"4":{"name":"createTask","decl":{"start":{"line":39,"column":7},"end":{"line":45,"column":1}},"loc":{"start":{"line":39,"column":7},"end":{"line":45,"column":1}},"line":39},"5":{"name":"updateTask","decl":{"start":{"line":47,"column":7},"end":{"line":56,"column":1}},"loc":{"start":{"line":47,"column":7},"end":{"line":56,"column":1}},"line":47},"6":{"name":"deleteTask","decl":{"start":{"line":58,"column":7},"end":{"line":60,"column":1}},"loc":{"start":{"line":58,"column":7},"end":{"line":60,"column":1}},"line":58}},"f":{"0":23,"1":23,"2":0,"3":0,"4":0,"5":0,"6":0}}
,"/Users/home/task-board-assignment/src/components/BoardToolbar.tsx": {"path":"/Users/home/task-board-assignment/src/components/BoardToolbar.tsx","all":false,"statementMap":{"0":{"start":{"line":1,"column":0},"end":{"line":1,"column":40}},"1":{"start":{"line":2,"column":0},"end":{"line":2,"column":0}},"2":{"start":{"line":3,"column":0},"end":{"line":3,"column":17}},"3":{"start":{"line":4,"column":0},"end":{"line":4,"column":15}},"4":{"start":{"line":5,"column":0},"end":{"line":5,"column":28}},"5":{"start":{"line":6,"column":0},"end":{"line":6,"column":40}},"6":{"start":{"line":7,"column":0},"end":{"line":7,"column":56}},"7":{"start":{"line":8,"column":0},"end":{"line":8,"column":1}},"8":{"start":{"line":9,"column":0},"end":{"line":9,"column":0}},"9":{"start":{"line":10,"column":0},"end":{"line":10,"column":39}},"10":{"start":{"line":11,"column":0},"end":{"line":11,"column":91}},"11":{"start":{"line":12,"column":0},"end":{"line":12,"column":10}},"12":{"start":{"line":13,"column":0},"end":{"line":13,"column":35}},"13":{"start":{"line":14,"column":0},"end":{"line":14,"column":12}},"14":{"start":{"line":15,"column":0},"end":{"line":15,"column":21}},"15":{"start":{"line":16,"column":0},"end":{"line":16,"column":27}},"16":{"start":{"line":17,"column":0},"end":{"line":17,"column":21}},"17":{"start":{"line":18,"column":0},"end":{"line":18,"column":55}},"18":{"start":{"line":19,"column":0},"end":{"line":19,"column":8}},"19":{"start":{"line":20,"column":0},"end":{"line":20,"column":13}},"20":{"start":{"line":21,"column":0},"end":{"line":21,"column":24}},"21":{"start":{"line":22,"column":0},"end":{"line":22,"column":78}},"22":{"start":{"line":23,"column":0},"end":{"line":23,"column":7}},"23":{"start":{"line":24,"column":0},"end":{"line":24,"column":44}},"24":{"start":{"line":25,"column":0},"end":{"line":25,"column":42}},"25":{"start":{"line":26,"column":0},"end":{"line":26,"column":46}},"26":{"start":{"line":27,"column":0},"end":{"line":27,"column":40}},"27":{"start":{"line":28,"column":0},"end":{"line":28,"column":15}},"28":{"start":{"line":29,"column":0},"end":{"line":29,"column":10}},"29":{"start":{"line":30,"column":0},"end":{"line":30,"column":3}},"30":{"start":{"line":31,"column":0},"end":{"line":31,"column":1}}},"s":{"0":1,"1":1,"2":1,"3":1,"4":1,"5":1,"6":1,"7":1,"8":1,"9":1,"10":1,"11":7,"12":7,"13":7,"14":7,"15":7,"16":7,"17":7,"18":7,"19":7,"20":7,"21":7,"22":7,"23":7,"24":7,"25":7,"26":7,"27":7,"28":7,"29":7,"30":7},"branchMap":{"0":{"type":"branch","line":11,"loc":{"start":{"line":11,"column":7},"end":{"line":31,"column":1}},"locations":[{"start":{"line":11,"column":7},"end":{"line":31,"column":1}}]}},"b":{"0":[7]},"fnMap":{"0":{"name":"BoardToolbar","decl":{"start":{"line":11,"column":7},"end":{"line":31,"column":1}},"loc":{"start":{"line":11,"column":7},"end":{"line":31,"column":1}},"line":11},"1":{"name":"onChange","decl":{"start":{"line":18,"column":18},"end":{"line":18,"column":55}},"loc":{"start":{"line":18,"column":18},"end":{"line":18,"column":55}},"line":18},"2":{"name":"onChange","decl":{"start":{"line":22,"column":18},"end":{"line":22,"column":78}},"loc":{"start":{"line":22,"column":18},"end":{"line":22,"column":78}},"line":22}},"f":{"0":7,"1":0,"2":0}}
,"/Users/home/task-board-assignment/src/components/Card.tsx": {"path":"/Users/home/task-board-assignment/src/components/Card.tsx","all":false,"statementMap":{"0":{"start":{"line":1,"column":0},"end":{"line":1,"column":36}},"1":{"start":{"line":2,"column":0},"end":{"line":2,"column":0}},"2":{"start":{"line":3,"column":0},"end":{"line":3,"column":58}},"3":{"start":{"line":4,"column":0},"end":{"line":4,"column":15}},"4":{"start":{"line":5,"column":0},"end":{"line":5,"column":19}},"5":{"start":{"line":6,"column":0},"end":{"line":6,"column":13}},"6":{"start":{"line":7,"column":0},"end":{"line":7,"column":1}},"7":{"start":{"line":8,"column":0},"end":{"line":8,"column":0}},"8":{"start":{"line":9,"column":0},"end":{"line":9,"column":79}},"9":{"start":{"line":10,"column":0},"end":{"line":10,"column":10}},"10":{"start":{"line":11,"column":0},"end":{"line":11,"column":12}},"11":{"start":{"line":12,"column":0},"end":{"line":12,"column":50}},"12":{"start":{"line":13,"column":0},"end":{"line":13,"column":15}},"13":{"start":{"line":14,"column":0},"end":{"line":14,"column":72}},"14":{"start":{"line":15,"column":0},"end":{"line":15,"column":23}},"15":{"start":{"line":16,"column":0},"end":{"line":16,"column":5}},"16":{"start":{"line":17,"column":0},"end":{"line":17,"column":52}},"17":{"start":{"line":18,"column":0},"end":{"line":18,"column":33}},"18":{"start":{"line":19,"column":0},"end":{"line":19,"column":95}},"19":{"start":{"line":20,"column":0},"end":{"line":20,"column":85}},"20":{"start":{"line":21,"column":0},"end":{"line":21,"column":12}},"21":{"start":{"line":22,"column":0},"end":{"line":22,"column":14}},"22":{"start":{"line":23,"column":0},"end":{"line":23,"column":3}},"23":{"start":{"line":24,"column":0},"end":{"line":24,"column":1}}},"s":{"0":1,"1":1,"2":1,"3":1,"4":1,"5":1,"6":1,"7":1,"8":1,"9":9,"10":9,"11":9,"12":9,"13":9,"14":9,"15":9,"16":9,"17":9,"18":9,"19":9,"20":9,"21":9,"22":9,"23":9},"branchMap":{"0":{"type":"branch","line":9,"loc":{"start":{"line":9,"column":7},"end":{"line":24,"column":1}},"locations":[{"start":{"line":9,"column":7},"end":{"line":24,"column":1}}]}},"b":{"0":[9]},"fnMap":{"0":{"name":"Card","decl":{"start":{"line":9,"column":7},"end":{"line":24,"column":1}},"loc":{"start":{"line":9,"column":7},"end":{"line":24,"column":1}},"line":9},"1":{"name":"onDragStart","decl":{"start":{"line":14,"column":19},"end":{"line":14,"column":72}},"loc":{"start":{"line":14,"column":19},"end":{"line":14,"column":72}},"line":14}},"f":{"0":9,"1":0}}
,"/Users/home/task-board-assignment/src/components/Column.tsx": {"path":"/Users/home/task-board-assignment/src/components/Column.tsx","all":false,"statementMap":{"0":{"start":{"line":1,"column":0},"end":{"line":1,"column":30}},"1":{"start":{"line":2,"column":0},"end":{"line":2,"column":56}},"2":{"start":{"line":3,"column":0},"end":{"line":3,"column":44}},"3":{"start":{"line":4,"column":0},"end":{"line":4,"column":29}},"4":{"start":{"line":5,"column":0},"end":{"line":5,"column":0}},"5":{"start":{"line":6,"column":0},"end":{"line":6,"column":17}},"6":{"start":{"line":7,"column":0},"end":{"line":7,"column":15}},"7":{"start":{"line":8,"column":0},"end":{"line":8,"column":16}},"8":{"start":{"line":9,"column":0},"end":{"line":9,"column":15}},"9":{"start":{"line":10,"column":0},"end":{"line":10,"column":46}},"10":{"start":{"line":11,"column":0},"end":{"line":11,"column":33}},"11":{"start":{"line":12,"column":0},"end":{"line":12,"column":30}},"12":{"start":{"line":13,"column":0},"end":{"line":13,"column":1}},"13":{"start":{"line":14,"column":0},"end":{"line":14,"column":0}},"14":{"start":{"line":15,"column":0},"end":{"line":15,"column":60}},"15":{"start":{"line":16,"column":0},"end":{"line":16,"column":21}},"16":{"start":{"line":17,"column":0},"end":{"line":17,"column":0}},"17":{"start":{"line":18,"column":0},"end":{"line":18,"column":80}},"18":{"start":{"line":19,"column":0},"end":{"line":19,"column":46}},"19":{"start":{"line":20,"column":0},"end":{"line":20,"column":0}},"20":{"start":{"line":21,"column":0},"end":{"line":21,"column":71}},"21":{"start":{"line":22,"column":0},"end":{"line":22,"column":38}},"22":{"start":{"line":23,"column":0},"end":{"line":23,"column":24}},"23":{"start":{"line":24,"column":0},"end":{"line":24,"column":44}},"24":{"start":{"line":25,"column":0},"end":{"line":25,"column":35}},"25":{"start":{"line":26,"column":0},"end":{"line":26,"column":17}},"26":{"start":{"line":27,"column":0},"end":{"line":27,"column":35}},"27":{"start":{"line":28,"column":0},"end":{"line":28,"column":4}},"28":{"start":{"line":29,"column":0},"end":{"line":29,"column":0}},"29":{"start":{"line":30,"column":0},"end":{"line":30,"column":10}},"30":{"start":{"line":31,"column":0},"end":{"line":31,"column":12}},"31":{"start":{"line":32,"column":0},"end":{"line":32,"column":24}},"32":{"start":{"line":33,"column":0},"end":{"line":33,"column":44}},"33":{"start":{"line":34,"column":0},"end":{"line":34,"column":22}},"34":{"start":{"line":35,"column":0},"end":{"line":35,"column":55}},"35":{"start":{"line":36,"column":0},"end":{"line":36,"column":34}},"36":{"start":{"line":37,"column":0},"end":{"line":37,"column":8}},"37":{"start":{"line":38,"column":0},"end":{"line":38,"column":5}},"38":{"start":{"line":39,"column":0},"end":{"line":39,"column":35}},"39":{"start":{"line":40,"column":0},"end":{"line":40,"column":61}},"40":{"start":{"line":41,"column":0},"end":{"line":41,"column":15}},"41":{"start":{"line":42,"column":0},"end":{"line":42,"column":23}},"42":{"start":{"line":43,"column":0},"end":{"line":43,"column":29}},"43":{"start":{"line":44,"column":0},"end":{"line":44,"column":41}},"44":{"start":{"line":45,"column":0},"end":{"line":45,"column":39}},"45":{"start":{"line":46,"column":0},"end":{"line":46,"column":9}},"46":{"start":{"line":47,"column":0},"end":{"line":47,"column":11}},"47":{"start":{"line":48,"column":0},"end":{"line":48,"column":17}},"48":{"start":{"line":49,"column":0},"end":{"line":49,"column":11}},"49":{"start":{"line":50,"column":0},"end":{"line":50,"column":49}},"50":{"start":{"line":51,"column":0},"end":{"line":51,"column":82}},"51":{"start":{"line":52,"column":0},"end":{"line":52,"column":54}},"52":{"start":{"line":53,"column":0},"end":{"line":53,"column":16}},"53":{"start":{"line":54,"column":0},"end":{"line":54,"column":26}},"54":{"start":{"line":55,"column":0},"end":{"line":55,"column":22}},"55":{"start":{"line":56,"column":0},"end":{"line":56,"column":37}},"56":{"start":{"line":57,"column":0},"end":{"line":57,"column":23}},"57":{"start":{"line":58,"column":0},"end":{"line":58,"column":24}},"58":{"start":{"line":59,"column":0},"end":{"line":59,"column":30}},"59":{"start":{"line":60,"column":0},"end":{"line":60,"column":55}},"60":{"start":{"line":61,"column":0},"end":{"line":61,"column":16}},"61":{"start":{"line":62,"column":0},"end":{"line":62,"column":13}},"62":{"start":{"line":63,"column":0},"end":{"line":63,"column":85}},"63":{"start":{"line":64,"column":0},"end":{"line":64,"column":18}},"64":{"start":{"line":65,"column":0},"end":{"line":65,"column":13}},"65":{"start":{"line":66,"column":0},"end":{"line":66,"column":14}},"66":{"start":{"line":67,"column":0},"end":{"line":67,"column":12}},"67":{"start":{"line":68,"column":0},"end":{"line":68,"column":14}},"68":{"start":{"line":69,"column":0},"end":{"line":69,"column":3}},"69":{"start":{"line":70,"column":0},"end":{"line":70,"column":1}}},"s":{"0":1,"1":1,"2":1,"3":1,"4":1,"5":1,"6":1,"7":1,"8":1,"9":1,"10":1,"11":1,"12":1,"13":1,"14":1,"15":1,"16":1,"17":1,"18":26,"19":26,"20":26,"21":26,"22":26,"23":26,"24":26,"25":26,"26":26,"27":26,"28":26,"29":26,"30":26,"31":26,"32":26,"33":26,"34":1,"35":1,"36":1,"37":26,"38":26,"39":26,"40":26,"41":26,"42":26,"43":26,"44":26,"45":26,"46":26,"47":26,"48":26,"49":26,"50":26,"51":26,"52":9,"53":9,"54":9,"55":9,"56":9,"57":9,"58":9,"59":9,"60":9,"61":9,"62":9,"63":9,"64":26,"65":26,"66":26,"67":26,"68":26,"69":26},"branchMap":{"0":{"type":"branch","line":18,"loc":{"start":{"line":18,"column":7},"end":{"line":70,"column":1}},"locations":[{"start":{"line":18,"column":7},"end":{"line":70,"column":1}}]},"1":{"type":"branch","line":24,"loc":{"start":{"line":24,"column":22},"end":{"line":24,"column":44}},"locations":[{"start":{"line":24,"column":22},"end":{"line":24,"column":44}}]},"2":{"type":"branch","line":25,"loc":{"start":{"line":25,"column":18},"end":{"line":25,"column":35}},"locations":[{"start":{"line":25,"column":18},"end":{"line":25,"column":35}}]},"3":{"type":"branch","line":27,"loc":{"start":{"line":27,"column":16},"end":{"line":27,"column":35}},"locations":[{"start":{"line":27,"column":16},"end":{"line":27,"column":35}}]},"4":{"type":"branch","line":34,"loc":{"start":{"line":34,"column":14},"end":{"line":37,"column":8}},"locations":[{"start":{"line":34,"column":14},"end":{"line":37,"column":8}}]},"5":{"type":"branch","line":52,"loc":{"start":{"line":52,"column":45},"end":{"line":64,"column":18}},"locations":[{"start":{"line":52,"column":45},"end":{"line":64,"column":18}}]}},"b":{"0":[26],"1":[26],"2":[14],"3":[23],"4":[1],"5":[9]},"fnMap":{"0":{"name":"Column","decl":{"start":{"line":18,"column":7},"end":{"line":70,"column":1}},"loc":{"start":{"line":18,"column":7},"end":{"line":70,"column":1}},"line":18},"1":{"name":"getScrollElement","decl":{"start":{"line":24,"column":22},"end":{"line":24,"column":44}},"loc":{"start":{"line":24,"column":22},"end":{"line":24,"column":44}},"line":24},"2":{"name":"estimateSize","decl":{"start":{"line":25,"column":18},"end":{"line":25,"column":35}},"loc":{"start":{"line":25,"column":18},"end":{"line":25,"column":35}},"line":25},"3":{"name":"getItemKey","decl":{"start":{"line":27,"column":16},"end":{"line":27,"column":35}},"loc":{"start":{"line":27,"column":16},"end":{"line":27,"column":35}},"line":27},"4":{"name":"onDragOver","decl":{"start":{"line":33,"column":18},"end":{"line":33,"column":44}},"loc":{"start":{"line":33,"column":18},"end":{"line":33,"column":44}},"line":33},"5":{"name":"onDrop","decl":{"start":{"line":34,"column":14},"end":{"line":37,"column":8}},"loc":{"start":{"line":34,"column":14},"end":{"line":37,"column":8}},"line":34},"6":{"name":"onClick","decl":{"start":{"line":45,"column":19},"end":{"line":45,"column":39}},"loc":{"start":{"line":45,"column":19},"end":{"line":45,"column":39}},"line":45},"7":{"name":"onClick","decl":{"start":{"line":63,"column":52},"end":{"line":63,"column":83}},"loc":{"start":{"line":63,"column":52},"end":{"line":63,"column":83}},"line":63}},"f":{"0":26,"1":26,"2":14,"3":23,"4":0,"5":1,"6":0,"7":0}}
,"/Users/home/task-board-assignment/src/components/FailureToast.tsx": {"path":"/Users/home/task-board-assignment/src/components/FailureToast.tsx","all":false,"statementMap":{"0":{"start":{"line":1,"column":0},"end":{"line":1,"column":38}},"1":{"start":{"line":2,"column":0},"end":{"line":2,"column":70}},"2":{"start":{"line":3,"column":0},"end":{"line":3,"column":54}},"3":{"start":{"line":4,"column":0},"end":{"line":4,"column":0}},"4":{"start":{"line":5,"column":0},"end":{"line":5,"column":46}},"5":{"start":{"line":6,"column":0},"end":{"line":6,"column":16}},"6":{"start":{"line":7,"column":0},"end":{"line":7,"column":31}},"7":{"start":{"line":8,"column":0},"end":{"line":8,"column":15}},"8":{"start":{"line":9,"column":0},"end":{"line":9,"column":1}},"9":{"start":{"line":10,"column":0},"end":{"line":10,"column":0}},"10":{"start":{"line":11,"column":0},"end":{"line":11,"column":45}},"11":{"start":{"line":12,"column":0},"end":{"line":12,"column":14}},"12":{"start":{"line":13,"column":0},"end":{"line":13,"column":20}},"13":{"start":{"line":14,"column":0},"end":{"line":14,"column":19}},"14":{"start":{"line":15,"column":0},"end":{"line":15,"column":15}},"15":{"start":{"line":16,"column":0},"end":{"line":16,"column":1}},"16":{"start":{"line":17,"column":0},"end":{"line":17,"column":0}},"17":{"start":{"line":18,"column":0},"end":{"line":18,"column":43}},"18":{"start":{"line":19,"column":0},"end":{"line":19,"column":45}},"19":{"start":{"line":20,"column":0},"end":{"line":20,"column":19}},"20":{"start":{"line":21,"column":0},"end":{"line":21,"column":16}},"21":{"start":{"line":22,"column":0},"end":{"line":22,"column":81}},"22":{"start":{"line":23,"column":0},"end":{"line":23,"column":18}},"23":{"start":{"line":24,"column":0},"end":{"line":24,"column":90}},"24":{"start":{"line":25,"column":0},"end":{"line":25,"column":18}},"25":{"start":{"line":26,"column":0},"end":{"line":26,"column":59}},"26":{"start":{"line":27,"column":0},"end":{"line":27,"column":18}},"27":{"start":{"line":28,"column":0},"end":{"line":28,"column":59}},"28":{"start":{"line":29,"column":0},"end":{"line":29,"column":3}},"29":{"start":{"line":30,"column":0},"end":{"line":30,"column":1}},"30":{"start":{"line":31,"column":0},"end":{"line":31,"column":0}},"31":{"start":{"line":32,"column":0},"end":{"line":32,"column":17}},"32":{"start":{"line":33,"column":0},"end":{"line":33,"column":20}},"33":{"start":{"line":34,"column":0},"end":{"line":34,"column":38}},"34":{"start":{"line":35,"column":0},"end":{"line":35,"column":24}},"35":{"start":{"line":36,"column":0},"end":{"line":36,"column":21}},"36":{"start":{"line":37,"column":0},"end":{"line":37,"column":23}},"37":{"start":{"line":38,"column":0},"end":{"line":38,"column":1}},"38":{"start":{"line":39,"column":0},"end":{"line":39,"column":0}},"39":{"start":{"line":40,"column":0},"end":{"line":40,"column":3}},"40":{"start":{"line":41,"column":0},"end":{"line":41,"column":45}},"41":{"start":{"line":42,"column":0},"end":{"line":42,"column":46}},"42":{"start":{"line":43,"column":0},"end":{"line":43,"column":3}},"43":{"start":{"line":44,"column":0},"end":{"line":44,"column":76}},"44":{"start":{"line":45,"column":0},"end":{"line":45,"column":10}},"45":{"start":{"line":46,"column":0},"end":{"line":46,"column":40}},"46":{"start":{"line":47,"column":0},"end":{"line":47,"column":63}},"47":{"start":{"line":48,"column":0},"end":{"line":48,"column":12}},"48":{"start":{"line":49,"column":0},"end":{"line":49,"column":69}},"49":{"start":{"line":50,"column":0},"end":{"line":50,"column":52}},"50":{"start":{"line":51,"column":0},"end":{"line":51,"column":27}},"51":{"start":{"line":52,"column":0},"end":{"line":52,"column":13}},"52":{"start":{"line":53,"column":0},"end":{"line":53,"column":28}},"53":{"start":{"line":54,"column":0},"end":{"line":54,"column":36}},"54":{"start":{"line":55,"column":0},"end":{"line":55,"column":32}},"55":{"start":{"line":56,"column":0},"end":{"line":56,"column":42}},"56":{"start":{"line":57,"column":0},"end":{"line":57,"column":13}},"57":{"start":{"line":58,"column":0},"end":{"line":58,"column":13}},"58":{"start":{"line":59,"column":0},"end":{"line":59,"column":8}},"59":{"start":{"line":60,"column":0},"end":{"line":60,"column":34}},"60":{"start":{"line":61,"column":0},"end":{"line":61,"column":10}},"61":{"start":{"line":62,"column":0},"end":{"line":62,"column":36}},"62":{"start":{"line":63,"column":0},"end":{"line":63,"column":75}},"63":{"start":{"line":64,"column":0},"end":{"line":64,"column":19}},"64":{"start":{"line":65,"column":0},"end":{"line":65,"column":52}},"65":{"start":{"line":66,"column":0},"end":{"line":66,"column":11}},"66":{"start":{"line":67,"column":0},"end":{"line":67,"column":8}},"67":{"start":{"line":68,"column":0},"end":{"line":68,"column":10}},"68":{"start":{"line":69,"column":0},"end":{"line":69,"column":3}},"69":{"start":{"line":70,"column":0},"end":{"line":70,"column":1}}},"s":{"0":1,"1":1,"2":1,"3":1,"4":1,"5":1,"6":1,"7":1,"8":1,"9":1,"10":1,"11":1,"12":1,"13":1,"14":1,"15":1,"16":1,"17":1,"18":7,"19":7,"20":7,"21":4,"22":7,"23":1,"24":7,"25":1,"26":7,"27":1,"28":7,"29":7,"30":1,"31":1,"32":1,"33":1,"34":1,"35":1,"36":1,"37":1,"38":1,"39":1,"40":1,"41":1,"42":1,"43":1,"44":6,"45":6,"46":6,"47":6,"48":6,"49":4,"50":2,"51":6,"52":6,"53":5,"54":5,"55":7,"56":5,"57":5,"58":6,"59":6,"60":5,"61":5,"62":5,"63":5,"64":5,"65":5,"66":6,"67":6,"68":6,"69":6},"branchMap":{"0":{"type":"branch","line":19,"loc":{"start":{"line":19,"column":0},"end":{"line":30,"column":1}},"locations":[{"start":{"line":19,"column":0},"end":{"line":30,"column":1}}]},"1":{"type":"branch","line":21,"loc":{"start":{"line":21,"column":4},"end":{"line":22,"column":81}},"locations":[{"start":{"line":21,"column":4},"end":{"line":22,"column":81}}]},"2":{"type":"branch","line":23,"loc":{"start":{"line":23,"column":4},"end":{"line":24,"column":90}},"locations":[{"start":{"line":23,"column":4},"end":{"line":24,"column":90}}]},"3":{"type":"branch","line":25,"loc":{"start":{"line":25,"column":4},"end":{"line":26,"column":59}},"locations":[{"start":{"line":25,"column":4},"end":{"line":26,"column":59}}]},"4":{"type":"branch","line":27,"loc":{"start":{"line":27,"column":4},"end":{"line":28,"column":59}},"locations":[{"start":{"line":27,"column":4},"end":{"line":28,"column":59}}]},"5":{"type":"branch","line":24,"loc":{"start":{"line":24,"column":48},"end":{"line":24,"column":74}},"locations":[{"start":{"line":24,"column":48},"end":{"line":24,"column":74}}]},"6":{"type":"branch","line":24,"loc":{"start":{"line":24,"column":68},"end":{"line":24,"column":74}},"locations":[{"start":{"line":24,"column":68},"end":{"line":24,"column":74}}]},"7":{"type":"branch","line":44,"loc":{"start":{"line":44,"column":7},"end":{"line":70,"column":1}},"locations":[{"start":{"line":44,"column":7},"end":{"line":70,"column":1}}]},"8":{"type":"branch","line":49,"loc":{"start":{"line":49,"column":30},"end":{"line":49,"column":69}},"locations":[{"start":{"line":49,"column":30},"end":{"line":49,"column":69}}]},"9":{"type":"branch","line":49,"loc":{"start":{"line":49,"column":54},"end":{"line":50,"column":52}},"locations":[{"start":{"line":49,"column":54},"end":{"line":50,"column":52}}]},"10":{"type":"branch","line":50,"loc":{"start":{"line":50,"column":36},"end":{"line":51,"column":27}},"locations":[{"start":{"line":50,"column":36},"end":{"line":51,"column":27}}]},"11":{"type":"branch","line":53,"loc":{"start":{"line":53,"column":22},"end":{"line":58,"column":13}},"locations":[{"start":{"line":53,"column":22},"end":{"line":58,"column":13}}]},"12":{"type":"branch","line":60,"loc":{"start":{"line":60,"column":28},"end":{"line":66,"column":11}},"locations":[{"start":{"line":60,"column":28},"end":{"line":66,"column":11}}]},"13":{"type":"branch","line":63,"loc":{"start":{"line":63,"column":34},"end":{"line":63,"column":69}},"locations":[{"start":{"line":63,"column":34},"end":{"line":63,"column":69}}]},"14":{"type":"branch","line":63,"loc":{"start":{"line":63,"column":59},"end":{"line":63,"column":75}},"locations":[{"start":{"line":63,"column":59},"end":{"line":63,"column":75}}]},"15":{"type":"branch","line":55,"loc":{"start":{"line":55,"column":21},"end":{"line":56,"column":42}},"locations":[{"start":{"line":55,"column":21},"end":{"line":56,"column":42}}]}},"b":{"0":[7],"1":[4],"2":[1],"3":[1],"4":[1],"5":[2],"6":[0],"7":[6],"8":[5],"9":[4],"10":[2],"11":[5],"12":[5],"13":[1],"14":[4],"15":[7]},"fnMap":{"0":{"name":"describe","decl":{"start":{"line":19,"column":0},"end":{"line":30,"column":1}},"loc":{"start":{"line":19,"column":0},"end":{"line":30,"column":1}},"line":19},"1":{"name":"FailureToast","decl":{"start":{"line":44,"column":7},"end":{"line":70,"column":1}},"loc":{"start":{"line":44,"column":7},"end":{"line":70,"column":1}},"line":44}},"f":{"0":7,"1":6}}
,"/Users/home/task-board-assignment/src/components/TaskDialog.tsx": {"path":"/Users/home/task-board-assignment/src/components/TaskDialog.tsx","all":false,"statementMap":{"0":{"start":{"line":1,"column":0},"end":{"line":1,"column":51}},"1":{"start":{"line":2,"column":0},"end":{"line":2,"column":46}},"2":{"start":{"line":3,"column":0},"end":{"line":3,"column":0}},"3":{"start":{"line":4,"column":0},"end":{"line":4,"column":31}},"4":{"start":{"line":5,"column":0},"end":{"line":5,"column":15}},"5":{"start":{"line":6,"column":0},"end":{"line":6,"column":22}},"6":{"start":{"line":7,"column":0},"end":{"line":7,"column":20}},"7":{"start":{"line":8,"column":0},"end":{"line":8,"column":1}},"8":{"start":{"line":9,"column":0},"end":{"line":9,"column":0}},"9":{"start":{"line":10,"column":0},"end":{"line":10,"column":17}},"10":{"start":{"line":11,"column":0},"end":{"line":11,"column":57}},"11":{"start":{"line":12,"column":0},"end":{"line":12,"column":15}},"12":{"start":{"line":13,"column":0},"end":{"line":13,"column":44}},"13":{"start":{"line":14,"column":0},"end":{"line":14,"column":13}},"14":{"start":{"line":15,"column":0},"end":{"line":15,"column":21}},"15":{"start":{"line":16,"column":0},"end":{"line":16,"column":42}},"16":{"start":{"line":17,"column":0},"end":{"line":17,"column":36}},"17":{"start":{"line":18,"column":0},"end":{"line":18,"column":33}},"18":{"start":{"line":19,"column":0},"end":{"line":19,"column":1}},"19":{"start":{"line":20,"column":0},"end":{"line":20,"column":0}},"20":{"start":{"line":21,"column":0},"end":{"line":21,"column":3}},"21":{"start":{"line":22,"column":0},"end":{"line":22,"column":67}},"22":{"start":{"line":23,"column":0},"end":{"line":23,"column":36}},"23":{"start":{"line":24,"column":0},"end":{"line":24,"column":3}},"24":{"start":{"line":25,"column":0},"end":{"line":25,"column":78}},"25":{"start":{"line":26,"column":0},"end":{"line":26,"column":51}},"26":{"start":{"line":27,"column":0},"end":{"line":27,"column":40}},"27":{"start":{"line":28,"column":0},"end":{"line":28,"column":52}},"28":{"start":{"line":29,"column":0},"end":{"line":29,"column":62}},"29":{"start":{"line":30,"column":0},"end":{"line":30,"column":65}},"30":{"start":{"line":31,"column":0},"end":{"line":31,"column":0}},"31":{"start":{"line":32,"column":0},"end":{"line":32,"column":62}},"32":{"start":{"line":33,"column":0},"end":{"line":33,"column":19}},"33":{"start":{"line":34,"column":0},"end":{"line":34,"column":36}},"34":{"start":{"line":35,"column":0},"end":{"line":35,"column":23}},"35":{"start":{"line":36,"column":0},"end":{"line":36,"column":15}},"36":{"start":{"line":37,"column":0},"end":{"line":37,"column":33}},"37":{"start":{"line":38,"column":0},"end":{"line":38,"column":45}},"38":{"start":{"line":39,"column":0},"end":{"line":39,"column":45}},"39":{"start":{"line":40,"column":0},"end":{"line":40,"column":32}},"40":{"start":{"line":41,"column":0},"end":{"line":41,"column":42}},"41":{"start":{"line":42,"column":0},"end":{"line":42,"column":29}},"42":{"start":{"line":43,"column":0},"end":{"line":43,"column":20}},"43":{"start":{"line":44,"column":0},"end":{"line":44,"column":5}},"44":{"start":{"line":45,"column":0},"end":{"line":45,"column":18}},"45":{"start":{"line":46,"column":0},"end":{"line":46,"column":0}},"46":{"start":{"line":47,"column":0},"end":{"line":47,"column":45}},"47":{"start":{"line":48,"column":0},"end":{"line":48,"column":22}},"48":{"start":{"line":49,"column":0},"end":{"line":49,"column":32}},"49":{"start":{"line":50,"column":0},"end":{"line":50,"column":33}},"50":{"start":{"line":51,"column":0},"end":{"line":51,"column":86}},"51":{"start":{"line":52,"column":0},"end":{"line":52,"column":13}},"52":{"start":{"line":53,"column":0},"end":{"line":53,"column":3}},"53":{"start":{"line":54,"column":0},"end":{"line":54,"column":0}},"54":{"start":{"line":55,"column":0},"end":{"line":55,"column":32}},"55":{"start":{"line":56,"column":0},"end":{"line":56,"column":28}},"56":{"start":{"line":57,"column":0},"end":{"line":57,"column":31}},"57":{"start":{"line":58,"column":0},"end":{"line":58,"column":12}},"58":{"start":{"line":59,"column":0},"end":{"line":59,"column":5}},"59":{"start":{"line":60,"column":0},"end":{"line":60,"column":33}},"60":{"start":{"line":61,"column":0},"end":{"line":61,"column":13}},"61":{"start":{"line":62,"column":0},"end":{"line":62,"column":3}},"62":{"start":{"line":63,"column":0},"end":{"line":63,"column":0}},"63":{"start":{"line":64,"column":0},"end":{"line":64,"column":10}},"64":{"start":{"line":65,"column":0},"end":{"line":65,"column":70}},"65":{"start":{"line":66,"column":0},"end":{"line":66,"column":36}},"66":{"start":{"line":67,"column":0},"end":{"line":67,"column":44}},"67":{"start":{"line":68,"column":0},"end":{"line":68,"column":15}},"68":{"start":{"line":69,"column":0},"end":{"line":69,"column":12}},"69":{"start":{"line":70,"column":0},"end":{"line":70,"column":16}},"70":{"start":{"line":71,"column":0},"end":{"line":71,"column":25}},"71":{"start":{"line":72,"column":0},"end":{"line":72,"column":54}},"72":{"start":{"line":73,"column":0},"end":{"line":73,"column":20}},"73":{"start":{"line":74,"column":0},"end":{"line":74,"column":21}},"74":{"start":{"line":75,"column":0},"end":{"line":75,"column":12}},"75":{"start":{"line":76,"column":0},"end":{"line":76,"column":16}},"76":{"start":{"line":77,"column":0},"end":{"line":77,"column":15}},"77":{"start":{"line":78,"column":0},"end":{"line":78,"column":14}},"78":{"start":{"line":79,"column":0},"end":{"line":79,"column":93}},"79":{"start":{"line":80,"column":0},"end":{"line":80,"column":46}},"80":{"start":{"line":81,"column":0},"end":{"line":81,"column":50}},"81":{"start":{"line":82,"column":0},"end":{"line":82,"column":44}},"82":{"start":{"line":83,"column":0},"end":{"line":83,"column":19}},"83":{"start":{"line":84,"column":0},"end":{"line":84,"column":16}},"84":{"start":{"line":85,"column":0},"end":{"line":85,"column":15}},"85":{"start":{"line":86,"column":0},"end":{"line":86,"column":12}},"86":{"start":{"line":87,"column":0},"end":{"line":87,"column":91}},"87":{"start":{"line":88,"column":0},"end":{"line":88,"column":16}},"88":{"start":{"line":89,"column":0},"end":{"line":89,"column":45}},"89":{"start":{"line":90,"column":0},"end":{"line":90,"column":31}},"90":{"start":{"line":91,"column":0},"end":{"line":91,"column":51}},"91":{"start":{"line":92,"column":0},"end":{"line":92,"column":45}},"92":{"start":{"line":93,"column":0},"end":{"line":93,"column":23}},"93":{"start":{"line":94,"column":0},"end":{"line":94,"column":64}},"94":{"start":{"line":95,"column":0},"end":{"line":95,"column":18}},"95":{"start":{"line":96,"column":0},"end":{"line":96,"column":23}},"96":{"start":{"line":97,"column":0},"end":{"line":97,"column":79}},"97":{"start":{"line":98,"column":0},"end":{"line":98,"column":18}},"98":{"start":{"line":99,"column":0},"end":{"line":99,"column":23}},"99":{"start":{"line":100,"column":0},"end":{"line":100,"column":19}},"100":{"start":{"line":101,"column":0},"end":{"line":101,"column":15}},"101":{"start":{"line":102,"column":0},"end":{"line":102,"column":14}},"102":{"start":{"line":103,"column":0},"end":{"line":103,"column":24}},"103":{"start":{"line":104,"column":0},"end":{"line":104,"column":89}},"104":{"start":{"line":105,"column":0},"end":{"line":105,"column":20}},"105":{"start":{"line":106,"column":0},"end":{"line":106,"column":25}},"106":{"start":{"line":107,"column":0},"end":{"line":107,"column":16}},"107":{"start":{"line":108,"column":0},"end":{"line":108,"column":41}},"108":{"start":{"line":109,"column":0},"end":{"line":109,"column":54}},"109":{"start":{"line":110,"column":0},"end":{"line":110,"column":18}},"110":{"start":{"line":111,"column":0},"end":{"line":111,"column":23}},"111":{"start":{"line":112,"column":0},"end":{"line":112,"column":47}},"112":{"start":{"line":113,"column":0},"end":{"line":113,"column":15}},"113":{"start":{"line":114,"column":0},"end":{"line":114,"column":12}},"114":{"start":{"line":115,"column":0},"end":{"line":115,"column":14}},"115":{"start":{"line":116,"column":0},"end":{"line":116,"column":13}},"116":{"start":{"line":117,"column":0},"end":{"line":117,"column":13}},"117":{"start":{"line":118,"column":0},"end":{"line":118,"column":3}},"118":{"start":{"line":119,"column":0},"end":{"line":119,"column":1}}},"s":{"0":1,"1":1,"2":1,"3":1,"4":1,"5":1,"6":1,"7":1,"8":1,"9":1,"10":1,"11":1,"12":1,"13":1,"14":1,"15":1,"16":1,"17":1,"18":1,"19":1,"20":1,"21":1,"22":1,"23":1,"24":1,"25":23,"26":23,"27":23,"28":23,"29":23,"30":23,"31":23,"32":23,"33":9,"34":9,"35":9,"36":5,"37":5,"38":5,"39":5,"40":5,"41":9,"42":0,"43":0,"44":23,"45":23,"46":23,"47":1,"48":1,"49":1,"50":1,"51":1,"52":1,"53":23,"54":23,"55":3,"56":2,"57":2,"58":2,"59":1,"60":1,"61":3,"62":23,"63":23,"64":23,"65":23,"66":23,"67":23,"68":23,"69":23,"70":23,"71":23,"72":23,"73":23,"74":23,"75":23,"76":23,"77":23,"78":23,"79":23,"80":23,"81":23,"82":23,"83":23,"84":23,"85":23,"86":23,"87":23,"88":23,"89":23,"90":2,"91":2,"92":2,"93":2,"94":2,"95":2,"96":2,"97":2,"98":2,"99":2,"100":21,"101":21,"102":21,"103":7,"104":7,"105":7,"106":21,"107":21,"108":21,"109":21,"110":21,"111":21,"112":21,"113":23,"114":23,"115":23,"116":23,"117":23,"118":23},"branchMap":{"0":{"type":"branch","line":25,"loc":{"start":{"line":25,"column":7},"end":{"line":119,"column":1}},"locations":[{"start":{"line":25,"column":7},"end":{"line":119,"column":1}}]},"1":{"type":"branch","line":67,"loc":{"start":{"line":67,"column":13},"end":{"line":67,"column":31}},"locations":[{"start":{"line":67,"column":13},"end":{"line":67,"column":31}}]},"2":{"type":"branch","line":67,"loc":{"start":{"line":67,"column":20},"end":{"line":67,"column":39}},"locations":[{"start":{"line":67,"column":20},"end":{"line":67,"column":39}}]},"3":{"type":"branch","line":90,"loc":{"start":{"line":90,"column":11},"end":{"line":100,"column":19}},"locations":[{"start":{"line":90,"column":11},"end":{"line":100,"column":19}}]},"4":{"type":"branch","line":100,"loc":{"start":{"line":100,"column":12},"end":{"line":113,"column":15}},"locations":[{"start":{"line":100,"column":12},"end":{"line":113,"column":15}}]},"5":{"type":"branch","line":103,"loc":{"start":{"line":103,"column":15},"end":{"line":106,"column":25}},"locations":[{"start":{"line":103,"column":15},"end":{"line":106,"column":25}}]},"6":{"type":"branch","line":33,"loc":{"start":{"line":33,"column":12},"end":{"line":45,"column":5}},"locations":[{"start":{"line":33,"column":12},"end":{"line":45,"column":5}}]},"7":{"type":"branch","line":35,"loc":{"start":{"line":35,"column":17},"end":{"line":35,"column":23}},"locations":[{"start":{"line":35,"column":17},"end":{"line":35,"column":23}}]},"8":{"type":"branch","line":36,"loc":{"start":{"line":36,"column":14},"end":{"line":42,"column":15}},"locations":[{"start":{"line":36,"column":14},"end":{"line":42,"column":15}}]},"9":{"type":"branch","line":37,"loc":{"start":{"line":37,"column":15},"end":{"line":37,"column":30}},"locations":[{"start":{"line":37,"column":15},"end":{"line":37,"column":30}}]},"10":{"type":"branch","line":37,"loc":{"start":{"line":37,"column":21},"end":{"line":37,"column":32}},"locations":[{"start":{"line":37,"column":21},"end":{"line":37,"column":32}}]},"11":{"type":"branch","line":38,"loc":{"start":{"line":38,"column":21},"end":{"line":38,"column":42}},"locations":[{"start":{"line":38,"column":21},"end":{"line":38,"column":42}}]},"12":{"type":"branch","line":38,"loc":{"start":{"line":38,"column":27},"end":{"line":38,"column":44}},"locations":[{"start":{"line":38,"column":27},"end":{"line":38,"column":44}}]},"13":{"type":"branch","line":39,"loc":{"start":{"line":39,"column":18},"end":{"line":39,"column":36}},"locations":[{"start":{"line":39,"column":18},"end":{"line":39,"column":36}}]},"14":{"type":"branch","line":39,"loc":{"start":{"line":39,"column":24},"end":{"line":39,"column":44}},"locations":[{"start":{"line":39,"column":24},"end":{"line":39,"column":44}}]},"15":{"type":"branch","line":42,"loc":{"start":{"line":42,"column":4},"end":{"line":44,"column":5}},"locations":[{"start":{"line":42,"column":4},"end":{"line":44,"column":5}}]},"16":{"type":"branch","line":42,"loc":{"start":{"line":42,"column":28},"end":{"line":44,"column":5}},"locations":[{"start":{"line":42,"column":28},"end":{"line":44,"column":5}}]},"17":{"type":"branch","line":47,"loc":{"start":{"line":47,"column":2},"end":{"line":53,"column":3}},"locations":[{"start":{"line":47,"column":2},"end":{"line":53,"column":3}}]},"18":{"type":"branch","line":50,"loc":{"start":{"line":50,"column":18},"end":{"line":50,"column":33}},"locations":[{"start":{"line":50,"column":18},"end":{"line":50,"column":33}}]},"19":{"type":"branch","line":51,"loc":{"start":{"line":51,"column":59},"end":{"line":51,"column":75}},"locations":[{"start":{"line":51,"column":59},"end":{"line":51,"column":75}}]},"20":{"type":"branch","line":55,"loc":{"start":{"line":55,"column":2},"end":{"line":62,"column":3}},"locations":[{"start":{"line":55,"column":2},"end":{"line":62,"column":3}}]},"21":{"type":"branch","line":56,"loc":{"start":{"line":56,"column":27},"end":{"line":59,"column":5}},"locations":[{"start":{"line":56,"column":27},"end":{"line":59,"column":5}}]},"22":{"type":"branch","line":59,"loc":{"start":{"line":59,"column":4},"end":{"line":61,"column":13}},"locations":[{"start":{"line":59,"column":4},"end":{"line":61,"column":13}}]},"23":{"type":"branch","line":72,"loc":{"start":{"line":72,"column":22},"end":{"line":72,"column":54}},"locations":[{"start":{"line":72,"column":22},"end":{"line":72,"column":54}}]},"24":{"type":"branch","line":79,"loc":{"start":{"line":79,"column":45},"end":{"line":79,"column":93}},"locations":[{"start":{"line":79,"column":45},"end":{"line":79,"column":93}}]},"25":{"type":"branch","line":87,"loc":{"start":{"line":87,"column":50},"end":{"line":87,"column":89}},"locations":[{"start":{"line":87,"column":50},"end":{"line":87,"column":89}}]},"26":{"type":"branch","line":97,"loc":{"start":{"line":97,"column":45},"end":{"line":97,"column":79}},"locations":[{"start":{"line":97,"column":45},"end":{"line":97,"column":79}}]}},"b":{"0":[23],"1":[9],"2":[14],"3":[2],"4":[21],"5":[7],"6":[9],"7":[0],"8":[5],"9":[3],"10":[2],"11":[3],"12":[2],"13":[3],"14":[2],"15":[4],"16":[0],"17":[1],"18":[0],"19":[0],"20":[3],"21":[2],"22":[1],"23":[1],"24":[1],"25":[1],"26":[1]},"fnMap":{"0":{"name":"TaskDialog","decl":{"start":{"line":25,"column":7},"end":{"line":119,"column":1}},"loc":{"start":{"line":25,"column":7},"end":{"line":119,"column":1}},"line":25},"1":{"name":"handleSubmit","decl":{"start":{"line":47,"column":2},"end":{"line":53,"column":3}},"loc":{"start":{"line":47,"column":2},"end":{"line":53,"column":3}},"line":47},"2":{"name":"handleDeleteClick","decl":{"start":{"line":55,"column":2},"end":{"line":62,"column":3}},"loc":{"start":{"line":55,"column":2},"end":{"line":62,"column":3}},"line":55},"3":{"name":"onChange","decl":{"start":{"line":72,"column":22},"end":{"line":72,"column":54}},"loc":{"start":{"line":72,"column":22},"end":{"line":72,"column":54}},"line":72},"4":{"name":"onChange","decl":{"start":{"line":79,"column":45},"end":{"line":79,"column":93}},"loc":{"start":{"line":79,"column":45},"end":{"line":79,"column":93}},"line":79},"5":{"name":"onChange","decl":{"start":{"line":87,"column":50},"end":{"line":87,"column":89}},"loc":{"start":{"line":87,"column":50},"end":{"line":87,"column":89}},"line":87},"6":{"name":"onClick","decl":{"start":{"line":97,"column":45},"end":{"line":97,"column":79}},"loc":{"start":{"line":97,"column":45},"end":{"line":97,"column":79}},"line":97}},"f":{"0":23,"1":1,"2":3,"3":1,"4":1,"5":1,"6":1}}
,"/Users/home/task-board-assignment/src/hooks/useTaskSync.ts": {"path":"/Users/home/task-board-assignment/src/hooks/useTaskSync.ts","all":false,"statementMap":{"0":{"start":{"line":1,"column":0},"end":{"line":1,"column":60}},"1":{"start":{"line":2,"column":0},"end":{"line":2,"column":54}},"2":{"start":{"line":3,"column":0},"end":{"line":3,"column":36}},"3":{"start":{"line":4,"column":0},"end":{"line":4,"column":66}},"4":{"start":{"line":5,"column":0},"end":{"line":5,"column":50}},"5":{"start":{"line":6,"column":0},"end":{"line":6,"column":43}},"6":{"start":{"line":7,"column":0},"end":{"line":7,"column":0}},"7":{"start":{"line":8,"column":0},"end":{"line":8,"column":65}},"8":{"start":{"line":9,"column":0},"end":{"line":9,"column":0}},"9":{"start":{"line":10,"column":0},"end":{"line":10,"column":3}},"10":{"start":{"line":11,"column":0},"end":{"line":11,"column":52}},"11":{"start":{"line":12,"column":0},"end":{"line":12,"column":43}},"12":{"start":{"line":13,"column":0},"end":{"line":13,"column":34}},"13":{"start":{"line":14,"column":0},"end":{"line":14,"column":3}},"14":{"start":{"line":15,"column":0},"end":{"line":15,"column":31}},"15":{"start":{"line":16,"column":0},"end":{"line":16,"column":38}},"16":{"start":{"line":17,"column":0},"end":{"line":17,"column":63}},"17":{"start":{"line":18,"column":0},"end":{"line":18,"column":38}},"18":{"start":{"line":19,"column":0},"end":{"line":19,"column":0}},"19":{"start":{"line":20,"column":0},"end":{"line":20,"column":24}},"20":{"start":{"line":21,"column":0},"end":{"line":21,"column":9}},"21":{"start":{"line":22,"column":0},"end":{"line":22,"column":23}},"22":{"start":{"line":23,"column":0},"end":{"line":23,"column":30}},"23":{"start":{"line":24,"column":0},"end":{"line":24,"column":29}},"24":{"start":{"line":25,"column":0},"end":{"line":25,"column":31}},"25":{"start":{"line":26,"column":0},"end":{"line":26,"column":25}},"26":{"start":{"line":27,"column":0},"end":{"line":27,"column":80}},"27":{"start":{"line":28,"column":0},"end":{"line":28,"column":28}},"28":{"start":{"line":29,"column":0},"end":{"line":29,"column":65}},"29":{"start":{"line":30,"column":0},"end":{"line":30,"column":34}},"30":{"start":{"line":31,"column":0},"end":{"line":31,"column":61}},"31":{"start":{"line":32,"column":0},"end":{"line":32,"column":92}},"32":{"start":{"line":33,"column":0},"end":{"line":33,"column":13}},"33":{"start":{"line":34,"column":0},"end":{"line":34,"column":25}},"34":{"start":{"line":35,"column":0},"end":{"line":35,"column":63}},"35":{"start":{"line":36,"column":0},"end":{"line":36,"column":45}},"36":{"start":{"line":37,"column":0},"end":{"line":37,"column":12}},"37":{"start":{"line":38,"column":0},"end":{"line":38,"column":46}},"38":{"start":{"line":39,"column":0},"end":{"line":39,"column":45}},"39":{"start":{"line":40,"column":0},"end":{"line":40,"column":50}},"40":{"start":{"line":41,"column":0},"end":{"line":41,"column":49}},"41":{"start":{"line":42,"column":0},"end":{"line":42,"column":32}},"42":{"start":{"line":43,"column":0},"end":{"line":43,"column":80}},"43":{"start":{"line":44,"column":0},"end":{"line":44,"column":10}},"44":{"start":{"line":45,"column":0},"end":{"line":45,"column":9}},"45":{"start":{"line":46,"column":0},"end":{"line":46,"column":18}},"46":{"start":{"line":47,"column":0},"end":{"line":47,"column":3}},"47":{"start":{"line":48,"column":0},"end":{"line":48,"column":0}},"48":{"start":{"line":49,"column":0},"end":{"line":49,"column":37}},"49":{"start":{"line":50,"column":0},"end":{"line":50,"column":49}},"50":{"start":{"line":51,"column":0},"end":{"line":51,"column":19}},"51":{"start":{"line":52,"column":0},"end":{"line":52,"column":28}},"52":{"start":{"line":53,"column":0},"end":{"line":53,"column":25}},"53":{"start":{"line":54,"column":0},"end":{"line":54,"column":21}},"54":{"start":{"line":55,"column":0},"end":{"line":55,"column":5}},"55":{"start":{"line":56,"column":0},"end":{"line":56,"column":47}},"56":{"start":{"line":57,"column":0},"end":{"line":57,"column":63}},"57":{"start":{"line":58,"column":0},"end":{"line":58,"column":13}},"58":{"start":{"line":59,"column":0},"end":{"line":59,"column":0}},"59":{"start":{"line":60,"column":0},"end":{"line":60,"column":64}},"60":{"start":{"line":61,"column":0},"end":{"line":61,"column":1}}},"s":{"0":1,"1":1,"2":1,"3":1,"4":1,"5":1,"6":1,"7":1,"8":1,"9":1,"10":1,"11":1,"12":1,"13":1,"14":1,"15":15,"16":15,"17":15,"18":15,"19":15,"20":15,"21":5,"22":5,"23":5,"24":5,"25":5,"26":3,"27":5,"28":4,"29":4,"30":4,"31":4,"32":4,"33":5,"34":0,"35":0,"36":0,"37":5,"38":1,"39":1,"40":1,"41":1,"42":1,"43":1,"44":5,"45":15,"46":15,"47":15,"48":15,"49":15,"50":15,"51":5,"52":0,"53":0,"54":0,"55":5,"56":5,"57":15,"58":15,"59":15,"60":15},"branchMap":{"0":{"type":"branch","line":15,"loc":{"start":{"line":15,"column":7},"end":{"line":61,"column":1}},"locations":[{"start":{"line":15,"column":7},"end":{"line":61,"column":1}}]},"1":{"type":"branch","line":21,"loc":{"start":{"line":21,"column":4},"end":{"line":45,"column":9}},"locations":[{"start":{"line":21,"column":4},"end":{"line":45,"column":9}}]},"2":{"type":"branch","line":26,"loc":{"start":{"line":26,"column":18},"end":{"line":27,"column":80}},"locations":[{"start":{"line":26,"column":18},"end":{"line":27,"column":80}}]},"3":{"type":"branch","line":27,"loc":{"start":{"line":27,"column":60},"end":{"line":27,"column":78}},"locations":[{"start":{"line":27,"column":60},"end":{"line":27,"column":78}}]},"4":{"type":"branch","line":28,"loc":{"start":{"line":28,"column":19},"end":{"line":33,"column":13}},"locations":[{"start":{"line":28,"column":19},"end":{"line":33,"column":13}}]},"5":{"type":"branch","line":29,"loc":{"start":{"line":29,"column":54},"end":{"line":33,"column":11}},"locations":[{"start":{"line":29,"column":54},"end":{"line":33,"column":11}}]},"6":{"type":"branch","line":30,"loc":{"start":{"line":30,"column":23},"end":{"line":30,"column":34}},"locations":[{"start":{"line":30,"column":23},"end":{"line":30,"column":34}}]},"7":{"type":"branch","line":32,"loc":{"start":{"line":32,"column":73},"end":{"line":32,"column":92}},"locations":[{"start":{"line":32,"column":73},"end":{"line":32,"column":92}}]},"8":{"type":"branch","line":31,"loc":{"start":{"line":31,"column":37},"end":{"line":31,"column":60}},"locations":[{"start":{"line":31,"column":37},"end":{"line":31,"column":60}}]},"9":{"type":"branch","line":32,"loc":{"start":{"line":32,"column":37},"end":{"line":32,"column":73}},"locations":[{"start":{"line":32,"column":37},"end":{"line":32,"column":73}}]},"10":{"type":"branch","line":32,"loc":{"start":{"line":32,"column":64},"end":{"line":32,"column":73}},"locations":[{"start":{"line":32,"column":64},"end":{"line":32,"column":73}}]},"11":{"type":"branch","line":38,"loc":{"start":{"line":38,"column":19},"end":{"line":44,"column":10}},"locations":[{"start":{"line":38,"column":19},"end":{"line":44,"column":10}}]},"12":{"type":"branch","line":43,"loc":{"start":{"line":43,"column":12},"end":{"line":43,"column":80}},"locations":[{"start":{"line":43,"column":12},"end":{"line":43,"column":80}}]},"13":{"type":"branch","line":51,"loc":{"start":{"line":51,"column":12},"end":{"line":58,"column":5}},"locations":[{"start":{"line":51,"column":12},"end":{"line":58,"column":5}}]},"14":{"type":"branch","line":57,"loc":{"start":{"line":57,"column":11},"end":{"line":57,"column":63}},"locations":[{"start":{"line":57,"column":11},"end":{"line":57,"column":63}}]},"15":{"type":"branch","line":60,"loc":{"start":{"line":60,"column":41},"end":{"line":60,"column":63}},"locations":[{"start":{"line":60,"column":41},"end":{"line":60,"column":63}}]}},"b":{"0":[15],"1":[5],"2":[3],"3":[3],"4":[4],"5":[4],"6":[0],"7":[0],"8":[4],"9":[4],"10":[0],"11":[1],"12":[0],"13":[5],"14":[5],"15":[1]},"fnMap":{"0":{"name":"useTaskSync","decl":{"start":{"line":15,"column":7},"end":{"line":61,"column":1}},"loc":{"start":{"line":15,"column":7},"end":{"line":61,"column":1}},"line":15},"1":{"name":"readTask","decl":{"start":{"line":26,"column":18},"end":{"line":27,"column":80}},"loc":{"start":{"line":26,"column":18},"end":{"line":27,"column":80}},"line":26},"2":{"name":"writeTask","decl":{"start":{"line":28,"column":19},"end":{"line":33,"column":13}},"loc":{"start":{"line":28,"column":19},"end":{"line":33,"column":13}},"line":28},"3":{"name":"dropTask","decl":{"start":{"line":34,"column":18},"end":{"line":37,"column":12}},"loc":{"start":{"line":34,"column":18},"end":{"line":37,"column":12}},"line":34},"4":{"name":"onFailure","decl":{"start":{"line":38,"column":19},"end":{"line":44,"column":10}},"loc":{"start":{"line":38,"column":19},"end":{"line":44,"column":10}},"line":38},"5":{"name":"onOnline","decl":{"start":{"line":52,"column":21},"end":{"line":55,"column":5}},"loc":{"start":{"line":52,"column":21},"end":{"line":55,"column":5}},"line":52},"6":{"name":"dismissNotice","decl":{"start":{"line":60,"column":41},"end":{"line":60,"column":63}},"loc":{"start":{"line":60,"column":41},"end":{"line":60,"column":63}},"line":60}},"f":{"0":15,"1":3,"2":4,"3":0,"4":1,"5":0,"6":1}}
,"/Users/home/task-board-assignment/src/hooks/useTasksQuery.ts": {"path":"/Users/home/task-board-assignment/src/hooks/useTasksQuery.ts","all":false,"statementMap":{"0":{"start":{"line":1,"column":0},"end":{"line":1,"column":48}},"1":{"start":{"line":2,"column":0},"end":{"line":2,"column":40}},"2":{"start":{"line":3,"column":0},"end":{"line":3,"column":0}},"3":{"start":{"line":4,"column":0},"end":{"line":4,"column":3}},"4":{"start":{"line":5,"column":0},"end":{"line":5,"column":41}},"5":{"start":{"line":6,"column":0},"end":{"line":6,"column":55}},"6":{"start":{"line":7,"column":0},"end":{"line":7,"column":3}},"7":{"start":{"line":8,"column":0},"end":{"line":8,"column":43}},"8":{"start":{"line":9,"column":0},"end":{"line":9,"column":0}},"9":{"start":{"line":10,"column":0},"end":{"line":10,"column":33}},"10":{"start":{"line":11,"column":0},"end":{"line":11,"column":19}},"11":{"start":{"line":12,"column":0},"end":{"line":12,"column":24}},"12":{"start":{"line":13,"column":0},"end":{"line":13,"column":46}},"13":{"start":{"line":14,"column":0},"end":{"line":14,"column":4}},"14":{"start":{"line":15,"column":0},"end":{"line":15,"column":1}}},"s":{"0":1,"1":1,"2":1,"3":1,"4":1,"5":1,"6":1,"7":1,"8":1,"9":1,"10":15,"11":15,"12":15,"13":15,"14":15},"branchMap":{"0":{"type":"branch","line":10,"loc":{"start":{"line":10,"column":7},"end":{"line":15,"column":1}},"locations":[{"start":{"line":10,"column":7},"end":{"line":15,"column":1}}]},"1":{"type":"branch","line":13,"loc":{"start":{"line":13,"column":13},"end":{"line":13,"column":46}},"locations":[{"start":{"line":13,"column":13},"end":{"line":13,"column":46}}]}},"b":{"0":[15],"1":[6]},"fnMap":{"0":{"name":"useTasksQuery","decl":{"start":{"line":10,"column":7},"end":{"line":15,"column":1}},"loc":{"start":{"line":10,"column":7},"end":{"line":15,"column":1}},"line":10},"1":{"name":"queryFn","decl":{"start":{"line":13,"column":13},"end":{"line":13,"column":46}},"loc":{"start":{"line":13,"column":13},"end":{"line":13,"column":46}},"line":13}},"f":{"0":15,"1":6}}
,"/Users/home/task-board-assignment/src/lib/taskMover.ts": {"path":"/Users/home/task-board-assignment/src/lib/taskMover.ts","all":false,"statementMap":{"0":{"start":{"line":1,"column":0},"end":{"line":1,"column":44}},"1":{"start":{"line":2,"column":0},"end":{"line":2,"column":40}},"2":{"start":{"line":3,"column":0},"end":{"line":3,"column":0}},"3":{"start":{"line":4,"column":0},"end":{"line":4,"column":13}},"4":{"start":{"line":5,"column":0},"end":{"line":5,"column":47}},"5":{"start":{"line":6,"column":0},"end":{"line":6,"column":86}},"6":{"start":{"line":7,"column":0},"end":{"line":7,"column":54}},"7":{"start":{"line":8,"column":0},"end":{"line":8,"column":51}},"8":{"start":{"line":9,"column":0},"end":{"line":9,"column":19}},"9":{"start":{"line":10,"column":0},"end":{"line":10,"column":43}},"10":{"start":{"line":11,"column":0},"end":{"line":11,"column":25}},"11":{"start":{"line":12,"column":0},"end":{"line":12,"column":44}},"12":{"start":{"line":13,"column":0},"end":{"line":13,"column":43}},"13":{"start":{"line":14,"column":0},"end":{"line":14,"column":33}},"14":{"start":{"line":15,"column":0},"end":{"line":15,"column":23}},"15":{"start":{"line":16,"column":0},"end":{"line":16,"column":32}},"16":{"start":{"line":17,"column":0},"end":{"line":17,"column":5}},"17":{"start":{"line":18,"column":0},"end":{"line":18,"column":34}},"18":{"start":{"line":19,"column":0},"end":{"line":19,"column":65}},"19":{"start":{"line":20,"column":0},"end":{"line":20,"column":32}},"20":{"start":{"line":21,"column":0},"end":{"line":21,"column":5}},"21":{"start":{"line":22,"column":0},"end":{"line":22,"column":59}},"22":{"start":{"line":23,"column":0},"end":{"line":23,"column":54}},"23":{"start":{"line":24,"column":0},"end":{"line":24,"column":24}},"24":{"start":{"line":25,"column":0},"end":{"line":25,"column":70}},"25":{"start":{"line":26,"column":0},"end":{"line":26,"column":26}},"26":{"start":{"line":27,"column":0},"end":{"line":27,"column":1}},"27":{"start":{"line":28,"column":0},"end":{"line":28,"column":0}},"28":{"start":{"line":29,"column":0},"end":{"line":29,"column":18}},"29":{"start":{"line":30,"column":0},"end":{"line":30,"column":58}},"30":{"start":{"line":31,"column":0},"end":{"line":31,"column":16}},"31":{"start":{"line":32,"column":0},"end":{"line":32,"column":52}},"32":{"start":{"line":33,"column":0},"end":{"line":33,"column":33}},"33":{"start":{"line":34,"column":0},"end":{"line":34,"column":1}},"34":{"start":{"line":35,"column":0},"end":{"line":35,"column":0}},"35":{"start":{"line":36,"column":0},"end":{"line":36,"column":3}},"36":{"start":{"line":37,"column":0},"end":{"line":37,"column":49}},"37":{"start":{"line":38,"column":0},"end":{"line":38,"column":68}},"38":{"start":{"line":39,"column":0},"end":{"line":39,"column":3}},"39":{"start":{"line":40,"column":0},"end":{"line":40,"column":18}},"40":{"start":{"line":41,"column":0},"end":{"line":41,"column":73}},"41":{"start":{"line":42,"column":0},"end":{"line":42,"column":44}},"42":{"start":{"line":43,"column":0},"end":{"line":43,"column":34}},"43":{"start":{"line":44,"column":0},"end":{"line":44,"column":0}},"44":{"start":{"line":45,"column":0},"end":{"line":45,"column":68}},"45":{"start":{"line":46,"column":0},"end":{"line":46,"column":27}},"46":{"start":{"line":47,"column":0},"end":{"line":47,"column":61}},"47":{"start":{"line":48,"column":0},"end":{"line":48,"column":55}},"48":{"start":{"line":49,"column":0},"end":{"line":49,"column":53}},"49":{"start":{"line":50,"column":0},"end":{"line":50,"column":53}},"50":{"start":{"line":51,"column":0},"end":{"line":51,"column":0}},"51":{"start":{"line":52,"column":0},"end":{"line":52,"column":3}},"52":{"start":{"line":53,"column":0},"end":{"line":53,"column":53}},"53":{"start":{"line":54,"column":0},"end":{"line":54,"column":58}},"54":{"start":{"line":55,"column":0},"end":{"line":55,"column":45}},"55":{"start":{"line":56,"column":0},"end":{"line":56,"column":3}},"56":{"start":{"line":57,"column":0},"end":{"line":57,"column":34}},"57":{"start":{"line":58,"column":0},"end":{"line":58,"column":0}},"58":{"start":{"line":59,"column":0},"end":{"line":59,"column":31}},"59":{"start":{"line":60,"column":0},"end":{"line":60,"column":31}},"60":{"start":{"line":61,"column":0},"end":{"line":61,"column":1}},"61":{"start":{"line":62,"column":0},"end":{"line":62,"column":0}},"62":{"start":{"line":63,"column":0},"end":{"line":63,"column":45}},"63":{"start":{"line":64,"column":0},"end":{"line":64,"column":52}},"64":{"start":{"line":65,"column":0},"end":{"line":65,"column":83}},"65":{"start":{"line":66,"column":0},"end":{"line":66,"column":1}},"66":{"start":{"line":67,"column":0},"end":{"line":67,"column":0}},"67":{"start":{"line":68,"column":0},"end":{"line":68,"column":3}},"68":{"start":{"line":69,"column":0},"end":{"line":69,"column":18}},"69":{"start":{"line":70,"column":0},"end":{"line":70,"column":54}},"70":{"start":{"line":71,"column":0},"end":{"line":71,"column":61}},"71":{"start":{"line":72,"column":0},"end":{"line":72,"column":42}},"72":{"start":{"line":73,"column":0},"end":{"line":73,"column":52}},"73":{"start":{"line":74,"column":0},"end":{"line":74,"column":50}},"74":{"start":{"line":75,"column":0},"end":{"line":75,"column":40}},"75":{"start":{"line":76,"column":0},"end":{"line":76,"column":3}},"76":{"start":{"line":77,"column":0},"end":{"line":77,"column":49}},"77":{"start":{"line":78,"column":0},"end":{"line":78,"column":0}},"78":{"start":{"line":79,"column":0},"end":{"line":79,"column":33}},"79":{"start":{"line":80,"column":0},"end":{"line":80,"column":12}},"80":{"start":{"line":81,"column":0},"end":{"line":81,"column":11}},"81":{"start":{"line":82,"column":0},"end":{"line":82,"column":13}},"82":{"start":{"line":83,"column":0},"end":{"line":83,"column":11}},"83":{"start":{"line":84,"column":0},"end":{"line":84,"column":12}},"84":{"start":{"line":85,"column":0},"end":{"line":85,"column":11}},"85":{"start":{"line":86,"column":0},"end":{"line":86,"column":12}},"86":{"start":{"line":87,"column":0},"end":{"line":87,"column":37}},"87":{"start":{"line":88,"column":0},"end":{"line":88,"column":80}},"88":{"start":{"line":89,"column":0},"end":{"line":89,"column":10}},"89":{"start":{"line":90,"column":0},"end":{"line":90,"column":47}},"90":{"start":{"line":91,"column":0},"end":{"line":91,"column":65}},"91":{"start":{"line":92,"column":0},"end":{"line":92,"column":35}},"92":{"start":{"line":93,"column":0},"end":{"line":93,"column":51}},"93":{"start":{"line":94,"column":0},"end":{"line":94,"column":47}},"94":{"start":{"line":95,"column":0},"end":{"line":95,"column":0}},"95":{"start":{"line":96,"column":0},"end":{"line":96,"column":68}},"96":{"start":{"line":97,"column":0},"end":{"line":97,"column":35}},"97":{"start":{"line":98,"column":0},"end":{"line":98,"column":64}},"98":{"start":{"line":99,"column":0},"end":{"line":99,"column":25}},"99":{"start":{"line":100,"column":0},"end":{"line":100,"column":31}},"100":{"start":{"line":101,"column":0},"end":{"line":101,"column":30}},"101":{"start":{"line":102,"column":0},"end":{"line":102,"column":41}},"102":{"start":{"line":103,"column":0},"end":{"line":103,"column":29}},"103":{"start":{"line":104,"column":0},"end":{"line":104,"column":16}},"104":{"start":{"line":105,"column":0},"end":{"line":105,"column":9}},"105":{"start":{"line":106,"column":0},"end":{"line":106,"column":30}},"106":{"start":{"line":107,"column":0},"end":{"line":107,"column":48}},"107":{"start":{"line":108,"column":0},"end":{"line":108,"column":46}},"108":{"start":{"line":109,"column":0},"end":{"line":109,"column":54}},"109":{"start":{"line":110,"column":0},"end":{"line":110,"column":38}},"110":{"start":{"line":111,"column":0},"end":{"line":111,"column":32}},"111":{"start":{"line":112,"column":0},"end":{"line":112,"column":27}},"112":{"start":{"line":113,"column":0},"end":{"line":113,"column":16}},"113":{"start":{"line":114,"column":0},"end":{"line":114,"column":27}},"114":{"start":{"line":115,"column":0},"end":{"line":115,"column":29}},"115":{"start":{"line":116,"column":0},"end":{"line":116,"column":9}},"116":{"start":{"line":117,"column":0},"end":{"line":117,"column":8}},"117":{"start":{"line":118,"column":0},"end":{"line":118,"column":32}},"118":{"start":{"line":119,"column":0},"end":{"line":119,"column":24}},"119":{"start":{"line":120,"column":0},"end":{"line":120,"column":55}},"120":{"start":{"line":121,"column":0},"end":{"line":121,"column":65}},"121":{"start":{"line":122,"column":0},"end":{"line":122,"column":23}},"122":{"start":{"line":123,"column":0},"end":{"line":123,"column":23}},"123":{"start":{"line":124,"column":0},"end":{"line":124,"column":53}},"124":{"start":{"line":125,"column":0},"end":{"line":125,"column":51}},"125":{"start":{"line":126,"column":0},"end":{"line":126,"column":29}},"126":{"start":{"line":127,"column":0},"end":{"line":127,"column":84}},"127":{"start":{"line":128,"column":0},"end":{"line":128,"column":16}},"128":{"start":{"line":129,"column":0},"end":{"line":129,"column":9}},"129":{"start":{"line":130,"column":0},"end":{"line":130,"column":43}},"130":{"start":{"line":131,"column":0},"end":{"line":131,"column":78}},"131":{"start":{"line":132,"column":0},"end":{"line":132,"column":16}},"132":{"start":{"line":133,"column":0},"end":{"line":133,"column":9}},"133":{"start":{"line":134,"column":0},"end":{"line":134,"column":62}},"134":{"start":{"line":135,"column":0},"end":{"line":135,"column":55}},"135":{"start":{"line":136,"column":0},"end":{"line":136,"column":27}},"136":{"start":{"line":137,"column":0},"end":{"line":137,"column":85}},"137":{"start":{"line":138,"column":0},"end":{"line":138,"column":65}},"138":{"start":{"line":139,"column":0},"end":{"line":139,"column":82}},"139":{"start":{"line":140,"column":0},"end":{"line":140,"column":8}},"140":{"start":{"line":141,"column":0},"end":{"line":141,"column":3}},"141":{"start":{"line":142,"column":0},"end":{"line":142,"column":0}},"142":{"start":{"line":143,"column":0},"end":{"line":143,"column":80}},"143":{"start":{"line":144,"column":0},"end":{"line":144,"column":53}},"144":{"start":{"line":145,"column":0},"end":{"line":145,"column":52}},"145":{"start":{"line":146,"column":0},"end":{"line":146,"column":30}},"146":{"start":{"line":147,"column":0},"end":{"line":147,"column":22}},"147":{"start":{"line":148,"column":0},"end":{"line":148,"column":34}},"148":{"start":{"line":149,"column":0},"end":{"line":149,"column":57}},"149":{"start":{"line":150,"column":0},"end":{"line":150,"column":46}},"150":{"start":{"line":151,"column":0},"end":{"line":151,"column":0}},"151":{"start":{"line":152,"column":0},"end":{"line":152,"column":50}},"152":{"start":{"line":153,"column":0},"end":{"line":153,"column":46}},"153":{"start":{"line":154,"column":0},"end":{"line":154,"column":0}},"154":{"start":{"line":155,"column":0},"end":{"line":155,"column":22}},"155":{"start":{"line":156,"column":0},"end":{"line":156,"column":51}},"156":{"start":{"line":157,"column":0},"end":{"line":157,"column":59}},"157":{"start":{"line":158,"column":0},"end":{"line":158,"column":47}},"158":{"start":{"line":159,"column":0},"end":{"line":159,"column":84}},"159":{"start":{"line":160,"column":0},"end":{"line":160,"colu
[...]
lumn":13},"end":{"line":219,"column":7}}]},"54":{"type":"branch","line":212,"loc":{"start":{"line":212,"column":42},"end":{"line":215,"column":9}},"locations":[{"start":{"line":212,"column":42},"end":{"line":215,"column":9}}]},"55":{"type":"branch","line":218,"loc":{"start":{"line":218,"column":45},"end":{"line":218,"column":70}},"locations":[{"start":{"line":218,"column":45},"end":{"line":218,"column":70}}]},"56":{"type":"branch","line":228,"loc":{"start":{"line":228,"column":2},"end":{"line":242,"column":3}},"locations":[{"start":{"line":228,"column":2},"end":{"line":242,"column":3}}]},"57":{"type":"branch","line":229,"loc":{"start":{"line":229,"column":22},"end":{"line":229,"column":52}},"locations":[{"start":{"line":229,"column":22},"end":{"line":229,"column":52}}]},"58":{"type":"branch","line":229,"loc":{"start":{"line":229,"column":22},"end":{"line":231,"column":25}},"locations":[{"start":{"line":229,"column":22},"end":{"line":231,"column":25}}]},"59":{"type":"branch","line":231,"loc":{"start":{"line":231,"column":19},"end":{"line":231,"column":25}},"locations":[{"start":{"line":231,"column":19},"end":{"line":231,"column":25}}]},"60":{"type":"branch","line":231,"loc":{"start":{"line":231,"column":19},"end":{"line":233,"column":21}},"locations":[{"start":{"line":231,"column":19},"end":{"line":233,"column":21}}]},"61":{"type":"branch","line":233,"loc":{"start":{"line":233,"column":21},"end":{"line":238,"column":5}},"locations":[{"start":{"line":233,"column":21},"end":{"line":238,"column":5}}]},"62":{"type":"branch","line":238,"loc":{"start":{"line":238,"column":4},"end":{"line":241,"column":31}},"locations":[{"start":{"line":238,"column":4},"end":{"line":241,"column":31}}]},"63":{"type":"branch","line":244,"loc":{"start":{"line":244,"column":2},"end":{"line":259,"column":3}},"locations":[{"start":{"line":244,"column":2},"end":{"line":259,"column":3}}]},"64":{"type":"branch","line":246,"loc":{"start":{"line":246,"column":12},"end":{"line":248,"column":7}},"locations":[{"start":{"line":246,"column":12},"end":{"line":248,"column":7}}]},"65":{"type":"branch","line":249,"loc":{"start":{"line":249,"column":13},"end":{"line":258,"column":7}},"locations":[{"start":{"line":249,"column":13},"end":{"line":258,"column":7}}]},"66":{"type":"branch","line":250,"loc":{"start":{"line":250,"column":42},"end":{"line":253,"column":9}},"locations":[{"start":{"line":250,"column":42},"end":{"line":253,"column":9}}]},"67":{"type":"branch","line":257,"loc":{"start":{"line":257,"column":45},"end":{"line":257,"column":70}},"locations":[{"start":{"line":257,"column":45},"end":{"line":257,"column":70}}]},"68":{"type":"branch","line":262,"loc":{"start":{"line":262,"column":2},"end":{"line":280,"column":3}},"locations":[{"start":{"line":262,"column":2},"end":{"line":280,"column":3}}]},"69":{"type":"branch","line":265,"loc":{"start":{"line":265,"column":33},"end":{"line":279,"column":5}},"locations":[{"start":{"line":265,"column":33},"end":{"line":279,"column":5}}]},"70":{"type":"branch","line":266,"loc":{"start":{"line":266,"column":25},"end":{"line":266,"column":53}},"locations":[{"start":{"line":266,"column":25},"end":{"line":266,"column":53}}]},"71":{"type":"branch","line":266,"loc":{"start":{"line":266,"column":53},"end":{"line":276,"column":17}},"locations":[{"start":{"line":266,"column":53},"end":{"line":276,"column":17}}]},"72":{"type":"branch","line":269,"loc":{"start":{"line":269,"column":25},"end":{"line":272,"column":19}},"locations":[{"start":{"line":269,"column":25},"end":{"line":272,"column":19}}]},"73":{"type":"branch","line":272,"loc":{"start":{"line":272,"column":8},"end":{"line":275,"column":9}},"locations":[{"start":{"line":272,"column":8},"end":{"line":275,"column":9}}]},"74":{"type":"branch","line":276,"loc":{"start":{"line":276,"column":6},"end":{"line":278,"column":27}},"locations":[{"start":{"line":276,"column":6},"end":{"line":278,"column":27}}]},"75":{"type":"branch","line":276,"loc":{"start":{"line":276,"column":42},"end":{"line":276,"column":71}},"locations":[{"start":{"line":276,"column":42},"end":{"line":276,"column":71}}]},"76":{"type":"branch","line":276,"loc":{"start":{"line":276,"column":70},"end":{"line":278,"column":27}},"locations":[{"start":{"line":276,"column":70},"end":{"line":278,"column":27}}]},"77":{"type":"branch","line":277,"loc":{"start":{"line":277,"column":40},"end":{"line":278,"column":27}},"locations":[{"start":{"line":277,"column":40},"end":{"line":278,"column":27}}]},"78":{"type":"branch","line":283,"loc":{"start":{"line":283,"column":2},"end":{"line":290,"column":3}},"locations":[{"start":{"line":283,"column":2},"end":{"line":290,"column":3}}]},"79":{"type":"branch","line":284,"loc":{"start":{"line":284,"column":41},"end":{"line":288,"column":5}},"locations":[{"start":{"line":284,"column":41},"end":{"line":288,"column":5}}]},"80":{"type":"branch","line":285,"loc":{"start":{"line":285,"column":43},"end":{"line":285,"column":75}},"locations":[{"start":{"line":285,"column":43},"end":{"line":285,"column":75}}]},"81":{"type":"branch","line":285,"loc":{"start":{"line":285,"column":75},"end":{"line":287,"column":7}},"locations":[{"start":{"line":285,"column":75},"end":{"line":287,"column":7}}]},"82":{"type":"branch","line":293,"loc":{"start":{"line":293,"column":2},"end":{"line":306,"column":3}},"locations":[{"start":{"line":293,"column":2},"end":{"line":306,"column":3}}]},"83":{"type":"branch","line":294,"loc":{"start":{"line":294,"column":36},"end":{"line":305,"column":5}},"locations":[{"start":{"line":294,"column":36},"end":{"line":305,"column":5}}]},"84":{"type":"branch","line":296,"loc":{"start":{"line":296,"column":8},"end":{"line":296,"column":110}},"locations":[{"start":{"line":296,"column":8},"end":{"line":296,"column":110}}]},"85":{"type":"branch","line":296,"loc":{"start":{"line":296,"column":52},"end":{"line":296,"column":72}},"locations":[{"start":{"line":296,"column":52},"end":{"line":296,"column":72}}]},"86":{"type":"branch","line":296,"loc":{"start":{"line":296,"column":92},"end":{"line":296,"column":109}},"locations":[{"start":{"line":296,"column":92},"end":{"line":296,"column":109}}]},"87":{"type":"branch","line":296,"loc":{"start":{"line":296,"column":109},"end":{"line":298,"column":35}},"locations":[{"start":{"line":296,"column":109},"end":{"line":298,"column":35}}]},"88":{"type":"branch","line":298,"loc":{"start":{"line":298,"column":26},"end":{"line":298,"column":45}},"locations":[{"start":{"line":298,"column":26},"end":{"line":298,"column":45}}]},"89":{"type":"branch","line":299,"loc":{"start":{"line":299,"column":35},"end":{"line":299,"column":99}},"locations":[{"start":{"line":299,"column":35},"end":{"line":299,"column":99}}]},"90":{"type":"branch","line":299,"loc":{"start":{"line":299,"column":81},"end":{"line":299,"column":98}},"locations":[{"start":{"line":299,"column":81},"end":{"line":299,"column":98}}]},"91":{"type":"branch","line":299,"loc":{"start":{"line":299,"column":98},"end":{"line":301,"column":31}},"locations":[{"start":{"line":299,"column":98},"end":{"line":301,"column":31}}]},"92":{"type":"branch","line":301,"loc":{"start":{"line":301,"column":26},"end":{"line":301,"column":52}},"locations":[{"start":{"line":301,"column":26},"end":{"line":301,"column":52}}]},"93":{"type":"branch","line":303,"loc":{"start":{"line":303,"column":8},"end":{"line":304,"column":52}},"locations":[{"start":{"line":303,"column":8},"end":{"line":304,"column":52}}]},"94":{"type":"branch","line":303,"loc":{"start":{"line":303,"column":70},"end":{"line":303,"column":88}},"locations":[{"start":{"line":303,"column":70},"end":{"line":303,"column":88}}]},"95":{"type":"branch","line":303,"loc":{"start":{"line":303,"column":112},"end":{"line":304,"column":52}},"locations":[{"start":{"line":303,"column":112},"end":{"line":304,"column":52}}]}},"b":{"0":[54],"1":[39],"2":[40],"3":[46],"4":[44],"5":[0],"6":[42],"7":[14],"8":[0],"9":[5],"10":[9],"11":[21],"12":[19],"13":[2],"14":[19],"15":[2],"16":[0],"17":[19],"18":[20],"19":[5],"20":[14],"21":[0],"22":[14],"23":[14],"24":[0],"25":[5],"26":[48],"27":[2],"28":[46],"29":[1],"30":[45],"31":[39],"32":[3],"33":[42],"34":[6],"35":[1],"36":[1],"37":[5],"38":[1],"39":[1],"40":[5],"41":[36],"42":[6],"43":[30],"44":[36],"45":[6],"46":[8],"47":[4],"48":[0],"49":[1],"50":[0],"51":[4],"52":[1],"53":[2],"54":[0],"55":[0],"56":[6],"57":[1],"58":[5],"59":[0],"60":[5],"61":[1],"62":[4],"63":[4],"64":[1],"65":[2],"66":[0],"67":[0],"68":[11],"69":[10],"70":[8],"71":[3],"72":[1],"73":[2],"74":[7],"75":[5],"76":[2],"77":[1],"78":[2],"79":[3],"80":[1],"81":[1],"82":[2],"83":[5],"84":[1],"85":[0],"86":[0],"87":[4],"88":[0],"89":[1],"90":[0],"91":[3],"92":[2],"93":[2],"94":[0],"95":[1]},"fnMap":{"0":{"name":"isTempId","decl":{"start":{"line":59,"column":0},"end":{"line":61,"column":1}},"loc":{"start":{"line":59,"column":0},"end":{"line":61,"column":1}},"line":59},"1":{"name":"isNoop","decl":{"start":{"line":64,"column":0},"end":{"line":66,"column":1}},"loc":{"start":{"line":64,"column":0},"end":{"line":66,"column":1}},"line":64},"2":{"name":"createTaskMover","decl":{"start":{"line":79,"column":7},"end":{"line":309,"column":1}},"loc":{"start":{"line":79,"column":7},"end":{"line":309,"column":1}},"line":79},"3":{"name":"isOnline","decl":{"start":{"line":88,"column":13},"end":{"line":88,"column":80}},"loc":{"start":{"line":88,"column":13},"end":{"line":88,"column":80}},"line":88},"4":{"name":"send","decl":{"start":{"line":96,"column":2},"end":{"line":141,"column":3}},"loc":{"start":{"line":96,"column":2},"end":{"line":141,"column":3}},"line":96},"5":{"name":"update","decl":{"start":{"line":144,"column":2},"end":{"line":174,"column":3}},"loc":{"start":{"line":144,"column":2},"end":{"line":174,"column":3}},"line":144},"6":{"name":"move","decl":{"start":{"line":176,"column":2},"end":{"line":178,"column":3}},"loc":{"start":{"line":176,"column":2},"end":{"line":178,"column":3}},"line":176},"7":{"name":"createKey","decl":{"start":{"line":182,"column":20},"end":{"line":182,"column":79}},"loc":{"start":{"line":182,"column":20},"end":{"line":182,"column":79}},"line":182},"8":{"name":"create","decl":{"start":{"line":184,"column":2},"end":{"line":203,"column":3}},"loc":{"start":{"line":184,"column":2},"end":{"line":203,"column":3}},"line":184},"9":{"name":"sendCreate","decl":{"start":{"line":205,"column":2},"end":{"line":220,"column":3}},"loc":{"start":{"line":205,"column":2},"end":{"line":220,"column":3}},"line":205},"10":{"name":"remove","decl":{"start":{"line":228,"column":2},"end":{"line":242,"column":3}},"loc":{"start":{"line":228,"column":2},"end":{"line":242,"column":3}},"line":228},"11":{"name":"sendRemove","decl":{"start":{"line":244,"column":2},"end":{"line":259,"column":3}},"loc":{"start":{"line":244,"column":2},"end":{"line":259,"column":3}},"line":244},"12":{"name":"retryFailed","decl":{"start":{"line":262,"column":2},"end":{"line":280,"column":3}},"loc":{"start":{"line":262,"column":2},"end":{"line":280,"column":3}},"line":262},"13":{"name":"discardFailed","decl":{"start":{"line":283,"column":2},"end":{"line":290,"column":3}},"loc":{"start":{"line":283,"column":2},"end":{"line":290,"column":3}},"line":283},"14":{"name":"getFailed","decl":{"start":{"line":293,"column":2},"end":{"line":306,"column":3}},"loc":{"start":{"line":293,"column":2},"end":{"line":306,"column":3}},"line":293}},"f":{"0":54,"1":39,"2":46,"3":44,"4":42,"5":48,"6":36,"7":6,"8":8,"9":4,"10":6,"11":4,"12":11,"13":2,"14":2}}
,"/Users/home/task-board-assignment/src/lib/tasks.ts": {"path":"/Users/home/task-board-assignment/src/lib/tasks.ts","all":false,"statementMap":{"0":{"start":{"line":1,"column":0},"end":{"line":1,"column":54}},"1":{"start":{"line":2,"column":0},"end":{"line":2,"column":0}},"2":{"start":{"line":3,"column":0},"end":{"line":3,"column":3}},"3":{"start":{"line":4,"column":0},"end":{"line":4,"column":51}},"4":{"start":{"line":5,"column":0},"end":{"line":5,"column":25}},"5":{"start":{"line":6,"column":0},"end":{"line":6,"column":3}},"6":{"start":{"line":7,"column":0},"end":{"line":7,"column":77}},"7":{"start":{"line":8,"column":0},"end":{"line":8,"column":63}},"8":{"start":{"line":9,"column":0},"end":{"line":9,"column":1}},"9":{"start":{"line":10,"column":0},"end":{"line":10,"column":0}},"10":{"start":{"line":11,"column":0},"end":{"line":11,"column":69}},"11":{"start":{"line":12,"column":0},"end":{"line":12,"column":38}},"12":{"start":{"line":13,"column":0},"end":{"line":13,"column":22}},"13":{"start":{"line":14,"column":0},"end":{"line":14,"column":63}},"14":{"start":{"line":15,"column":0},"end":{"line":15,"column":1}},"15":{"start":{"line":16,"column":0},"end":{"line":16,"column":0}},"16":{"start":{"line":17,"column":0},"end":{"line":17,"column":85}},"17":{"start":{"line":18,"column":0},"end":{"line":18,"column":38}},"18":{"start":{"line":19,"column":0},"end":{"line":19,"column":53}},"19":{"start":{"line":20,"column":0},"end":{"line":20,"column":1}},"20":{"start":{"line":21,"column":0},"end":{"line":21,"column":0}},"21":{"start":{"line":22,"column":0},"end":{"line":22,"column":30}},"22":{"start":{"line":23,"column":0},"end":{"line":23,"column":28}},"23":{"start":{"line":24,"column":0},"end":{"line":24,"column":16}},"24":{"start":{"line":25,"column":0},"end":{"line":25,"column":51}},"25":{"start":{"line":26,"column":0},"end":{"line":26,"column":11}},"26":{"start":{"line":27,"column":0},"end":{"line":27,"column":68}},"27":{"start":{"line":28,"column":0},"end":{"line":28,"column":1}},"28":{"start":{"line":29,"column":0},"end":{"line":29,"column":0}},"29":{"start":{"line":30,"column":0},"end":{"line":30,"column":33}},"30":{"start":{"line":31,"column":0},"end":{"line":31,"column":70}},"31":{"start":{"line":32,"column":0},"end":{"line":32,"column":79}},"32":{"start":{"line":33,"column":0},"end":{"line":33,"column":46}},"33":{"start":{"line":34,"column":0},"end":{"line":34,"column":12}},"34":{"start":{"line":35,"column":0},"end":{"line":35,"column":1}}},"s":{"0":1,"1":1,"2":1,"3":1,"4":1,"5":1,"6":1,"7":2,"8":2,"9":1,"10":1,"11":17,"12":17,"13":2,"14":2,"15":1,"16":1,"17":17,"18":3,"19":3,"20":1,"21":1,"22":1,"23":15,"24":15,"25":15,"26":15,"27":15,"28":1,"29":1,"30":1,"31":15,"32":15,"33":15,"34":15},"branchMap":{"0":{"type":"branch","line":7,"loc":{"start":{"line":7,"column":7},"end":{"line":9,"column":1}},"locations":[{"start":{"line":7,"column":7},"end":{"line":9,"column":1}}]},"1":{"type":"branch","line":8,"loc":{"start":{"line":8,"column":19},"end":{"line":8,"column":62}},"locations":[{"start":{"line":8,"column":19},"end":{"line":8,"column":62}}]},"2":{"type":"branch","line":8,"loc":{"start":{"line":8,"column":36},"end":{"line":8,"column":60}},"locations":[{"start":{"line":8,"column":36},"end":{"line":8,"column":60}}]},"3":{"type":"branch","line":8,"loc":{"start":{"line":8,"column":56},"end":{"line":8,"column":62}},"locations":[{"start":{"line":8,"column":56},"end":{"line":8,"column":62}}]},"4":{"type":"branch","line":11,"loc":{"start":{"line":11,"column":7},"end":{"line":15,"column":1}},"locations":[{"start":{"line":11,"column":7},"end":{"line":15,"column":1}}]},"5":{"type":"branch","line":13,"loc":{"start":{"line":13,"column":10},"end":{"line":15,"column":1}},"locations":[{"start":{"line":13,"column":10},"end":{"line":15,"column":1}}]},"6":{"type":"branch","line":13,"loc":{"start":{"line":13,"column":17},"end":{"line":15,"column":1}},"locations":[{"start":{"line":13,"column":17},"end":{"line":15,"column":1}}]},"7":{"type":"branch","line":14,"loc":{"start":{"line":14,"column":22},"end":{"line":14,"column":62}},"locations":[{"start":{"line":14,"column":22},"end":{"line":14,"column":62}}]},"8":{"type":"branch","line":17,"loc":{"start":{"line":17,"column":7},"end":{"line":20,"column":1}},"locations":[{"start":{"line":17,"column":7},"end":{"line":20,"column":1}}]},"9":{"type":"branch","line":18,"loc":{"start":{"line":18,"column":26},"end":{"line":18,"column":38}},"locations":[{"start":{"line":18,"column":26},"end":{"line":18,"column":38}}]},"10":{"type":"branch","line":18,"loc":{"start":{"line":18,"column":33},"end":{"line":20,"column":1}},"locations":[{"start":{"line":18,"column":33},"end":{"line":20,"column":1}}]},"11":{"type":"branch","line":19,"loc":{"start":{"line":19,"column":22},"end":{"line":19,"column":52}},"locations":[{"start":{"line":19,"column":22},"end":{"line":19,"column":52}}]},"12":{"type":"branch","line":23,"loc":{"start":{"line":23,"column":7},"end":{"line":28,"column":1}},"locations":[{"start":{"line":23,"column":7},"end":{"line":28,"column":1}}]},"13":{"type":"branch","line":31,"loc":{"start":{"line":31,"column":7},"end":{"line":35,"column":1}},"locations":[{"start":{"line":31,"column":7},"end":{"line":35,"column":1}}]},"14":{"type":"branch","line":33,"loc":{"start":{"line":33,"column":25},"end":{"line":33,"column":46}},"locations":[{"start":{"line":33,"column":25},"end":{"line":33,"column":46}}]}},"b":{"0":[2],"1":[3],"2":[2],"3":[1],"4":[17],"5":[15],"6":[2],"7":[5],"8":[17],"9":[14],"10":[3],"11":[8],"12":[15],"13":[15],"14":[13]},"fnMap":{"0":{"name":"moveTask","decl":{"start":{"line":7,"column":7},"end":{"line":9,"column":1}},"loc":{"start":{"line":7,"column":7},"end":{"line":9,"column":1}},"line":7},"1":{"name":"filterByTitle","decl":{"start":{"line":11,"column":7},"end":{"line":15,"column":1}},"loc":{"start":{"line":11,"column":7},"end":{"line":15,"column":1}},"line":11},"2":{"name":"filterByPriority","decl":{"start":{"line":17,"column":7},"end":{"line":20,"column":1}},"loc":{"start":{"line":17,"column":7},"end":{"line":20,"column":1}},"line":17},"3":{"name":"filterTasks","decl":{"start":{"line":23,"column":7},"end":{"line":28,"column":1}},"loc":{"start":{"line":23,"column":7},"end":{"line":28,"column":1}},"line":23},"4":{"name":"groupByStatus","decl":{"start":{"line":31,"column":7},"end":{"line":35,"column":1}},"loc":{"start":{"line":31,"column":7},"end":{"line":35,"column":1}},"line":31}},"f":{"0":2,"1":17,"2":17,"3":15,"4":15}}
,"/Users/home/task-board-assignment/src/lib/useDebouncedValue.ts": {"path":"/Users/home/task-board-assignment/src/lib/useDebouncedValue.ts","all":false,"statementMap":{"0":{"start":{"line":1,"column":0},"end":{"line":1,"column":43}},"1":{"start":{"line":2,"column":0},"end":{"line":2,"column":0}},"2":{"start":{"line":3,"column":0},"end":{"line":3,"column":46}},"3":{"start":{"line":4,"column":0},"end":{"line":4,"column":66}},"4":{"start":{"line":5,"column":0},"end":{"line":5,"column":51}},"5":{"start":{"line":6,"column":0},"end":{"line":6,"column":0}},"6":{"start":{"line":7,"column":0},"end":{"line":7,"column":19}},"7":{"start":{"line":8,"column":0},"end":{"line":8,"column":71}},"8":{"start":{"line":9,"column":0},"end":{"line":9,"column":43}},"9":{"start":{"line":10,"column":0},"end":{"line":10,"column":22}},"10":{"start":{"line":11,"column":0},"end":{"line":11,"column":0}},"11":{"start":{"line":12,"column":0},"end":{"line":12,"column":18}},"12":{"start":{"line":13,"column":0},"end":{"line":13,"column":1}}},"s":{"0":1,"1":1,"2":1,"3":1,"4":21,"5":21,"6":21,"7":10,"8":10,"9":21,"10":21,"11":21,"12":21},"branchMap":{"0":{"type":"branch","line":4,"loc":{"start":{"line":4,"column":7},"end":{"line":13,"column":1}},"locations":[{"start":{"line":4,"column":7},"end":{"line":13,"column":1}}]},"1":{"type":"branch","line":7,"loc":{"start":{"line":7,"column":12},"end":{"line":10,"column":5}},"locations":[{"start":{"line":7,"column":12},"end":{"line":10,"column":5}}]},"2":{"type":"branch","line":8,"loc":{"start":{"line":8,"column":36},"end":{"line":8,"column":63}},"locations":[{"start":{"line":8,"column":36},"end":{"line":8,"column":63}}]},"3":{"type":"branch","line":9,"loc":{"start":{"line":9,"column":11},"end":{"line":9,"column":43}},"locations":[{"start":{"line":9,"column":11},"end":{"line":9,"column":43}}]}},"b":{"0":[21],"1":[10],"2":[2],"3":[10]},"fnMap":{"0":{"name":"useDebouncedValue","decl":{"start":{"line":4,"column":7},"end":{"line":13,"column":1}},"loc":{"start":{"line":4,"column":7},"end":{"line":13,"column":1}},"line":4}},"f":{"0":21}}
}
